
*** Running vivado
    with args -log mb_usb_hdmi_top.vds -m64 -product Vivado -mode batch -messageDb vivado.pb -notrace -source mb_usb_hdmi_top.tcl



****** Vivado v2024.1 (64-bit)
  **** SW Build 5076996 on Wed May 22 18:37:14 MDT 2024
  **** IP Build 5075265 on Wed May 22 21:45:21 MDT 2024
  **** SharedData Build 5076995 on Wed May 22 18:29:18 MDT 2024
  **** Start of session at: Fri Jul 26 05:15:14 2024
    ** Copyright 1986-2022 Xilinx, Inc. All Rights Reserved.
    ** Copyright 2022-2024 Advanced Micro Devices, Inc. All Rights Reserved.

source mb_usb_hdmi_top.tcl -notrace
create_project: Time (s): cpu = 00:00:05 ; elapsed = 00:00:06 . Memory (MB): peak = 501.012 ; gain = 199.879
INFO: [IP_Flow 19-234] Refreshing IP repositories
INFO: [IP_Flow 19-1700] Loaded user IP repository 'c:/Users/wht20/Desktop/ece385/lab6/ip_repo/hdmi_text_controller_1_0'.
INFO: [IP_Flow 19-1700] Loaded user IP repository 'c:/Users/wht20/Desktop/ece385/lab5/lab5_2/hdmi_tx_1.0'.
INFO: [IP_Flow 19-2313] Loaded Vivado IP repository 'D:/Vivado/2024.1/data/ip'.
Command: read_checkpoint -auto_incremental -incremental C:/Users/wht20/Desktop/ece385/lab6/Soc_graphics/Soc_graphics.srcs/utils_1/imports/synth_1/mb_usb_hdmi_top.dcp
INFO: [Vivado 12-5825] Read reference checkpoint from C:/Users/wht20/Desktop/ece385/lab6/Soc_graphics/Soc_graphics.srcs/utils_1/imports/synth_1/mb_usb_hdmi_top.dcp for incremental synthesis
INFO: [Vivado 12-7989] Please ensure there are no constraint changes
Command: synth_design -top mb_usb_hdmi_top -part xc7s50csga324-1
Starting synth_design
Attempting to get a license for feature 'Synthesis' and/or device 'xc7s50'
INFO: [Common 17-349] Got license for feature 'Synthesis' and/or device 'xc7s50'
INFO: [Device 21-403] Loading part xc7s50csga324-1
INFO: [Device 21-9227] Part: xc7s50csga324-1 does not have CEAM library.
INFO: [Designutils 20-5440] No compile time benefit to using incremental synthesis; A full resynthesis will be run
INFO: [Designutils 20-4379] Flow is switching to default flow due to incremental criteria not met. If you would like to alter this behaviour and have the flow terminate instead, please set the following parameter config_implementation {autoIncr.Synth.RejectBehavior Terminate}
INFO: [Synth 8-7079] Multithreading enabled for synth_design using a maximum of 2 processes.
INFO: [Synth 8-7078] Launching helper process for spawning children vivado processes
INFO: [Synth 8-7075] Helper process launched with PID 27240
---------------------------------------------------------------------------------
Starting RTL Elaboration : Time (s): cpu = 00:00:03 ; elapsed = 00:00:03 . Memory (MB): peak = 1386.605 ; gain = 447.805
---------------------------------------------------------------------------------
INFO: [Synth 8-6157] synthesizing module 'mb_usb_hdmi_top' [C:/Users/wht20/Desktop/ece385/lab6/Soc_graphics/Soc_graphics.srcs/sources_1/imports/lab6/mb_usb_hdmi_top.sv:14]
INFO: [Synth 8-6157] synthesizing module 'mb_block' [c:/Users/wht20/Desktop/ece385/lab6/Soc_graphics/Soc_graphics.gen/sources_1/bd/mb_block/synth/mb_block.v:423]
INFO: [Synth 8-6157] synthesizing module 'mb_block_axi_uartlite_0_0' [C:/Users/wht20/Desktop/ece385/lab6/Soc_graphics/Soc_graphics.runs/synth_1/.Xil/Vivado-19252-wht/realtime/mb_block_axi_uartlite_0_0_stub.v:6]
INFO: [Synth 8-6155] done synthesizing module 'mb_block_axi_uartlite_0_0' (0#1) [C:/Users/wht20/Desktop/ece385/lab6/Soc_graphics/Soc_graphics.runs/synth_1/.Xil/Vivado-19252-wht/realtime/mb_block_axi_uartlite_0_0_stub.v:6]
INFO: [Synth 8-6157] synthesizing module 'mb_block_clk_wiz_1_0' [C:/Users/wht20/Desktop/ece385/lab6/Soc_graphics/Soc_graphics.runs/synth_1/.Xil/Vivado-19252-wht/realtime/mb_block_clk_wiz_1_0_stub.v:6]
INFO: [Synth 8-6155] done synthesizing module 'mb_block_clk_wiz_1_0' (0#1) [C:/Users/wht20/Desktop/ece385/lab6/Soc_graphics/Soc_graphics.runs/synth_1/.Xil/Vivado-19252-wht/realtime/mb_block_clk_wiz_1_0_stub.v:6]
INFO: [Synth 8-6157] synthesizing module 'mb_block_hdmi_text_controller_0_0' [C:/Users/wht20/Desktop/ece385/lab6/Soc_graphics/Soc_graphics.runs/synth_1/.Xil/Vivado-19252-wht/realtime/mb_block_hdmi_text_controller_0_0_stub.v:6]
INFO: [Synth 8-6155] done synthesizing module 'mb_block_hdmi_text_controller_0_0' (0#1) [C:/Users/wht20/Desktop/ece385/lab6/Soc_graphics/Soc_graphics.runs/synth_1/.Xil/Vivado-19252-wht/realtime/mb_block_hdmi_text_controller_0_0_stub.v:6]
INFO: [Synth 8-6157] synthesizing module 'mb_block_mdm_1_0' [C:/Users/wht20/Desktop/ece385/lab6/Soc_graphics/Soc_graphics.runs/synth_1/.Xil/Vivado-19252-wht/realtime/mb_block_mdm_1_0_stub.v:6]
INFO: [Synth 8-6155] done synthesizing module 'mb_block_mdm_1_0' (0#1) [C:/Users/wht20/Desktop/ece385/lab6/Soc_graphics/Soc_graphics.runs/synth_1/.Xil/Vivado-19252-wht/realtime/mb_block_mdm_1_0_stub.v:6]
INFO: [Synth 8-6157] synthesizing module 'mb_block_microblaze_0_1' [C:/Users/wht20/Desktop/ece385/lab6/Soc_graphics/Soc_graphics.runs/synth_1/.Xil/Vivado-19252-wht/realtime/mb_block_microblaze_0_1_stub.v:6]
INFO: [Synth 8-6155] done synthesizing module 'mb_block_microblaze_0_1' (0#1) [C:/Users/wht20/Desktop/ece385/lab6/Soc_graphics/Soc_graphics.runs/synth_1/.Xil/Vivado-19252-wht/realtime/mb_block_microblaze_0_1_stub.v:6]
INFO: [Synth 8-6157] synthesizing module 'mb_block_microblaze_0_axi_intc_0' [C:/Users/wht20/Desktop/ece385/lab6/Soc_graphics/Soc_graphics.runs/synth_1/.Xil/Vivado-19252-wht/realtime/mb_block_microblaze_0_axi_intc_0_stub.v:6]
INFO: [Synth 8-6155] done synthesizing module 'mb_block_microblaze_0_axi_intc_0' (0#1) [C:/Users/wht20/Desktop/ece385/lab6/Soc_graphics/Soc_graphics.runs/synth_1/.Xil/Vivado-19252-wht/realtime/mb_block_microblaze_0_axi_intc_0_stub.v:6]
INFO: [Synth 8-6157] synthesizing module 'mb_block_microblaze_0_axi_periph_0' [c:/Users/wht20/Desktop/ece385/lab6/Soc_graphics/Soc_graphics.gen/sources_1/bd/mb_block/synth/mb_block.v:831]
INFO: [Synth 8-6157] synthesizing module 'm00_couplers_imp_1TK4492' [c:/Users/wht20/Desktop/ece385/lab6/Soc_graphics/Soc_graphics.gen/sources_1/bd/mb_block/synth/mb_block.v:13]
INFO: [Synth 8-6155] done synthesizing module 'm00_couplers_imp_1TK4492' (0#1) [c:/Users/wht20/Desktop/ece385/lab6/Soc_graphics/Soc_graphics.gen/sources_1/bd/mb_block/synth/mb_block.v:13]
INFO: [Synth 8-6157] synthesizing module 'm01_couplers_imp_UT2LJ' [c:/Users/wht20/Desktop/ece385/lab6/Soc_graphics/Soc_graphics.gen/sources_1/bd/mb_block/synth/mb_block.v:145]
INFO: [Synth 8-6155] done synthesizing module 'm01_couplers_imp_UT2LJ' (0#1) [c:/Users/wht20/Desktop/ece385/lab6/Soc_graphics/Soc_graphics.gen/sources_1/bd/mb_block/synth/mb_block.v:145]
INFO: [Synth 8-6157] synthesizing module 'm02_couplers_imp_1ST4AV9' [c:/Users/wht20/Desktop/ece385/lab6/Soc_graphics/Soc_graphics.gen/sources_1/bd/mb_block/synth/mb_block.v:277]
INFO: [Synth 8-6155] done synthesizing module 'm02_couplers_imp_1ST4AV9' (0#1) [c:/Users/wht20/Desktop/ece385/lab6/Soc_graphics/Soc_graphics.gen/sources_1/bd/mb_block/synth/mb_block.v:277]
INFO: [Synth 8-6157] synthesizing module 's00_couplers_imp_5YIJ0K' [c:/Users/wht20/Desktop/ece385/lab6/Soc_graphics/Soc_graphics.gen/sources_1/bd/mb_block/synth/mb_block.v:1661]
INFO: [Synth 8-6155] done synthesizing module 's00_couplers_imp_5YIJ0K' (0#1) [c:/Users/wht20/Desktop/ece385/lab6/Soc_graphics/Soc_graphics.gen/sources_1/bd/mb_block/synth/mb_block.v:1661]
INFO: [Synth 8-6157] synthesizing module 'mb_block_xbar_0' [C:/Users/wht20/Desktop/ece385/lab6/Soc_graphics/Soc_graphics.runs/synth_1/.Xil/Vivado-19252-wht/realtime/mb_block_xbar_0_stub.v:6]
INFO: [Synth 8-6155] done synthesizing module 'mb_block_xbar_0' (0#1) [C:/Users/wht20/Desktop/ece385/lab6/Soc_graphics/Soc_graphics.runs/synth_1/.Xil/Vivado-19252-wht/realtime/mb_block_xbar_0_stub.v:6]
INFO: [Synth 8-6155] done synthesizing module 'mb_block_microblaze_0_axi_periph_0' (0#1) [c:/Users/wht20/Desktop/ece385/lab6/Soc_graphics/Soc_graphics.gen/sources_1/bd/mb_block/synth/mb_block.v:831]
INFO: [Synth 8-6157] synthesizing module 'microblaze_0_local_memory_imp_G5BFEQ' [c:/Users/wht20/Desktop/ece385/lab6/Soc_graphics/Soc_graphics.gen/sources_1/bd/mb_block/synth/mb_block.v:1427]
INFO: [Synth 8-6157] synthesizing module 'mb_block_dlmb_bram_if_cntlr_0' [C:/Users/wht20/Desktop/ece385/lab6/Soc_graphics/Soc_graphics.runs/synth_1/.Xil/Vivado-19252-wht/realtime/mb_block_dlmb_bram_if_cntlr_0_stub.v:6]
INFO: [Synth 8-6155] done synthesizing module 'mb_block_dlmb_bram_if_cntlr_0' (0#1) [C:/Users/wht20/Desktop/ece385/lab6/Soc_graphics/Soc_graphics.runs/synth_1/.Xil/Vivado-19252-wht/realtime/mb_block_dlmb_bram_if_cntlr_0_stub.v:6]
INFO: [Synth 8-6157] synthesizing module 'mb_block_dlmb_v10_0' [C:/Users/wht20/Desktop/ece385/lab6/Soc_graphics/Soc_graphics.runs/synth_1/.Xil/Vivado-19252-wht/realtime/mb_block_dlmb_v10_0_stub.v:6]
INFO: [Synth 8-6155] done synthesizing module 'mb_block_dlmb_v10_0' (0#1) [C:/Users/wht20/Desktop/ece385/lab6/Soc_graphics/Soc_graphics.runs/synth_1/.Xil/Vivado-19252-wht/realtime/mb_block_dlmb_v10_0_stub.v:6]
WARNING: [Synth 8-7071] port 'LMB_Rst' of module 'mb_block_dlmb_v10_0' is unconnected for instance 'dlmb_v10' [c:/Users/wht20/Desktop/ece385/lab6/Soc_graphics/Soc_graphics.gen/sources_1/bd/mb_block/synth/mb_block.v:1573]
WARNING: [Synth 8-7023] instance 'dlmb_v10' of module 'mb_block_dlmb_v10_0' has 25 connections declared, but only 24 given [c:/Users/wht20/Desktop/ece385/lab6/Soc_graphics/Soc_graphics.gen/sources_1/bd/mb_block/synth/mb_block.v:1573]
INFO: [Synth 8-6157] synthesizing module 'mb_block_ilmb_bram_if_cntlr_0' [C:/Users/wht20/Desktop/ece385/lab6/Soc_graphics/Soc_graphics.runs/synth_1/.Xil/Vivado-19252-wht/realtime/mb_block_ilmb_bram_if_cntlr_0_stub.v:6]
INFO: [Synth 8-6155] done synthesizing module 'mb_block_ilmb_bram_if_cntlr_0' (0#1) [C:/Users/wht20/Desktop/ece385/lab6/Soc_graphics/Soc_graphics.runs/synth_1/.Xil/Vivado-19252-wht/realtime/mb_block_ilmb_bram_if_cntlr_0_stub.v:6]
INFO: [Synth 8-6157] synthesizing module 'mb_block_ilmb_v10_0' [C:/Users/wht20/Desktop/ece385/lab6/Soc_graphics/Soc_graphics.runs/synth_1/.Xil/Vivado-19252-wht/realtime/mb_block_ilmb_v10_0_stub.v:6]
INFO: [Synth 8-6155] done synthesizing module 'mb_block_ilmb_v10_0' (0#1) [C:/Users/wht20/Desktop/ece385/lab6/Soc_graphics/Soc_graphics.runs/synth_1/.Xil/Vivado-19252-wht/realtime/mb_block_ilmb_v10_0_stub.v:6]
WARNING: [Synth 8-7071] port 'LMB_Rst' of module 'mb_block_ilmb_v10_0' is unconnected for instance 'ilmb_v10' [c:/Users/wht20/Desktop/ece385/lab6/Soc_graphics/Soc_graphics.gen/sources_1/bd/mb_block/synth/mb_block.v:1619]
WARNING: [Synth 8-7023] instance 'ilmb_v10' of module 'mb_block_ilmb_v10_0' has 25 connections declared, but only 24 given [c:/Users/wht20/Desktop/ece385/lab6/Soc_graphics/Soc_graphics.gen/sources_1/bd/mb_block/synth/mb_block.v:1619]
INFO: [Synth 8-6157] synthesizing module 'mb_block_lmb_bram_0' [C:/Users/wht20/Desktop/ece385/lab6/Soc_graphics/Soc_graphics.runs/synth_1/.Xil/Vivado-19252-wht/realtime/mb_block_lmb_bram_0_stub.v:6]
INFO: [Synth 8-6155] done synthesizing module 'mb_block_lmb_bram_0' (0#1) [C:/Users/wht20/Desktop/ece385/lab6/Soc_graphics/Soc_graphics.runs/synth_1/.Xil/Vivado-19252-wht/realtime/mb_block_lmb_bram_0_stub.v:6]
WARNING: [Synth 8-7071] port 'rsta_busy' of module 'mb_block_lmb_bram_0' is unconnected for instance 'lmb_bram' [c:/Users/wht20/Desktop/ece385/lab6/Soc_graphics/Soc_graphics.gen/sources_1/bd/mb_block/synth/mb_block.v:1644]
WARNING: [Synth 8-7071] port 'rstb_busy' of module 'mb_block_lmb_bram_0' is unconnected for instance 'lmb_bram' [c:/Users/wht20/Desktop/ece385/lab6/Soc_graphics/Soc_graphics.gen/sources_1/bd/mb_block/synth/mb_block.v:1644]
WARNING: [Synth 8-7023] instance 'lmb_bram' of module 'mb_block_lmb_bram_0' has 16 connections declared, but only 14 given [c:/Users/wht20/Desktop/ece385/lab6/Soc_graphics/Soc_graphics.gen/sources_1/bd/mb_block/synth/mb_block.v:1644]
INFO: [Synth 8-6155] done synthesizing module 'microblaze_0_local_memory_imp_G5BFEQ' (0#1) [c:/Users/wht20/Desktop/ece385/lab6/Soc_graphics/Soc_graphics.gen/sources_1/bd/mb_block/synth/mb_block.v:1427]
INFO: [Synth 8-6157] synthesizing module 'mb_block_rst_clk_wiz_1_100M_0' [C:/Users/wht20/Desktop/ece385/lab6/Soc_graphics/Soc_graphics.runs/synth_1/.Xil/Vivado-19252-wht/realtime/mb_block_rst_clk_wiz_1_100M_0_stub.v:6]
INFO: [Synth 8-6155] done synthesizing module 'mb_block_rst_clk_wiz_1_100M_0' (0#1) [C:/Users/wht20/Desktop/ece385/lab6/Soc_graphics/Soc_graphics.runs/synth_1/.Xil/Vivado-19252-wht/realtime/mb_block_rst_clk_wiz_1_100M_0_stub.v:6]
WARNING: [Synth 8-7071] port 'peripheral_reset' of module 'mb_block_rst_clk_wiz_1_100M_0' is unconnected for instance 'rst_clk_wiz_1_100M' [c:/Users/wht20/Desktop/ece385/lab6/Soc_graphics/Soc_graphics.gen/sources_1/bd/mb_block/synth/mb_block.v:820]
WARNING: [Synth 8-7071] port 'interconnect_aresetn' of module 'mb_block_rst_clk_wiz_1_100M_0' is unconnected for instance 'rst_clk_wiz_1_100M' [c:/Users/wht20/Desktop/ece385/lab6/Soc_graphics/Soc_graphics.gen/sources_1/bd/mb_block/synth/mb_block.v:820]
WARNING: [Synth 8-7023] instance 'rst_clk_wiz_1_100M' of module 'mb_block_rst_clk_wiz_1_100M_0' has 10 connections declared, but only 8 given [c:/Users/wht20/Desktop/ece385/lab6/Soc_graphics/Soc_graphics.gen/sources_1/bd/mb_block/synth/mb_block.v:820]
INFO: [Synth 8-6155] done synthesizing module 'mb_block' (0#1) [c:/Users/wht20/Desktop/ece385/lab6/Soc_graphics/Soc_graphics.gen/sources_1/bd/mb_block/synth/mb_block.v:423]
INFO: [Synth 8-6155] done synthesizing module 'mb_usb_hdmi_top' (0#1) [C:/Users/wht20/Desktop/ece385/lab6/Soc_graphics/Soc_graphics.srcs/sources_1/imports/lab6/mb_usb_hdmi_top.sv:14]
WARNING: [Synth 8-7129] Port M_ACLK in module s00_couplers_imp_5YIJ0K is either unconnected or has no load
WARNING: [Synth 8-7129] Port M_ARESETN in module s00_couplers_imp_5YIJ0K is either unconnected or has no load
WARNING: [Synth 8-7129] Port S_ACLK in module s00_couplers_imp_5YIJ0K is either unconnected or has no load
WARNING: [Synth 8-7129] Port S_ARESETN in module s00_couplers_imp_5YIJ0K is either unconnected or has no load
WARNING: [Synth 8-7129] Port M_ACLK in module m02_couplers_imp_1ST4AV9 is either unconnected or has no load
WARNING: [Synth 8-7129] Port M_ARESETN in module m02_couplers_imp_1ST4AV9 is either unconnected or has no load
WARNING: [Synth 8-7129] Port S_ACLK in module m02_couplers_imp_1ST4AV9 is either unconnected or has no load
WARNING: [Synth 8-7129] Port S_ARESETN in module m02_couplers_imp_1ST4AV9 is either unconnected or has no load
WARNING: [Synth 8-7129] Port M_ACLK in module m01_couplers_imp_UT2LJ is either unconnected or has no load
WARNING: [Synth 8-7129] Port M_ARESETN in module m01_couplers_imp_UT2LJ is either unconnected or has no load
WARNING: [Synth 8-7129] Port S_ACLK in module m01_couplers_imp_UT2LJ is either unconnected or has no load
WARNING: [Synth 8-7129] Port S_ARESETN in module m01_couplers_imp_UT2LJ is either unconnected or has no load
WARNING: [Synth 8-7129] Port M_ACLK in module m00_couplers_imp_1TK4492 is either unconnected or has no load
WARNING: [Synth 8-7129] Port M_ARESETN in module m00_couplers_imp_1TK4492 is either unconnected or has no load
WARNING: [Synth 8-7129] Port S_ACLK in module m00_couplers_imp_1TK4492 is either unconnected or has no load
WARNING: [Synth 8-7129] Port S_ARESETN in module m00_couplers_imp_1TK4492 is either unconnected or has no load
WARNING: [Synth 8-7129] Port M00_ACLK in module mb_block_microblaze_0_axi_periph_0 is either unconnected or has no load
WARNING: [Synth 8-7129] Port M00_ARESETN in module mb_block_microblaze_0_axi_periph_0 is either unconnected or has no load
WARNING: [Synth 8-7129] Port M01_ACLK in module mb_block_microblaze_0_axi_periph_0 is either unconnected or has no load
WARNING: [Synth 8-7129] Port M01_ARESETN in module mb_block_microblaze_0_axi_periph_0 is either unconnected or has no load
WARNING: [Synth 8-7129] Port M02_ACLK in module mb_block_microblaze_0_axi_periph_0 is either unconnected or has no load
WARNING: [Synth 8-7129] Port M02_ARESETN in module mb_block_microblaze_0_axi_periph_0 is either unconnected or has no load
WARNING: [Synth 8-7129] Port S00_ACLK in module mb_block_microblaze_0_axi_periph_0 is either unconnected or has no load
WARNING: [Synth 8-7129] Port S00_ARESETN in module mb_block_microblaze_0_axi_periph_0 is either unconnected or has no load
---------------------------------------------------------------------------------
Finished RTL Elaboration : Time (s): cpu = 00:00:04 ; elapsed = 00:00:05 . Memory (MB): peak = 1503.688 ; gain = 564.887
---------------------------------------------------------------------------------
---------------------------------------------------------------------------------
Start Handling Custom Attributes
---------------------------------------------------------------------------------
---------------------------------------------------------------------------------
Finished Handling Custom Attributes : Time (s): cpu = 00:00:04 ; elapsed = 00:00:05 . Memory (MB): peak = 1503.688 ; gain = 564.887
---------------------------------------------------------------------------------
---------------------------------------------------------------------------------
Finished RTL Optimization Phase 1 : Time (s): cpu = 00:00:04 ; elapsed = 00:00:05 . Memory (MB): peak = 1503.688 ; gain = 564.887
---------------------------------------------------------------------------------
Netlist sorting complete. Time (s): cpu = 00:00:00 ; elapsed = 00:00:00.019 . Memory (MB): peak = 1503.688 ; gain = 0.000
INFO: [Project 1-570] Preparing netlist for logic optimization

Processing XDC Constraints
Initializing timing engine
Parsing XDC File [c:/Users/wht20/Desktop/ece385/lab6/Soc_graphics/Soc_graphics.gen/sources_1/bd/mb_block/ip/mb_block_microblaze_0_1/mb_block_microblaze_0_1/mb_block_microblaze_0_1_in_context.xdc] for cell 'mb_block_i/microblaze_0'
Finished Parsing XDC File [c:/Users/wht20/Desktop/ece385/lab6/Soc_graphics/Soc_graphics.gen/sources_1/bd/mb_block/ip/mb_block_microblaze_0_1/mb_block_microblaze_0_1/mb_block_microblaze_0_1_in_context.xdc] for cell 'mb_block_i/microblaze_0'
Parsing XDC File [c:/Users/wht20/Desktop/ece385/lab6/Soc_graphics/Soc_graphics.gen/sources_1/bd/mb_block/ip/mb_block_dlmb_v10_0/mb_block_dlmb_v10_0/mb_block_dlmb_v10_0_in_context.xdc] for cell 'mb_block_i/microblaze_0_local_memory/dlmb_v10'
Finished Parsing XDC File [c:/Users/wht20/Desktop/ece385/lab6/Soc_graphics/Soc_graphics.gen/sources_1/bd/mb_block/ip/mb_block_dlmb_v10_0/mb_block_dlmb_v10_0/mb_block_dlmb_v10_0_in_context.xdc] for cell 'mb_block_i/microblaze_0_local_memory/dlmb_v10'
Parsing XDC File [c:/Users/wht20/Desktop/ece385/lab6/Soc_graphics/Soc_graphics.gen/sources_1/bd/mb_block/ip/mb_block_ilmb_v10_0/mb_block_ilmb_v10_0/mb_block_dlmb_v10_0_in_context.xdc] for cell 'mb_block_i/microblaze_0_local_memory/ilmb_v10'
Finished Parsing XDC File [c:/Users/wht20/Desktop/ece385/lab6/Soc_graphics/Soc_graphics.gen/sources_1/bd/mb_block/ip/mb_block_ilmb_v10_0/mb_block_ilmb_v10_0/mb_block_dlmb_v10_0_in_context.xdc] for cell 'mb_block_i/microblaze_0_local_memory/ilmb_v10'
Parsing XDC File [c:/Users/wht20/Desktop/ece385/lab6/Soc_graphics/Soc_graphics.gen/sources_1/bd/mb_block/ip/mb_block_dlmb_bram_if_cntlr_0/mb_block_dlmb_bram_if_cntlr_0/mb_block_dlmb_bram_if_cntlr_0_in_context.xdc] for cell 'mb_block_i/microblaze_0_local_memory/dlmb_bram_if_cntlr'
Finished Parsing XDC File [c:/Users/wht20/Desktop/ece385/lab6/Soc_graphics/Soc_graphics.gen/sources_1/bd/mb_block/ip/mb_block_dlmb_bram_if_cntlr_0/mb_block_dlmb_bram_if_cntlr_0/mb_block_dlmb_bram_if_cntlr_0_in_context.xdc] for cell 'mb_block_i/microblaze_0_local_memory/dlmb_bram_if_cntlr'
Parsing XDC File [c:/Users/wht20/Desktop/ece385/lab6/Soc_graphics/Soc_graphics.gen/sources_1/bd/mb_block/ip/mb_block_ilmb_bram_if_cntlr_0/mb_block_ilmb_bram_if_cntlr_0/mb_block_ilmb_bram_if_cntlr_0_in_context.xdc] for cell 'mb_block_i/microblaze_0_local_memory/ilmb_bram_if_cntlr'
Finished Parsing XDC File [c:/Users/wht20/Desktop/ece385/lab6/Soc_graphics/Soc_graphics.gen/sources_1/bd/mb_block/ip/mb_block_ilmb_bram_if_cntlr_0/mb_block_ilmb_bram_if_cntlr_0/mb_block_ilmb_bram_if_cntlr_0_in_context.xdc] for cell 'mb_block_i/microblaze_0_local_memory/ilmb_bram_if_cntlr'
Parsing XDC File [c:/Users/wht20/Desktop/ece385/lab6/Soc_graphics/Soc_graphics.gen/sources_1/bd/mb_block/ip/mb_block_lmb_bram_0/mb_block_lmb_bram_0/mb_block_lmb_bram_0_in_context.xdc] for cell 'mb_block_i/microblaze_0_local_memory/lmb_bram'
Finished Parsing XDC File [c:/Users/wht20/Desktop/ece385/lab6/Soc_graphics/Soc_graphics.gen/sources_1/bd/mb_block/ip/mb_block_lmb_bram_0/mb_block_lmb_bram_0/mb_block_lmb_bram_0_in_context.xdc] for cell 'mb_block_i/microblaze_0_local_memory/lmb_bram'
Parsing XDC File [c:/Users/wht20/Desktop/ece385/lab6/Soc_graphics/Soc_graphics.gen/sources_1/bd/mb_block/ip/mb_block_xbar_0/mb_block_xbar_0/mb_block_xbar_0_in_context.xdc] for cell 'mb_block_i/microblaze_0_axi_periph/xbar'
Finished Parsing XDC File [c:/Users/wht20/Desktop/ece385/lab6/Soc_graphics/Soc_graphics.gen/sources_1/bd/mb_block/ip/mb_block_xbar_0/mb_block_xbar_0/mb_block_xbar_0_in_context.xdc] for cell 'mb_block_i/microblaze_0_axi_periph/xbar'
Parsing XDC File [c:/Users/wht20/Desktop/ece385/lab6/Soc_graphics/Soc_graphics.gen/sources_1/bd/mb_block/ip/mb_block_microblaze_0_axi_intc_0/mb_block_microblaze_0_axi_intc_0/mb_block_microblaze_0_axi_intc_0_in_context.xdc] for cell 'mb_block_i/microblaze_0_axi_intc'
Finished Parsing XDC File [c:/Users/wht20/Desktop/ece385/lab6/Soc_graphics/Soc_graphics.gen/sources_1/bd/mb_block/ip/mb_block_microblaze_0_axi_intc_0/mb_block_microblaze_0_axi_intc_0/mb_block_microblaze_0_axi_intc_0_in_context.xdc] for cell 'mb_block_i/microblaze_0_axi_intc'
Parsing XDC File [c:/Users/wht20/Desktop/ece385/lab6/Soc_graphics/Soc_graphics.gen/sources_1/bd/mb_block/ip/mb_block_mdm_1_0/mb_block_mdm_1_0/mb_block_mdm_1_0_in_context.xdc] for cell 'mb_block_i/mdm_1'
Finished Parsing XDC File [c:/Users/wht20/Desktop/ece385/lab6/Soc_graphics/Soc_graphics.gen/sources_1/bd/mb_block/ip/mb_block_mdm_1_0/mb_block_mdm_1_0/mb_block_mdm_1_0_in_context.xdc] for cell 'mb_block_i/mdm_1'
Parsing XDC File [c:/Users/wht20/Desktop/ece385/lab6/Soc_graphics/Soc_graphics.gen/sources_1/bd/mb_block/ip/mb_block_clk_wiz_1_0/mb_block_clk_wiz_1_0/mb_block_clk_wiz_1_0_in_context.xdc] for cell 'mb_block_i/clk_wiz_1'
Finished Parsing XDC File [c:/Users/wht20/Desktop/ece385/lab6/Soc_graphics/Soc_graphics.gen/sources_1/bd/mb_block/ip/mb_block_clk_wiz_1_0/mb_block_clk_wiz_1_0/mb_block_clk_wiz_1_0_in_context.xdc] for cell 'mb_block_i/clk_wiz_1'
Parsing XDC File [c:/Users/wht20/Desktop/ece385/lab6/Soc_graphics/Soc_graphics.gen/sources_1/bd/mb_block/ip/mb_block_rst_clk_wiz_1_100M_0/mb_block_rst_clk_wiz_1_100M_0/mb_block_rst_clk_wiz_1_100M_0_in_context.xdc] for cell 'mb_block_i/rst_clk_wiz_1_100M'
Finished Parsing XDC File [c:/Users/wht20/Desktop/ece385/lab6/Soc_graphics/Soc_graphics.gen/sources_1/bd/mb_block/ip/mb_block_rst_clk_wiz_1_100M_0/mb_block_rst_clk_wiz_1_100M_0/mb_block_rst_clk_wiz_1_100M_0_in_context.xdc] for cell 'mb_block_i/rst_clk_wiz_1_100M'
Parsing XDC File [c:/Users/wht20/Desktop/ece385/lab6/Soc_graphics/Soc_graphics.gen/sources_1/bd/mb_block/ip/mb_block_axi_uartlite_0_0/mb_block_axi_uartlite_0_0/mb_block_axi_uartlite_0_0_in_context.xdc] for cell 'mb_block_i/axi_uartlite_0'
Finished Parsing XDC File [c:/Users/wht20/Desktop/ece385/lab6/Soc_graphics/Soc_graphics.gen/sources_1/bd/mb_block/ip/mb_block_axi_uartlite_0_0/mb_block_axi_uartlite_0_0/mb_block_axi_uartlite_0_0_in_context.xdc] for cell 'mb_block_i/axi_uartlite_0'
Parsing XDC File [c:/Users/wht20/Desktop/ece385/lab6/Soc_graphics/Soc_graphics.gen/sources_1/bd/mb_block/ip/mb_block_hdmi_text_controller_0_0/mb_block_hdmi_text_controller_0_0/mb_block_hdmi_text_controller_0_0_in_context.xdc] for cell 'mb_block_i/hdmi_text_controller_0'
Finished Parsing XDC File [c:/Users/wht20/Desktop/ece385/lab6/Soc_graphics/Soc_graphics.gen/sources_1/bd/mb_block/ip/mb_block_hdmi_text_controller_0_0/mb_block_hdmi_text_controller_0_0/mb_block_hdmi_text_controller_0_0_in_context.xdc] for cell 'mb_block_i/hdmi_text_controller_0'
Parsing XDC File [C:/Users/wht20/Desktop/ece385/lab6/Soc_graphics/Soc_graphics.srcs/constrs_1/imports/lab6/mb_usb_hdmi_top.xdc]
CRITICAL WARNING: [Constraints 18-1056] Clock 'clk_100' completely overrides clock 'Clk'.
New: create_clock -period 10.000 -name clk_100 -waveform {0.000 5.000} [get_ports Clk], [C:/Users/wht20/Desktop/ece385/lab6/Soc_graphics/Soc_graphics.srcs/constrs_1/imports/lab6/mb_usb_hdmi_top.xdc:1]
Previous: create_clock -period 10.000 [get_ports Clk], [c:/Users/wht20/Desktop/ece385/lab6/Soc_graphics/Soc_graphics.gen/sources_1/bd/mb_block/ip/mb_block_clk_wiz_1_0/mb_block_clk_wiz_1_0/mb_block_clk_wiz_1_0_in_context.xdc:1]
Resolution: Review the constraint files and remove the redundant clock definition(s). If the clock constraints are not saved in a file, you can first save the constraints to an XDC file and reload the design once the constraints have been corrected.
Finished Parsing XDC File [C:/Users/wht20/Desktop/ece385/lab6/Soc_graphics/Soc_graphics.srcs/constrs_1/imports/lab6/mb_usb_hdmi_top.xdc]
INFO: [Project 1-236] Implementation specific constraints were found while reading constraint file [C:/Users/wht20/Desktop/ece385/lab6/Soc_graphics/Soc_graphics.srcs/constrs_1/imports/lab6/mb_usb_hdmi_top.xdc]. These constraints will be ignored for synthesis but will be used in implementation. Impacted constraints are listed in the file [.Xil/mb_usb_hdmi_top_propImpl.xdc].
Resolution: To avoid this warning, move constraints listed in [.Xil/mb_usb_hdmi_top_propImpl.xdc] to another XDC file and exclude this new file from synthesis with the used_in_synthesis property (File Properties dialog in GUI) and re-run elaboration/synthesis.
Parsing XDC File [C:/Users/wht20/Desktop/ece385/lab6/Soc_graphics/Soc_graphics.runs/synth_1/dont_touch.xdc]
Finished Parsing XDC File [C:/Users/wht20/Desktop/ece385/lab6/Soc_graphics/Soc_graphics.runs/synth_1/dont_touch.xdc]
Completed Processing XDC Constraints

Netlist sorting complete. Time (s): cpu = 00:00:00 ; elapsed = 00:00:00 . Memory (MB): peak = 1515.465 ; gain = 0.000
INFO: [Project 1-111] Unisim Transformation Summary:
No Unisim elements were transformed.

Constraint Validation Runtime : Time (s): cpu = 00:00:00 ; elapsed = 00:00:00.004 . Memory (MB): peak = 1515.465 ; gain = 0.000
WARNING: [Timing 38-316] Clock period '20.000' specified during out-of-context synthesis of instance 'mb_block_i/microblaze_0_local_memory/lmb_bram' at clock pin 'clka' is different from the actual clock period '10.000', this can lead to different synthesis results.
INFO: [Designutils 20-5440] No compile time benefit to using incremental synthesis; A full resynthesis will be run
INFO: [Designutils 20-4379] Flow is switching to default flow due to incremental criteria not met. If you would like to alter this behaviour and have the flow terminate instead, please set the following parameter config_implementation {autoIncr.Synth.RejectBehavior Terminate}
---------------------------------------------------------------------------------
Finished Constraint Validation : Time (s): cpu = 00:00:09 ; elapsed = 00:00:10 . Memory (MB): peak = 1515.484 ; gain = 576.684
---------------------------------------------------------------------------------
---------------------------------------------------------------------------------
Start Loading Part and Timing Information
---------------------------------------------------------------------------------
Loading part: xc7s50csga324-1
---------------------------------------------------------------------------------
Finished Loading Part and Timing Information : Time (s): cpu = 00:00:09 ; elapsed = 00:00:10 . Memory (MB): peak = 1515.484 ; gain = 576.684
---------------------------------------------------------------------------------
---------------------------------------------------------------------------------
Start Applying 'set_property' XDC Constraints
---------------------------------------------------------------------------------
Applied set_property IO_BUFFER_TYPE = NONE for Clk. (constraint file  c:/Users/wht20/Desktop/ece385/lab6/Soc_graphics/Soc_graphics.gen/sources_1/bd/mb_block/ip/mb_block_clk_wiz_1_0/mb_block_clk_wiz_1_0/mb_block_clk_wiz_1_0_in_context.xdc, line 3).
Applied set_property CLOCK_BUFFER_TYPE = NONE for Clk. (constraint file  c:/Users/wht20/Desktop/ece385/lab6/Soc_graphics/Soc_graphics.gen/sources_1/bd/mb_block/ip/mb_block_clk_wiz_1_0/mb_block_clk_wiz_1_0/mb_block_clk_wiz_1_0_in_context.xdc, line 4).
Applied set_property IO_BUFFER_TYPE = NONE for hdmi_tmds_clk_n. (constraint file  c:/Users/wht20/Desktop/ece385/lab6/Soc_graphics/Soc_graphics.gen/sources_1/bd/mb_block/ip/mb_block_hdmi_text_controller_0_0/mb_block_hdmi_text_controller_0_0/mb_block_hdmi_text_controller_0_0_in_context.xdc, line 4).
Applied set_property CLOCK_BUFFER_TYPE = NONE for hdmi_tmds_clk_n. (constraint file  c:/Users/wht20/Desktop/ece385/lab6/Soc_graphics/Soc_graphics.gen/sources_1/bd/mb_block/ip/mb_block_hdmi_text_controller_0_0/mb_block_hdmi_text_controller_0_0/mb_block_hdmi_text_controller_0_0_in_context.xdc, line 5).
Applied set_property IO_BUFFER_TYPE = NONE for hdmi_tmds_clk_p. (constraint file  c:/Users/wht20/Desktop/ece385/lab6/Soc_graphics/Soc_graphics.gen/sources_1/bd/mb_block/ip/mb_block_hdmi_text_controller_0_0/mb_block_hdmi_text_controller_0_0/mb_block_hdmi_text_controller_0_0_in_context.xdc, line 6).
Applied set_property CLOCK_BUFFER_TYPE = NONE for hdmi_tmds_clk_p. (constraint file  c:/Users/wht20/Desktop/ece385/lab6/Soc_graphics/Soc_graphics.gen/sources_1/bd/mb_block/ip/mb_block_hdmi_text_controller_0_0/mb_block_hdmi_text_controller_0_0/mb_block_hdmi_text_controller_0_0_in_context.xdc, line 7).
Applied set_property IO_BUFFER_TYPE = NONE for hdmi_tmds_data_n[0]. (constraint file  c:/Users/wht20/Desktop/ece385/lab6/Soc_graphics/Soc_graphics.gen/sources_1/bd/mb_block/ip/mb_block_hdmi_text_controller_0_0/mb_block_hdmi_text_controller_0_0/mb_block_hdmi_text_controller_0_0_in_context.xdc, line 8).
Applied set_property CLOCK_BUFFER_TYPE = NONE for hdmi_tmds_data_n[0]. (constraint file  c:/Users/wht20/Desktop/ece385/lab6/Soc_graphics/Soc_graphics.gen/sources_1/bd/mb_block/ip/mb_block_hdmi_text_controller_0_0/mb_block_hdmi_text_controller_0_0/mb_block_hdmi_text_controller_0_0_in_context.xdc, line 9).
Applied set_property IO_BUFFER_TYPE = NONE for hdmi_tmds_data_n[1]. (constraint file  c:/Users/wht20/Desktop/ece385/lab6/Soc_graphics/Soc_graphics.gen/sources_1/bd/mb_block/ip/mb_block_hdmi_text_controller_0_0/mb_block_hdmi_text_controller_0_0/mb_block_hdmi_text_controller_0_0_in_context.xdc, line 10).
Applied set_property CLOCK_BUFFER_TYPE = NONE for hdmi_tmds_data_n[1]. (constraint file  c:/Users/wht20/Desktop/ece385/lab6/Soc_graphics/Soc_graphics.gen/sources_1/bd/mb_block/ip/mb_block_hdmi_text_controller_0_0/mb_block_hdmi_text_controller_0_0/mb_block_hdmi_text_controller_0_0_in_context.xdc, line 11).
Applied set_property IO_BUFFER_TYPE = NONE for hdmi_tmds_data_n[2]. (constraint file  c:/Users/wht20/Desktop/ece385/lab6/Soc_graphics/Soc_graphics.gen/sources_1/bd/mb_block/ip/mb_block_hdmi_text_controller_0_0/mb_block_hdmi_text_controller_0_0/mb_block_hdmi_text_controller_0_0_in_context.xdc, line 12).
Applied set_property CLOCK_BUFFER_TYPE = NONE for hdmi_tmds_data_n[2]. (constraint file  c:/Users/wht20/Desktop/ece385/lab6/Soc_graphics/Soc_graphics.gen/sources_1/bd/mb_block/ip/mb_block_hdmi_text_controller_0_0/mb_block_hdmi_text_controller_0_0/mb_block_hdmi_text_controller_0_0_in_context.xdc, line 13).
Applied set_property IO_BUFFER_TYPE = NONE for hdmi_tmds_data_p[0]. (constraint file  c:/Users/wht20/Desktop/ece385/lab6/Soc_graphics/Soc_graphics.gen/sources_1/bd/mb_block/ip/mb_block_hdmi_text_controller_0_0/mb_block_hdmi_text_controller_0_0/mb_block_hdmi_text_controller_0_0_in_context.xdc, line 14).
Applied set_property CLOCK_BUFFER_TYPE = NONE for hdmi_tmds_data_p[0]. (constraint file  c:/Users/wht20/Desktop/ece385/lab6/Soc_graphics/Soc_graphics.gen/sources_1/bd/mb_block/ip/mb_block_hdmi_text_controller_0_0/mb_block_hdmi_text_controller_0_0/mb_block_hdmi_text_controller_0_0_in_context.xdc, line 15).
Applied set_property IO_BUFFER_TYPE = NONE for hdmi_tmds_data_p[1]. (constraint file  c:/Users/wht20/Desktop/ece385/lab6/Soc_graphics/Soc_graphics.gen/sources_1/bd/mb_block/ip/mb_block_hdmi_text_controller_0_0/mb_block_hdmi_text_controller_0_0/mb_block_hdmi_text_controller_0_0_in_context.xdc, line 16).
Applied set_property CLOCK_BUFFER_TYPE = NONE for hdmi_tmds_data_p[1]. (constraint file  c:/Users/wht20/Desktop/ece385/lab6/Soc_graphics/Soc_graphics.gen/sources_1/bd/mb_block/ip/mb_block_hdmi_text_controller_0_0/mb_block_hdmi_text_controller_0_0/mb_block_hdmi_text_controller_0_0_in_context.xdc, line 17).
Applied set_property IO_BUFFER_TYPE = NONE for hdmi_tmds_data_p[2]. (constraint file  c:/Users/wht20/Desktop/ece385/lab6/Soc_graphics/Soc_graphics.gen/sources_1/bd/mb_block/ip/mb_block_hdmi_text_controller_0_0/mb_block_hdmi_text_controller_0_0/mb_block_hdmi_text_controller_0_0_in_context.xdc, line 18).
Applied set_property CLOCK_BUFFER_TYPE = NONE for hdmi_tmds_data_p[2]. (constraint file  c:/Users/wht20/Desktop/ece385/lab6/Soc_graphics/Soc_graphics.gen/sources_1/bd/mb_block/ip/mb_block_hdmi_text_controller_0_0/mb_block_hdmi_text_controller_0_0/mb_block_hdmi_text_controller_0_0_in_context.xdc, line 19).
Applied set_property KEEP_HIERARCHY = SOFT for mb_block_i. (constraint file  auto generated constraint).
Applied set_property KEEP_HIERARCHY = SOFT for mb_block_i/microblaze_0. (constraint file  auto generated constraint).
Applied set_property KEEP_HIERARCHY = SOFT for mb_block_i/microblaze_0_local_memory/dlmb_v10. (constraint file  auto generated constraint).
Applied set_property KEEP_HIERARCHY = SOFT for mb_block_i/microblaze_0_local_memory/ilmb_v10. (constraint file  auto generated constraint).
Applied set_property KEEP_HIERARCHY = SOFT for mb_block_i/microblaze_0_local_memory/dlmb_bram_if_cntlr. (constraint file  auto generated constraint).
Applied set_property KEEP_HIERARCHY = SOFT for mb_block_i/microblaze_0_local_memory/ilmb_bram_if_cntlr. (constraint file  auto generated constraint).
Applied set_property KEEP_HIERARCHY = SOFT for mb_block_i/microblaze_0_local_memory/lmb_bram. (constraint file  auto generated constraint).
Applied set_property KEEP_HIERARCHY = SOFT for mb_block_i/microblaze_0_axi_periph/xbar. (constraint file  auto generated constraint).
Applied set_property KEEP_HIERARCHY = SOFT for mb_block_i/microblaze_0_axi_periph. (constraint file  auto generated constraint).
Applied set_property KEEP_HIERARCHY = SOFT for mb_block_i/microblaze_0_axi_intc. (constraint file  auto generated constraint).
Applied set_property KEEP_HIERARCHY = SOFT for mb_block_i/mdm_1. (constraint file  auto generated constraint).
Applied set_property KEEP_HIERARCHY = SOFT for mb_block_i/clk_wiz_1. (constraint file  auto generated constraint).
Applied set_property KEEP_HIERARCHY = SOFT for mb_block_i/rst_clk_wiz_1_100M. (constraint file  auto generated constraint).
Applied set_property KEEP_HIERARCHY = SOFT for mb_block_i/axi_uartlite_0. (constraint file  auto generated constraint).
Applied set_property KEEP_HIERARCHY = SOFT for mb_block_i/hdmi_text_controller_0. (constraint file  auto generated constraint).
---------------------------------------------------------------------------------
Finished applying 'set_property' XDC Constraints : Time (s): cpu = 00:00:09 ; elapsed = 00:00:10 . Memory (MB): peak = 1515.484 ; gain = 576.684
---------------------------------------------------------------------------------
---------------------------------------------------------------------------------
Finished RTL Optimization Phase 2 : Time (s): cpu = 00:00:09 ; elapsed = 00:00:10 . Memory (MB): peak = 1515.484 ; gain = 576.684
---------------------------------------------------------------------------------
---------------------------------------------------------------------------------
Start RTL Component Statistics 
---------------------------------------------------------------------------------
Detailed RTL Component Info : 
---------------------------------------------------------------------------------
Finished RTL Component Statistics 
---------------------------------------------------------------------------------
---------------------------------------------------------------------------------
Start Part Resource Summary
---------------------------------------------------------------------------------
Part Resources:
DSPs: 120 (col length:60)
BRAMs: 150 (col length: RAMB18 60 RAMB36 30)
---------------------------------------------------------------------------------
Finished Part Resource Summary
---------------------------------------------------------------------------------
---------------------------------------------------------------------------------
Start Cross Boundary and Area Optimization
---------------------------------------------------------------------------------
WARNING: [Synth 8-7080] Parallel synthesis criteria is not met
WARNING: [Synth 8-7129] Port M00_ACLK in module mb_block_microblaze_0_axi_periph_0 is either unconnected or has no load
WARNING: [Synth 8-7129] Port M00_ARESETN in module mb_block_microblaze_0_axi_periph_0 is either unconnected or has no load
WARNING: [Synth 8-7129] Port M01_ACLK in module mb_block_microblaze_0_axi_periph_0 is either unconnected or has no load
WARNING: [Synth 8-7129] Port M01_ARESETN in module mb_block_microblaze_0_axi_periph_0 is either unconnected or has no load
WARNING: [Synth 8-7129] Port M02_ACLK in module mb_block_microblaze_0_axi_periph_0 is either unconnected or has no load
WARNING: [Synth 8-7129] Port M02_ARESETN in module mb_block_microblaze_0_axi_periph_0 is either unconnected or has no load
WARNING: [Synth 8-7129] Port S00_ACLK in module mb_block_microblaze_0_axi_periph_0 is either unconnected or has no load
WARNING: [Synth 8-7129] Port S00_ARESETN in module mb_block_microblaze_0_axi_periph_0 is either unconnected or has no load
---------------------------------------------------------------------------------
Finished Cross Boundary and Area Optimization : Time (s): cpu = 00:00:10 ; elapsed = 00:00:12 . Memory (MB): peak = 1515.484 ; gain = 576.684
---------------------------------------------------------------------------------
---------------------------------------------------------------------------------
Start Applying XDC Timing Constraints
---------------------------------------------------------------------------------
---------------------------------------------------------------------------------
Finished Applying XDC Timing Constraints : Time (s): cpu = 00:00:14 ; elapsed = 00:00:15 . Memory (MB): peak = 1515.484 ; gain = 576.684
---------------------------------------------------------------------------------
---------------------------------------------------------------------------------
Start Timing Optimization
---------------------------------------------------------------------------------
---------------------------------------------------------------------------------
Finished Timing Optimization : Time (s): cpu = 00:00:14 ; elapsed = 00:00:15 . Memory (MB): peak = 1515.484 ; gain = 576.684
---------------------------------------------------------------------------------
---------------------------------------------------------------------------------
Start Technology Mapping
---------------------------------------------------------------------------------
---------------------------------------------------------------------------------
Finished Technology Mapping : Time (s): cpu = 00:00:14 ; elapsed = 00:00:16 . Memory (MB): peak = 1515.484 ; gain = 576.684
---------------------------------------------------------------------------------
---------------------------------------------------------------------------------
Start IO Insertion
---------------------------------------------------------------------------------
---------------------------------------------------------------------------------
Start Flattening Before IO Insertion
---------------------------------------------------------------------------------
---------------------------------------------------------------------------------
Finished Flattening Before IO Insertion
---------------------------------------------------------------------------------
---------------------------------------------------------------------------------
Start Final Netlist Cleanup
---------------------------------------------------------------------------------
---------------------------------------------------------------------------------
Finished Final Netlist Cleanup
---------------------------------------------------------------------------------
---------------------------------------------------------------------------------
Finished IO Insertion : Time (s): cpu = 00:00:17 ; elapsed = 00:00:18 . Memory (MB): peak = 1515.484 ; gain = 576.684
---------------------------------------------------------------------------------
---------------------------------------------------------------------------------
Start Renaming Generated Instances
---------------------------------------------------------------------------------
---------------------------------------------------------------------------------
Finished Renaming Generated Instances : Time (s): cpu = 00:00:17 ; elapsed = 00:00:18 . Memory (MB): peak = 1515.484 ; gain = 576.684
---------------------------------------------------------------------------------
---------------------------------------------------------------------------------
Start Rebuilding User Hierarchy
---------------------------------------------------------------------------------
---------------------------------------------------------------------------------
Finished Rebuilding User Hierarchy : Time (s): cpu = 00:00:17 ; elapsed = 00:00:18 . Memory (MB): peak = 1515.484 ; gain = 576.684
---------------------------------------------------------------------------------
---------------------------------------------------------------------------------
Start Renaming Generated Ports
---------------------------------------------------------------------------------
---------------------------------------------------------------------------------
Finished Renaming Generated Ports : Time (s): cpu = 00:00:17 ; elapsed = 00:00:18 . Memory (MB): peak = 1515.484 ; gain = 576.684
---------------------------------------------------------------------------------
---------------------------------------------------------------------------------
Start Handling Custom Attributes
---------------------------------------------------------------------------------
---------------------------------------------------------------------------------
Finished Handling Custom Attributes : Time (s): cpu = 00:00:17 ; elapsed = 00:00:18 . Memory (MB): peak = 1515.484 ; gain = 576.684
---------------------------------------------------------------------------------
---------------------------------------------------------------------------------
Start Renaming Generated Nets
---------------------------------------------------------------------------------
---------------------------------------------------------------------------------
Finished Renaming Generated Nets : Time (s): cpu = 00:00:17 ; elapsed = 00:00:18 . Memory (MB): peak = 1515.484 ; gain = 576.684
---------------------------------------------------------------------------------
---------------------------------------------------------------------------------
Start Writing Synthesis Report
---------------------------------------------------------------------------------

Report BlackBoxes: 
+------+----------------------------------+----------+
|      |BlackBox name                     |Instances |
+------+----------------------------------+----------+
|1     |mb_block_axi_uartlite_0_0         |         1|
|2     |mb_block_clk_wiz_1_0              |         1|
|3     |mb_block_hdmi_text_controller_0_0 |         1|
|4     |mb_block_mdm_1_0                  |         1|
|5     |mb_block_microblaze_0_1           |         1|
|6     |mb_block_microblaze_0_axi_intc_0  |         1|
|7     |mb_block_xbar_0                   |         1|
|8     |mb_block_rst_clk_wiz_1_100M_0     |         1|
|9     |mb_block_dlmb_bram_if_cntlr_0     |         1|
|10    |mb_block_dlmb_v10_0               |         1|
|11    |mb_block_ilmb_bram_if_cntlr_0     |         1|
|12    |mb_block_ilmb_v10_0               |         1|
|13    |mb_block_lmb_bram_0               |         1|
+------+----------------------------------+----------+

Report Cell Usage: 
+------+--------------------------------+------+
|      |Cell                            |Count |
+------+--------------------------------+------+
|1     |mb_block_axi_uartlite_0         |     1|
|2     |mb_block_clk_wiz_1              |     1|
|3     |mb_block_dlmb_bram_if_cntlr     |     1|
|4     |mb_block_dlmb_v10               |     1|
|5     |mb_block_hdmi_text_controller_0 |     1|
|6     |mb_block_ilmb_bram_if_cntlr     |     1|
|7     |mb_block_ilmb_v10               |     1|
|8     |mb_block_lmb_bram               |     1|
|9     |mb_block_mdm_1                  |     1|
|10    |mb_block_microblaze_0           |     1|
|11    |mb_block_microblaze_0_axi_intc  |     1|
|12    |mb_block_rst_clk_wiz_1_100M     |     1|
|13    |mb_block_xbar                   |     1|
|14    |LUT1                            |     1|
|15    |IBUF                            |     2|
|16    |OBUF                            |     1|
+------+--------------------------------+------+
---------------------------------------------------------------------------------
Finished Writing Synthesis Report : Time (s): cpu = 00:00:17 ; elapsed = 00:00:18 . Memory (MB): peak = 1515.484 ; gain = 576.684
---------------------------------------------------------------------------------
Synthesis finished with 0 errors, 0 critical warnings and 9 warnings.
Synthesis Optimization Runtime : Time (s): cpu = 00:00:12 ; elapsed = 00:00:17 . Memory (MB): peak = 1515.484 ; gain = 564.887
Synthesis Optimization Complete : Time (s): cpu = 00:00:17 ; elapsed = 00:00:19 . Memory (MB): peak = 1515.484 ; gain = 576.684
INFO: [Project 1-571] Translating synthesized netlist
Netlist sorting complete. Time (s): cpu = 00:00:00 ; elapsed = 00:00:00.012 . Memory (MB): peak = 1515.633 ; gain = 0.000
INFO: [Project 1-570] Preparing netlist for logic optimization
INFO: [Opt 31-138] Pushed 0 inverter(s) to 0 load pin(s).
Netlist sorting complete. Time (s): cpu = 00:00:00 ; elapsed = 00:00:00 . Memory (MB): peak = 1517.266 ; gain = 0.000
INFO: [Project 1-111] Unisim Transformation Summary:
No Unisim elements were transformed.

Synth Design complete | Checksum: 878fb2b0
INFO: [Common 17-83] Releasing license: Synthesis
66 Infos, 44 Warnings, 1 Critical Warnings and 0 Errors encountered.
synth_design completed successfully
synth_design: Time (s): cpu = 00:00:20 ; elapsed = 00:00:22 . Memory (MB): peak = 1517.266 ; gain = 976.320
INFO: [runtcl-6] Synthesis results are not added to the cache due to CRITICAL_WARNING
Write ShapeDB Complete: Time (s): cpu = 00:00:00 ; elapsed = 00:00:00.001 . Memory (MB): peak = 1517.266 ; gain = 0.000
INFO: [Common 17-1381] The checkpoint 'C:/Users/wht20/Desktop/ece385/lab6/Soc_graphics/Soc_graphics.runs/synth_1/mb_usb_hdmi_top.dcp' has been generated.
INFO: [Vivado 12-24828] Executing command : report_utilization -file mb_usb_hdmi_top_utilization_synth.rpt -pb mb_usb_hdmi_top_utilization_synth.pb
INFO: [Common 17-206] Exiting Vivado at Fri Jul 26 05:15:46 2024...
