INFO: [VRFC 10-2263] Analyzing Verilog file "C:/Users/wht20/Desktop/ece385/lab6/Soc_graphics/Soc_graphics.ip_user_files/bd/mb_block/ip/mb_block_lmb_bram_0/sim/mb_block_lmb_bram_0.v" into library xil_defaultlib
INFO: [VRFC 10-311] analyzing module mb_block_lmb_bram_0
INFO: [VRFC 10-2263] Analyzing Verilog file "C:/Users/wht20/Desktop/ece385/lab6/Soc_graphics/Soc_graphics.ip_user_files/bd/mb_block/ip/mb_block_xbar_0/sim/mb_block_xbar_0.v" into library xil_defaultlib
INFO: [VRFC 10-311] analyzing module mb_block_xbar_0
INFO: [VRFC 10-2263] Analyzing Verilog file "C:/Users/wht20/Desktop/ece385/lab6/Soc_graphics/Soc_graphics.ip_user_files/bd/mb_block/ip/mb_block_clk_wiz_1_0/mb_block_clk_wiz_1_0_clk_wiz.v" into library xil_defaultlib
INFO: [VRFC 10-311] analyzing module mb_block_clk_wiz_1_0_clk_wiz
INFO: [VRFC 10-2263] Analyzing Verilog file "C:/Users/wht20/Desktop/ece385/lab6/Soc_graphics/Soc_graphics.ip_user_files/bd/mb_block/ip/mb_block_clk_wiz_1_0/mb_block_clk_wiz_1_0.v" into library xil_defaultlib
INFO: [VRFC 10-311] analyzing module mb_block_clk_wiz_1_0
INFO: [VRFC 10-2263] Analyzing Verilog file "C:/Users/wht20/Desktop/ece385/lab6/Soc_graphics/Soc_graphics.ip_user_files/bd/mb_block/ip/mb_block_hdmi_text_controller_0_0/src/clk_wiz_0/clk_wiz_0_clk_wiz.v" into library xil_defaultlib
INFO: [VRFC 10-311] analyzing module clk_wiz_0_clk_wiz
INFO: [VRFC 10-2263] Analyzing Verilog file "C:/Users/wht20/Desktop/ece385/lab6/Soc_graphics/Soc_graphics.ip_user_files/bd/mb_block/ip/mb_block_hdmi_text_controller_0_0/src/clk_wiz_0/clk_wiz_0.v" into library xil_defaultlib
INFO: [VRFC 10-311] analyzing module clk_wiz_0
INFO: [VRFC 10-2263] Analyzing Verilog file "C:/Users/wht20/Desktop/ece385/lab6/Soc_graphics/Soc_graphics.ip_user_files/bd/mb_block/ip/mb_block_hdmi_text_controller_0_0/src/hdmi_tx_0/hdl/encode.v" into library xil_defaultlib
INFO: [VRFC 10-311] analyzing module encode
INFO: [VRFC 10-2263] Analyzing Verilog file "C:/Users/wht20/Desktop/ece385/lab6/Soc_graphics/Soc_graphics.ip_user_files/bd/mb_block/ip/mb_block_hdmi_text_controller_0_0/src/hdmi_tx_0/hdl/serdes_10_to_1.v" into library xil_defaultlib
INFO: [VRFC 10-311] analyzing module serdes_10_to_1
INFO: [VRFC 10-2263] Analyzing Verilog file "C:/Users/wht20/Desktop/ece385/lab6/Soc_graphics/Soc_graphics.ip_user_files/bd/mb_block/ip/mb_block_hdmi_text_controller_0_0/src/hdmi_tx_0/hdl/srldelay.v" into library xil_defaultlib
INFO: [VRFC 10-311] analyzing module srldelay
INFO: [VRFC 10-2263] Analyzing Verilog file "C:/Users/wht20/Desktop/ece385/lab6/Soc_graphics/Soc_graphics.ip_user_files/bd/mb_block/ip/mb_block_hdmi_text_controller_0_0/src/hdmi_tx_0/hdl/hdmi_tx_v1_0.v" into library xil_defaultlib
INFO: [VRFC 10-311] analyzing module hdmi_tx_v1_0
INFO: [VRFC 10-2263] Analyzing Verilog file "C:/Users/wht20/Desktop/ece385/lab6/Soc_graphics/Soc_graphics.ip_user_files/bd/mb_block/ip/mb_block_hdmi_text_controller_0_0/src/hdmi_tx_0/sim/hdmi_tx_0.v" into library xil_defaultlib
INFO: [VRFC 10-311] analyzing module hdmi_tx_0
INFO: [VRFC 10-2263] Analyzing SystemVerilog file "C:/Users/wht20/Desktop/ece385/lab6/Soc_graphics/Soc_graphics.ip_user_files/bd/mb_block/ipshared/3775/src/hdmi_text_controller_v1_0_AXI.sv" into library xil_defaultlib
INFO: [VRFC 10-311] analyzing module hdmi_text_controller_v1_0_AXI
INFO: [VRFC 10-2263] Analyzing SystemVerilog file "C:/Users/wht20/Desktop/ece385/lab6/Soc_graphics/Soc_graphics.ip_user_files/bd/mb_block/ipshared/3775/src/VGA_controller.sv" into library xil_defaultlib
INFO: [VRFC 10-311] analyzing module vga_controller
INFO: [VRFC 10-2263] Analyzing SystemVerilog file "C:/Users/wht20/Desktop/ece385/lab6/Soc_graphics/Soc_graphics.ip_user_files/bd/mb_block/ipshared/3775/5b4d/color_mapper.sv" into library xil_defaultlib
INFO: [VRFC 10-311] analyzing module color_mapper
INFO: [VRFC 10-2263] Analyzing SystemVerilog file "C:/Users/wht20/Desktop/ece385/lab6/Soc_graphics/Soc_graphics.ip_user_files/bd/mb_block/ipshared/3775/src/font_rom.sv" into library xil_defaultlib
INFO: [VRFC 10-311] analyzing module font_rom
INFO: [VRFC 10-2263] Analyzing SystemVerilog file "C:/Users/wht20/Desktop/ece385/lab6/Soc_graphics/Soc_graphics.ip_user_files/bd/mb_block/ipshared/3775/src/hdmi_text_controller_v1_0.sv" into library xil_defaultlib
INFO: [VRFC 10-311] analyzing module hdmi_text_controller_v1_0
INFO: [VRFC 10-2263] Analyzing SystemVerilog file "C:/Users/wht20/Desktop/ece385/lab6/Soc_graphics/Soc_graphics.ip_user_files/bd/mb_block/ip/mb_block_hdmi_text_controller_0_0/sim/mb_block_hdmi_text_controller_0_0.sv" into library xil_defaultlib
INFO: [VRFC 10-311] analyzing module mb_block_hdmi_text_controller_0_0
INFO: [VRFC 10-2263] Analyzing Verilog file "C:/Users/wht20/Desktop/ece385/lab6/Soc_graphics/Soc_graphics.ip_user_files/bd/mb_block/sim/mb_block.v" into library xil_defaultlib
INFO: [VRFC 10-311] analyzing module m00_couplers_imp_1TK4492
INFO: [VRFC 10-311] analyzing module m01_couplers_imp_UT2LJ
INFO: [VRFC 10-311] analyzing module m02_couplers_imp_1ST4AV9
INFO: [VRFC 10-311] analyzing module mb_block
INFO: [VRFC 10-311] analyzing module mb_block_microblaze_0_axi_periph_0
INFO: [VRFC 10-311] analyzing module microblaze_0_local_memory_imp_G5BFEQ
INFO: [VRFC 10-311] analyzing module s00_couplers_imp_5YIJ0K
INFO: [VRFC 10-2263] Analyzing SystemVerilog file "C:/Users/wht20/Desktop/ece385/lab6/Soc_graphics/Soc_graphics.srcs/sources_1/imports/lab6/mb_usb_hdmi_top.sv" into library xil_defaultlib
INFO: [VRFC 10-311] analyzing module mb_usb_hdmi_top
