INFO: [VRFC 10-2263] Analyzing Verilog file "c:/Users/wht20/Desktop/ece385/lab6/Soc_graphics/Soc_graphics.tmp/hdmi_text_controller_v1_0_project/hdmi_text_controller_v1_0_project.gen/sources_1/ip/hdmi_tx_0/hdl/encode.v" into library xil_defaultlib
INFO: [VRFC 10-311] analyzing module encode
INFO: [VRFC 10-2263] Analyzing Verilog file "c:/Users/wht20/Desktop/ece385/lab6/Soc_graphics/Soc_graphics.tmp/hdmi_text_controller_v1_0_project/hdmi_text_controller_v1_0_project.gen/sources_1/ip/hdmi_tx_0/hdl/serdes_10_to_1.v" into library xil_defaultlib
INFO: [VRFC 10-311] analyzing module serdes_10_to_1
INFO: [VRFC 10-2263] Analyzing Verilog file "c:/Users/wht20/Desktop/ece385/lab6/Soc_graphics/Soc_graphics.tmp/hdmi_text_controller_v1_0_project/hdmi_text_controller_v1_0_project.gen/sources_1/ip/hdmi_tx_0/hdl/srldelay.v" into library xil_defaultlib
INFO: [VRFC 10-311] analyzing module srldelay
INFO: [VRFC 10-2263] Analyzing Verilog file "c:/Users/wht20/Desktop/ece385/lab6/Soc_graphics/Soc_graphics.tmp/hdmi_text_controller_v1_0_project/hdmi_text_controller_v1_0_project.gen/sources_1/ip/hdmi_tx_0/hdl/hdmi_tx_v1_0.v" into library xil_defaultlib
INFO: [VRFC 10-311] analyzing module hdmi_tx_v1_0
INFO: [VRFC 10-2263] Analyzing Verilog file "c:/Users/wht20/Desktop/ece385/lab6/Soc_graphics/Soc_graphics.tmp/hdmi_text_controller_v1_0_project/hdmi_text_controller_v1_0_project.gen/sources_1/ip/hdmi_tx_0/sim/hdmi_tx_0.v" into library xil_defaultlib
INFO: [VRFC 10-311] analyzing module hdmi_tx_0
INFO: [VRFC 10-2263] Analyzing Verilog file "c:/Users/wht20/Desktop/ece385/lab6/Soc_graphics/Soc_graphics.tmp/hdmi_text_controller_v1_0_project/hdmi_text_controller_v1_0_project.gen/sources_1/ip/clk_wiz_0/clk_wiz_0_clk_wiz.v" into library xil_defaultlib
INFO: [VRFC 10-311] analyzing module clk_wiz_0_clk_wiz
INFO: [VRFC 10-2263] Analyzing Verilog file "c:/Users/wht20/Desktop/ece385/lab6/Soc_graphics/Soc_graphics.tmp/hdmi_text_controller_v1_0_project/hdmi_text_controller_v1_0_project.gen/sources_1/ip/clk_wiz_0/clk_wiz_0.v" into library xil_defaultlib
INFO: [VRFC 10-311] analyzing module clk_wiz_0
INFO: [VRFC 10-2263] Analyzing SystemVerilog file "c:/Users/wht20/Desktop/ece385/lab6/ip_repo/hdmi_text_controller_1_0/src/VGA_controller.sv" into library xil_defaultlib
INFO: [VRFC 10-311] analyzing module vga_controller
INFO: [VRFC 10-2263] Analyzing SystemVerilog file "c:/Users/wht20/Desktop/ece385/lab6/color_mapper.sv" into library xil_defaultlib
INFO: [VRFC 10-311] analyzing module color_mapper
INFO: [VRFC 10-2263] Analyzing SystemVerilog file "c:/Users/wht20/Desktop/ece385/lab6/ip_repo/hdmi_text_controller_1_0/src/font_rom.sv" into library xil_defaultlib
INFO: [VRFC 10-311] analyzing module font_rom
INFO: [VRFC 10-2263] Analyzing SystemVerilog file "c:/Users/wht20/Desktop/ece385/lab6/ip_repo/hdmi_text_controller_1_0/src/hdmi_text_controller_v1_0.sv" into library xil_defaultlib
INFO: [VRFC 10-311] analyzing module hdmi_text_controller_v1_0
INFO: [VRFC 10-2263] Analyzing SystemVerilog file "c:/Users/wht20/Desktop/ece385/lab6/ip_repo/hdmi_text_controller_1_0/src/hdmi_text_controller_v1_0_AXI.sv" into library xil_defaultlib
INFO: [VRFC 10-311] analyzing module hdmi_text_controller_v1_0_AXI
INFO: [VRFC 10-2263] Analyzing SystemVerilog file "c:/Users/wht20/Desktop/ece385/lab6/ip_repo/hdmi_text_controller_1_0/src/hdmi_text_controller_v1_0_tb.sv" into library xil_defaultlib
INFO: [VRFC 10-311] analyzing module hdmi_text_controller_tb
INFO: [VRFC 10-2263] Analyzing Verilog file "c:/Users/wht20/Desktop/ece385/lab6/Soc_graphics/Soc_graphics.tmp/hdmi_text_controller_v1_0_project/hdmi_text_controller_v1_0_project.sim/sim_1/behav/xsim/glbl.v" into library xil_defaultlib
INFO: [VRFC 10-311] analyzing module glbl
