INFO: [VRFC 10-2263] Analyzing SystemVerilog file "C:/Users/wht20/Desktop/ece385/lab2/3adders/adder_design_source/hex_driver.sv" into library xil_defaultlib
INFO: [VRFC 10-311] analyzing module hex_driver
INFO: [VRFC 10-311] analyzing module nibble_to_hex
INFO: [VRFC 10-2263] Analyzing SystemVerilog file "C:/Users/wht20/Desktop/ece385/lab2/3adders/adder_design_source/load_reg.sv" into library xil_defaultlib
INFO: [VRFC 10-311] analyzing module load_reg
INFO: [VRFC 10-2263] Analyzing SystemVerilog file "C:/Users/wht20/Desktop/ece385/lab2/3adders/adder_design_source/negedge_detector.sv" into library xil_defaultlib
INFO: [VRFC 10-311] analyzing module negedge_detector
INFO: [VRFC 10-2263] Analyzing SystemVerilog file "C:/Users/wht20/Desktop/ece385/lab2/3adders/adder_design_source/sync_debounce.sv" into library xil_defaultlib
INFO: [VRFC 10-311] analyzing module sync_debounce
WARNING: [VRFC 10-9336] redeclaration of ANSI port 'q' is not allowed [C:/Users/wht20/Desktop/ece385/lab2/3adders/adder_design_source/sync_debounce.sv:20]
INFO: [VRFC 10-2263] Analyzing SystemVerilog file "C:/Users/wht20/Desktop/ece385/lab2/3adders/adder_design_source/adder_toplevel.sv" into library xil_defaultlib
INFO: [VRFC 10-311] analyzing module adder_toplevel
INFO: [VRFC 10-2263] Analyzing SystemVerilog file "C:/Users/wht20/Desktop/ece385/lab2/3adders/select_adder.sv" into library xil_defaultlib
INFO: [VRFC 10-311] analyzing module select_adder
INFO: [VRFC 10-311] analyzing module mux_2
INFO: [VRFC 10-311] analyzing module csa4
INFO: [VRFC 10-2263] Analyzing SystemVerilog file "C:/Users/wht20/Desktop/ece385/lab2/3adders/ripple_adder.sv" into library xil_defaultlib
INFO: [VRFC 10-311] analyzing module ripple_adder
INFO: [VRFC 10-311] analyzing module full_adder
INFO: [VRFC 10-311] analyzing module adder4
INFO: [VRFC 10-2263] Analyzing SystemVerilog file "C:/Users/wht20/Desktop/ece385/lab2/3adders/lookahead_adder.sv" into library xil_defaultlib
INFO: [VRFC 10-311] analyzing module lookahead_adder
INFO: [VRFC 10-311] analyzing module carry_unit
INFO: [VRFC 10-311] analyzing module cla4
INFO: [VRFC 10-2263] Analyzing SystemVerilog file "C:/Users/wht20/Desktop/ece385/lab2/3_adders/3_adders.srcs/sim_1/new/testbench.sv" into library xil_defaultlib
INFO: [VRFC 10-311] analyzing module testbench
