Copyright 1986-2022 Xilinx, Inc. All Rights Reserved. Copyright 2022-2024 Advanced Micro Devices, Inc. All Rights Reserved.
-------------------------------------------------------------------------------------------------------------------------------------------------
| Tool Version     : Vivado v.2024.1 (win64) Build 5076996 Wed May 22 18:37:14 MDT 2024
| Date             : Wed Jun 19 06:53:22 2024
| Host             : wht running 64-bit major release  (build 9200)
| Command          : report_power -file Processor_power_routed.rpt -pb Processor_power_summary_routed.pb -rpx Processor_power_routed.rpx
| Design           : Processor
| Device           : xc7s50csga324-1
| Design State     : routed
| Grade            : commercial
| Process          : typical
| Characterization : Production
-------------------------------------------------------------------------------------------------------------------------------------------------

Power Report

Table of Contents
-----------------
1. Summary
1.1 On-Chip Components
1.2 Power Supply Summary
1.3 Confidence Level
2. Settings
2.1 Environment
2.2 Clock Constraints
3. Detailed Reports
3.1 By Hierarchy

1. Summary
----------

+--------------------------+--------------+
| Total On-Chip Power (W)  | 4.892        |
| Design Power Budget (W)  | Unspecified* |
| Power Budget Margin (W)  | NA           |
| Dynamic (W)              | 4.804        |
| Device Static (W)        | 0.087        |
| Effective TJA (C/W)      | 4.9          |
| Max Ambient (C)          | 60.8         |
| Junction Temperature (C) | 49.2         |
| Confidence Level         | Low          |
| Setting File             | ---          |
| Simulation Activity File | ---          |
| Design Nets Matched      | NA           |
+--------------------------+--------------+
* Specify Design Power Budget using, set_operating_conditions -design_power_budget <value in Watts>


1.1 On-Chip Components
----------------------

+----------------+-----------+----------+-----------+-----------------+
| On-Chip        | Power (W) | Used     | Available | Utilization (%) |
+----------------+-----------+----------+-----------+-----------------+
| Slice Logic    |     0.462 |      467 |       --- |             --- |
|   LUT as Logic |     0.193 |       86 |     32600 |            0.26 |
|   CARRY4       |     0.155 |       57 |      8150 |            0.70 |
|   Register     |     0.109 |      283 |     65200 |            0.43 |
|   BUFG         |     0.006 |        1 |        32 |            3.13 |
|   Others       |     0.000 |       30 |       --- |             --- |
| Signals        |     0.873 |      407 |       --- |             --- |
| I/O            |     3.469 |       38 |       210 |           18.10 |
| Static Power   |     0.087 |          |           |                 |
| Total          |     4.892 |          |           |                 |
+----------------+-----------+----------+-----------+-----------------+


1.2 Power Supply Summary
------------------------

+-----------+-------------+-----------+-------------+------------+-------------+-------------+------------+
| Source    | Voltage (V) | Total (A) | Dynamic (A) | Static (A) | Powerup (A) | Budget (A)  | Margin (A) |
+-----------+-------------+-----------+-------------+------------+-------------+-------------+------------+
| Vccint    |       1.000 |     1.415 |       1.391 |      0.024 |       NA    | Unspecified | NA         |
| Vccaux    |       1.800 |     0.293 |       0.279 |      0.014 |       NA    | Unspecified | NA         |
| Vcco33    |       3.300 |     0.000 |       0.000 |      0.000 |       NA    | Unspecified | NA         |
| Vcco25    |       2.500 |     0.000 |       0.000 |      0.000 |       NA    | Unspecified | NA         |
| Vcco18    |       1.800 |     1.618 |       1.617 |      0.001 |       NA    | Unspecified | NA         |
| Vcco15    |       1.500 |     0.000 |       0.000 |      0.000 |       NA    | Unspecified | NA         |
| Vcco135   |       1.350 |     0.000 |       0.000 |      0.000 |       NA    | Unspecified | NA         |
| Vcco12    |       1.200 |     0.000 |       0.000 |      0.000 |       NA    | Unspecified | NA         |
| Vccaux_io |       1.800 |     0.000 |       0.000 |      0.000 |       NA    | Unspecified | NA         |
| Vccbram   |       1.000 |     0.000 |       0.000 |      0.000 |       NA    | Unspecified | NA         |
| Vccadc    |       1.800 |     0.020 |       0.000 |      0.020 |       NA    | Unspecified | NA         |
+-----------+-------------+-----------+-------------+------------+-------------+-------------+------------+


1.3 Confidence Level
--------------------

+-----------------------------+------------+--------------------------------------------------------+--------------------------------------------------------------------------------------------------------------------+
| User Input Data             | Confidence | Details                                                | Action                                                                                                             |
+-----------------------------+------------+--------------------------------------------------------+--------------------------------------------------------------------------------------------------------------------+
| Design implementation state | High       | Design is routed                                       |                                                                                                                    |
| Clock nodes activity        | Low        | User specified less than 75% of clocks                 | Provide missing clock activity with a constraint file, simulation results or by editing the "By Clock Domain" view |
| I/O nodes activity          | Low        | More than 75% of inputs are missing user specification | Provide missing input activity with simulation results or by editing the "By Resource Type -> I/Os" view           |
| Internal nodes activity     | Medium     | User specified less than 25% of internal nodes         | Provide missing internal nodes activity with simulation results or by editing the "By Resource Type" views         |
| Device models               | High       | Device models are Production                           |                                                                                                                    |
|                             |            |                                                        |                                                                                                                    |
| Overall confidence level    | Low        |                                                        |                                                                                                                    |
+-----------------------------+------------+--------------------------------------------------------+--------------------------------------------------------------------------------------------------------------------+


2. Settings
-----------

2.1 Environment
---------------

+-----------------------+--------------------------+
| Ambient Temp (C)      | 25.0                     |
| ThetaJA (C/W)         | 4.9                      |
| Airflow (LFM)         | 250                      |
| Heat Sink             | medium (Medium Profile)  |
| ThetaSA (C/W)         | 4.6                      |
| Board Selection       | medium (10"x10")         |
| # of Board Layers     | 12to15 (12 to 15 Layers) |
| Board Temperature (C) | 25.0                     |
+-----------------------+--------------------------+


2.2 Clock Constraints
---------------------

+-------+--------+-----------------+
| Clock | Domain | Constraint (ns) |
+-------+--------+-----------------+


3. Detailed Reports
-------------------

3.1 By Hierarchy
----------------

+------------------+-----------+
| Name             | Power (W) |
+------------------+-----------+
| Processor        |     4.804 |
|   Din_sync[0]    |     0.063 |
|   Din_sync[1]    |     0.064 |
|   Din_sync[2]    |     0.069 |
|   Din_sync[3]    |     0.077 |
|   F_sync[0]      |     0.067 |
|   F_sync[1]      |     0.062 |
|   F_sync[2]      |     0.071 |
|   HexA           |     0.067 |
|   R_sync[0]      |     0.069 |
|   R_sync[1]      |     0.080 |
|   button_sync[0] |     0.066 |
|   button_sync[1] |     0.072 |
|   button_sync[2] |     0.078 |
|   button_sync[3] |     0.089 |
|   control_unit   |     0.111 |
|   reg_unit       |     0.168 |
|     reg_A        |     0.074 |
|     reg_B        |     0.093 |
+------------------+-----------+


