TRACE::2024-07-18.17:39:45::SCWPlatform::Trying to open the hw design at C:/Users/wht20/Desktop/ece385/lab5/5_1/mb_intro_top/hw/mb_intro_top.xsa
TRACE::2024-07-18.17:39:45::SCWPlatform::DSA given C:/Users/wht20/Desktop/ece385/lab5/5_1/mb_intro_top/hw/mb_intro_top.xsa
TRACE::2024-07-18.17:39:45::SCWPlatform::DSA absoulate path C:/Users/wht20/Desktop/ece385/lab5/5_1/mb_intro_top/hw/mb_intro_top.xsa
TRACE::2024-07-18.17:39:45::SCWPlatform::DSA directory C:/Users/wht20/Desktop/ece385/lab5/5_1/mb_intro_top/hw
TRACE::2024-07-18.17:39:45::SCWPlatform:: Platform Path C:/Users/wht20/Desktop/ece385/lab5/5_1/mb_intro_top/hw/mb_intro_top.xsa
TRACE::2024-07-18.17:39:45::SCWPlatform:: Unique name xilinx:::0.0
TRACE::2024-07-18.17:39:45::SCWPlatform::Do not have an existing db opened. 
TRACE::2024-07-18.17:39:46::SCWPlatform::Opened new HwDB with name mb_intro_top_0
TRACE::2024-07-18.17:39:46::SCWWriter::formatted JSON is {
	"platformName":	"mb_intro_top",
	"sprVersion":	"2.0",
	"mode":	"gui",
	"dsaType":	"Fixed",
	"platformDesc":	"mb_intro_top",
	"platHandOff":	"C:/Users/wht20/Desktop/ece385/lab5/Soc/mb_intro_top.xsa",
	"platIntHandOff":	"<platformDir>/hw/mb_intro_top.xsa",
	"deviceType":	"FPGA",
	"platIsPrebuiltAutogen":	"false",
	"platIsNoBootBsp":	"false",
	"hasFsblMakeHasChanges":	"false",
	"hasPmufwMakeHasChanges":	"false",
	"platPreBuiltFlag":	false,
	"platformSamplesDir":	""
}
TRACE::2024-07-18.17:39:46::SCWWriter::formatted JSON is {
	"platformName":	"mb_intro_top",
	"sprVersion":	"2.0",
	"mode":	"gui",
	"dsaType":	"Fixed",
	"platformDesc":	"mb_intro_top",
	"platHandOff":	"C:/Users/wht20/Desktop/ece385/lab5/Soc/mb_intro_top.xsa",
	"platIntHandOff":	"<platformDir>/hw/mb_intro_top.xsa",
	"deviceType":	"FPGA",
	"platIsPrebuiltAutogen":	"false",
	"platIsNoBootBsp":	"false",
	"hasFsblMakeHasChanges":	"false",
	"hasPmufwMakeHasChanges":	"false",
	"platPreBuiltFlag":	false,
	"platformSamplesDir":	"",
	"platActiveSys":	"mb_intro_top",
	"systems":	[{
			"systemName":	"mb_intro_top",
			"systemDesc":	"mb_intro_top",
			"sysIsBootAutoGen":	"true",
			"systemDispName":	"mb_intro_top"
		}]
}
TRACE::2024-07-18.17:39:46::SCWPlatform::Boot application domains not present, creating them
TRACE::2024-07-18.17:39:46::SCWPlatform::Pure FPGA device, no boot application will be created.
TRACE::2024-07-18.17:39:46::SCWWriter::formatted JSON is {
	"platformName":	"mb_intro_top",
	"sprVersion":	"2.0",
	"mode":	"gui",
	"dsaType":	"Fixed",
	"platformDesc":	"mb_intro_top",
	"platHandOff":	"C:/Users/wht20/Desktop/ece385/lab5/Soc/mb_intro_top.xsa",
	"platIntHandOff":	"<platformDir>/hw/mb_intro_top.xsa",
	"deviceType":	"FPGA",
	"platIsPrebuiltAutogen":	"false",
	"platIsNoBootBsp":	"false",
	"hasFsblMakeHasChanges":	"false",
	"hasPmufwMakeHasChanges":	"false",
	"platPreBuiltFlag":	false,
	"platformSamplesDir":	"",
	"platActiveSys":	"mb_intro_top",
	"systems":	[{
			"systemName":	"mb_intro_top",
			"systemDesc":	"mb_intro_top",
			"sysIsBootAutoGen":	"true",
			"systemDispName":	"mb_intro_top"
		}]
}
TRACE::2024-07-18.17:39:46::SCWWriter::formatted JSON is {
	"platformName":	"mb_intro_top",
	"sprVersion":	"2.0",
	"mode":	"gui",
	"dsaType":	"Fixed",
	"platformDesc":	"mb_intro_top",
	"platHandOff":	"C:/Users/wht20/Desktop/ece385/lab5/Soc/mb_intro_top.xsa",
	"platIntHandOff":	"<platformDir>/hw/mb_intro_top.xsa",
	"deviceType":	"FPGA",
	"platIsPrebuiltAutogen":	"false",
	"platIsNoBootBsp":	"false",
	"hasFsblMakeHasChanges":	"false",
	"hasPmufwMakeHasChanges":	"false",
	"platPreBuiltFlag":	false,
	"platformSamplesDir":	"",
	"platActiveSys":	"mb_intro_top",
	"systems":	[{
			"systemName":	"mb_intro_top",
			"systemDesc":	"mb_intro_top",
			"sysIsBootAutoGen":	"true",
			"systemDispName":	"mb_intro_top"
		}]
}
TRACE::2024-07-18.17:39:46::SCWPlatform::Trying to open the hw design at C:/Users/wht20/Desktop/ece385/lab5/5_1/mb_intro_top/hw/mb_intro_top.xsa
TRACE::2024-07-18.17:39:46::SCWPlatform::DSA given C:/Users/wht20/Desktop/ece385/lab5/5_1/mb_intro_top/hw/mb_intro_top.xsa
TRACE::2024-07-18.17:39:46::SCWPlatform::DSA absoulate path C:/Users/wht20/Desktop/ece385/lab5/5_1/mb_intro_top/hw/mb_intro_top.xsa
TRACE::2024-07-18.17:39:46::SCWPlatform::DSA directory C:/Users/wht20/Desktop/ece385/lab5/5_1/mb_intro_top/hw
TRACE::2024-07-18.17:39:46::SCWPlatform:: Platform Path C:/Users/wht20/Desktop/ece385/lab5/5_1/mb_intro_top/hw/mb_intro_top.xsa
TRACE::2024-07-18.17:39:46::SCWPlatform:: Unique name xilinx:::0.0
TRACE::2024-07-18.17:39:46::SCWPlatform::Trying to set the existing hwdb with name mb_intro_top_0
TRACE::2024-07-18.17:39:46::SCWPlatform::Opened existing hwdb mb_intro_top_0
TRACE::2024-07-18.17:39:46::SCWPlatform::Found the Hw Db part of the input DSA
TRACE::2024-07-18.17:39:46::SCWPlatform::Trying to open the hw design at C:/Users/wht20/Desktop/ece385/lab5/5_1/mb_intro_top/hw/mb_intro_top.xsa
TRACE::2024-07-18.17:39:46::SCWPlatform::DSA given C:/Users/wht20/Desktop/ece385/lab5/5_1/mb_intro_top/hw/mb_intro_top.xsa
TRACE::2024-07-18.17:39:46::SCWPlatform::DSA absoulate path C:/Users/wht20/Desktop/ece385/lab5/5_1/mb_intro_top/hw/mb_intro_top.xsa
TRACE::2024-07-18.17:39:46::SCWPlatform::DSA directory C:/Users/wht20/Desktop/ece385/lab5/5_1/mb_intro_top/hw
TRACE::2024-07-18.17:39:46::SCWPlatform:: Platform Path C:/Users/wht20/Desktop/ece385/lab5/5_1/mb_intro_top/hw/mb_intro_top.xsa
TRACE::2024-07-18.17:39:46::SCWPlatform:: Unique name xilinx:::0.0
TRACE::2024-07-18.17:39:46::SCWPlatform::Trying to set the existing hwdb with name mb_intro_top_0
TRACE::2024-07-18.17:39:46::SCWPlatform::Opened existing hwdb mb_intro_top_0
TRACE::2024-07-18.17:39:46::SCWPlatform::Found the Hw Db part of the input DSA
TRACE::2024-07-18.17:39:46::SCWDomain::checking for install qemu data   : 
TRACE::2024-07-18.17:39:46::SCWPlatform::Trying to open the hw design at C:/Users/wht20/Desktop/ece385/lab5/5_1/mb_intro_top/hw/mb_intro_top.xsa
TRACE::2024-07-18.17:39:46::SCWPlatform::DSA given C:/Users/wht20/Desktop/ece385/lab5/5_1/mb_intro_top/hw/mb_intro_top.xsa
TRACE::2024-07-18.17:39:46::SCWPlatform::DSA absoulate path C:/Users/wht20/Desktop/ece385/lab5/5_1/mb_intro_top/hw/mb_intro_top.xsa
TRACE::2024-07-18.17:39:46::SCWPlatform::DSA directory C:/Users/wht20/Desktop/ece385/lab5/5_1/mb_intro_top/hw
TRACE::2024-07-18.17:39:46::SCWPlatform:: Platform Path C:/Users/wht20/Desktop/ece385/lab5/5_1/mb_intro_top/hw/mb_intro_top.xsa
TRACE::2024-07-18.17:39:46::SCWPlatform:: Unique name xilinx:::0.0
TRACE::2024-07-18.17:39:46::SCWPlatform::Trying to set the existing hwdb with name mb_intro_top_0
TRACE::2024-07-18.17:39:46::SCWPlatform::Opened existing hwdb mb_intro_top_0
TRACE::2024-07-18.17:39:46::SCWPlatform::Found the Hw Db part of the input DSA
TRACE::2024-07-18.17:39:46::SCWPlatform::Trying to open the hw design at C:/Users/wht20/Desktop/ece385/lab5/5_1/mb_intro_top/hw/mb_intro_top.xsa
TRACE::2024-07-18.17:39:46::SCWPlatform::DSA given C:/Users/wht20/Desktop/ece385/lab5/5_1/mb_intro_top/hw/mb_intro_top.xsa
TRACE::2024-07-18.17:39:46::SCWPlatform::DSA absoulate path C:/Users/wht20/Desktop/ece385/lab5/5_1/mb_intro_top/hw/mb_intro_top.xsa
TRACE::2024-07-18.17:39:46::SCWPlatform::DSA directory C:/Users/wht20/Desktop/ece385/lab5/5_1/mb_intro_top/hw
TRACE::2024-07-18.17:39:46::SCWPlatform:: Platform Path C:/Users/wht20/Desktop/ece385/lab5/5_1/mb_intro_top/hw/mb_intro_top.xsa
TRACE::2024-07-18.17:39:46::SCWPlatform:: Unique name xilinx:::0.0
TRACE::2024-07-18.17:39:46::SCWPlatform::Trying to set the existing hwdb with name mb_intro_top_0
TRACE::2024-07-18.17:39:46::SCWPlatform::Opened existing hwdb mb_intro_top_0
TRACE::2024-07-18.17:39:46::SCWPlatform::Found the Hw Db part of the input DSA
TRACE::2024-07-18.17:39:46::SCWPlatform::Trying to open the hw design at C:/Users/wht20/Desktop/ece385/lab5/5_1/mb_intro_top/hw/mb_intro_top.xsa
TRACE::2024-07-18.17:39:46::SCWPlatform::DSA given C:/Users/wht20/Desktop/ece385/lab5/5_1/mb_intro_top/hw/mb_intro_top.xsa
TRACE::2024-07-18.17:39:46::SCWPlatform::DSA absoulate path C:/Users/wht20/Desktop/ece385/lab5/5_1/mb_intro_top/hw/mb_intro_top.xsa
TRACE::2024-07-18.17:39:46::SCWPlatform::DSA directory C:/Users/wht20/Desktop/ece385/lab5/5_1/mb_intro_top/hw
TRACE::2024-07-18.17:39:46::SCWPlatform:: Platform Path C:/Users/wht20/Desktop/ece385/lab5/5_1/mb_intro_top/hw/mb_intro_top.xsa
TRACE::2024-07-18.17:39:46::SCWPlatform:: Unique name xilinx:::0.0
TRACE::2024-07-18.17:39:46::SCWPlatform::Trying to set the existing hwdb with name mb_intro_top_0
TRACE::2024-07-18.17:39:46::SCWPlatform::Opened existing hwdb mb_intro_top_0
TRACE::2024-07-18.17:39:46::SCWPlatform::Found the Hw Db part of the input DSA
TRACE::2024-07-18.17:39:46::SCWMssOS::Checking the sw design at  C:/Users/wht20/Desktop/ece385/lab5/5_1/mb_intro_top/microblaze_0/standalone_microblaze_0/bsp/system.mss
TRACE::2024-07-18.17:39:46::SCWMssOS::DEBUG:  swdes dump  
TRACE::2024-07-18.17:39:46::SCWMssOS::No sw design opened at  C:/Users/wht20/Desktop/ece385/lab5/5_1/mb_intro_top/microblaze_0/standalone_microblaze_0/bsp/system.mss
TRACE::2024-07-18.17:39:46::SCWMssOS::mss does not exists at C:/Users/wht20/Desktop/ece385/lab5/5_1/mb_intro_top/microblaze_0/standalone_microblaze_0/bsp/system.mss
TRACE::2024-07-18.17:39:46::SCWMssOS::Creating sw design at  C:/Users/wht20/Desktop/ece385/lab5/5_1/mb_intro_top/microblaze_0/standalone_microblaze_0/bsp/system.mss
TRACE::2024-07-18.17:39:46::SCWMssOS::Adding the swdes entry, created swdb C:/Users/wht20/Desktop/ece385/lab5/5_1/mb_intro_top/microblaze_0/standalone_microblaze_0/bsp/system.mss with des name C:/Users/wht20/Desktop/ece385/lab5/5_1/mb_intro_top/microblaze_0/standalone_microblaze_0/bsp/system.mss
TRACE::2024-07-18.17:39:46::SCWMssOS::updating the scw layer changes to swdes at   C:/Users/wht20/Desktop/ece385/lab5/5_1/mb_intro_top/microblaze_0/standalone_microblaze_0/bsp/system.mss
TRACE::2024-07-18.17:39:46::SCWMssOS::Writing mss at C:/Users/wht20/Desktop/ece385/lab5/5_1/mb_intro_top/microblaze_0/standalone_microblaze_0/bsp/system.mss
TRACE::2024-07-18.17:39:46::SCWMssOS::Completed writing the mss file at C:/Users/wht20/Desktop/ece385/lab5/5_1/mb_intro_top/microblaze_0/standalone_microblaze_0/bsp
TRACE::2024-07-18.17:39:46::SCWMssOS::Picking up changes from newly written mss file into SCW Layer. 
TRACE::2024-07-18.17:39:46::SCWMssOS::Updated the changes from newly written mss file into SCW Layer. 
TRACE::2024-07-18.17:39:46::SCWMssOS::Completed writing the mss file at C:/Users/wht20/Desktop/ece385/lab5/5_1/mb_intro_top/microblaze_0/standalone_microblaze_0/bsp
TRACE::2024-07-18.17:39:46::SCWMssOS::Forcing BSP Sources regeneration.
TRACE::2024-07-18.17:39:47::SCWMssOS::Saving the mss changes C:/Users/wht20/Desktop/ece385/lab5/5_1/mb_intro_top/microblaze_0/standalone_microblaze_0/bsp/system.mss
TRACE::2024-07-18.17:39:47::SCWMssOS::Adding the swdes entry, mss present, able to open swdb C:/Users/wht20/Desktop/ece385/lab5/5_1/mb_intro_top/microblaze_0/standalone_microblaze_0/bsp/system.mss with des name system
TRACE::2024-07-18.17:39:47::SCWMssOS::Writing the mss file completed C:/Users/wht20/Desktop/ece385/lab5/5_1/mb_intro_top/microblaze_0/standalone_microblaze_0/bsp/system.mss
TRACE::2024-07-18.17:39:47::SCWMssOS::Commit changes completed.
TRACE::2024-07-18.17:39:47::SCWPlatform::Trying to open the hw design at C:/Users/wht20/Desktop/ece385/lab5/5_1/mb_intro_top/hw/mb_intro_top.xsa
TRACE::2024-07-18.17:39:47::SCWPlatform::DSA given C:/Users/wht20/Desktop/ece385/lab5/5_1/mb_intro_top/hw/mb_intro_top.xsa
TRACE::2024-07-18.17:39:47::SCWPlatform::DSA absoulate path C:/Users/wht20/Desktop/ece385/lab5/5_1/mb_intro_top/hw/mb_intro_top.xsa
TRACE::2024-07-18.17:39:47::SCWPlatform::DSA directory C:/Users/wht20/Desktop/ece385/lab5/5_1/mb_intro_top/hw
TRACE::2024-07-18.17:39:47::SCWPlatform:: Platform Path C:/Users/wht20/Desktop/ece385/lab5/5_1/mb_intro_top/hw/mb_intro_top.xsa
TRACE::2024-07-18.17:39:47::SCWPlatform:: Unique name xilinx:::0.0
TRACE::2024-07-18.17:39:47::SCWPlatform::Trying to set the existing hwdb with name mb_intro_top_0
TRACE::2024-07-18.17:39:47::SCWPlatform::Opened existing hwdb mb_intro_top_0
TRACE::2024-07-18.17:39:47::SCWPlatform::Found the Hw Db part of the input DSA
TRACE::2024-07-18.17:39:47::SCWMssOS::Checking the sw design at  C:/Users/wht20/Desktop/ece385/lab5/5_1/mb_intro_top/microblaze_0/standalone_microblaze_0/bsp/system.mss
TRACE::2024-07-18.17:39:47::SCWMssOS::DEBUG:  swdes dump  C:/Users/wht20/Desktop/ece385/lab5/5_1/mb_intro_top/microblaze_0/standalone_microblaze_0/bsp/system.mss|system||

TRACE::2024-07-18.17:39:47::SCWMssOS::Sw design exists and opened at  C:/Users/wht20/Desktop/ece385/lab5/5_1/mb_intro_top/microblaze_0/standalone_microblaze_0/bsp/system.mss
TRACE::2024-07-18.17:39:47::SCWPlatform::Trying to open the hw design at C:/Users/wht20/Desktop/ece385/lab5/5_1/mb_intro_top/hw/mb_intro_top.xsa
TRACE::2024-07-18.17:39:47::SCWPlatform::DSA given C:/Users/wht20/Desktop/ece385/lab5/5_1/mb_intro_top/hw/mb_intro_top.xsa
TRACE::2024-07-18.17:39:47::SCWPlatform::DSA absoulate path C:/Users/wht20/Desktop/ece385/lab5/5_1/mb_intro_top/hw/mb_intro_top.xsa
TRACE::2024-07-18.17:39:47::SCWPlatform::DSA directory C:/Users/wht20/Desktop/ece385/lab5/5_1/mb_intro_top/hw
TRACE::2024-07-18.17:39:47::SCWPlatform:: Platform Path C:/Users/wht20/Desktop/ece385/lab5/5_1/mb_intro_top/hw/mb_intro_top.xsa
TRACE::2024-07-18.17:39:47::SCWPlatform:: Unique name xilinx:::0.0
TRACE::2024-07-18.17:39:47::SCWPlatform::Trying to set the existing hwdb with name mb_intro_top_0
TRACE::2024-07-18.17:39:47::SCWPlatform::Opened existing hwdb mb_intro_top_0
TRACE::2024-07-18.17:39:47::SCWPlatform::Found the Hw Db part of the input DSA
TRACE::2024-07-18.17:39:47::SCWMssOS::Checking the sw design at  C:/Users/wht20/Desktop/ece385/lab5/5_1/mb_intro_top/microblaze_0/standalone_microblaze_0/bsp/system.mss
TRACE::2024-07-18.17:39:47::SCWMssOS::DEBUG:  swdes dump  C:/Users/wht20/Desktop/ece385/lab5/5_1/mb_intro_top/microblaze_0/standalone_microblaze_0/bsp/system.mss|system||

TRACE::2024-07-18.17:39:47::SCWMssOS::Sw design exists and opened at  C:/Users/wht20/Desktop/ece385/lab5/5_1/mb_intro_top/microblaze_0/standalone_microblaze_0/bsp/system.mss
TRACE::2024-07-18.17:39:47::SCWPlatform::Trying to open the hw design at C:/Users/wht20/Desktop/ece385/lab5/5_1/mb_intro_top/hw/mb_intro_top.xsa
TRACE::2024-07-18.17:39:47::SCWPlatform::DSA given C:/Users/wht20/Desktop/ece385/lab5/5_1/mb_intro_top/hw/mb_intro_top.xsa
TRACE::2024-07-18.17:39:47::SCWPlatform::DSA absoulate path C:/Users/wht20/Desktop/ece385/lab5/5_1/mb_intro_top/hw/mb_intro_top.xsa
TRACE::2024-07-18.17:39:47::SCWPlatform::DSA directory C:/Users/wht20/Desktop/ece385/lab5/5_1/mb_intro_top/hw
TRACE::2024-07-18.17:39:47::SCWPlatform:: Platform Path C:/Users/wht20/Desktop/ece385/lab5/5_1/mb_intro_top/hw/mb_intro_top.xsa
TRACE::2024-07-18.17:39:47::SCWPlatform:: Unique name xilinx:::0.0
TRACE::2024-07-18.17:39:47::SCWPlatform::Trying to set the existing hwdb with name mb_intro_top_0
TRACE::2024-07-18.17:39:47::SCWPlatform::Opened existing hwdb mb_intro_top_0
TRACE::2024-07-18.17:39:47::SCWPlatform::Found the Hw Db part of the input DSA
TRACE::2024-07-18.17:39:47::SCWMssOS::Checking the sw design at  C:/Users/wht20/Desktop/ece385/lab5/5_1/mb_intro_top/microblaze_0/standalone_microblaze_0/bsp/system.mss
TRACE::2024-07-18.17:39:47::SCWMssOS::DEBUG:  swdes dump  C:/Users/wht20/Desktop/ece385/lab5/5_1/mb_intro_top/microblaze_0/standalone_microblaze_0/bsp/system.mss|system||

TRACE::2024-07-18.17:39:47::SCWMssOS::Sw design exists and opened at  C:/Users/wht20/Desktop/ece385/lab5/5_1/mb_intro_top/microblaze_0/standalone_microblaze_0/bsp/system.mss
TRACE::2024-07-18.17:39:47::SCWWriter::formatted JSON is {
	"platformName":	"mb_intro_top",
	"sprVersion":	"2.0",
	"mode":	"gui",
	"dsaType":	"Fixed",
	"platformDesc":	"mb_intro_top",
	"platHandOff":	"C:/Users/wht20/Desktop/ece385/lab5/Soc/mb_intro_top.xsa",
	"platIntHandOff":	"<platformDir>/hw/mb_intro_top.xsa",
	"deviceType":	"FPGA",
	"platIsPrebuiltAutogen":	"false",
	"platIsNoBootBsp":	"false",
	"hasFsblMakeHasChanges":	"false",
	"hasPmufwMakeHasChanges":	"false",
	"platPreBuiltFlag":	false,
	"platformSamplesDir":	"",
	"platActiveSys":	"mb_intro_top",
	"systems":	[{
			"systemName":	"mb_intro_top",
			"systemDesc":	"mb_intro_top",
			"sysIsBootAutoGen":	"true",
			"systemDispName":	"mb_intro_top",
			"sysActiveDom":	"standalone_microblaze_0",
			"sysDefaultDom":	"standalone_microblaze_0",
			"domains":	[{
					"domainName":	"standalone_microblaze_0",
					"domainDispName":	"standalone_microblaze_0",
					"domainDesc":	"standalone_microblaze_0",
					"processors":	"microblaze_0",
					"os":	"standalone",
					"sdxOs":	"standalone",
					"debugEnable":	"False",
					"domRuntimes":	["cpp"],
					"swRepo":	"",
					"mssOsVer":	"9.1",
					"mssFile":	"",
					"md5Digest":	"7910dbc9f13f017aed77d546fcac446a",
					"compatibleApp":	"hello_world",
					"domType":	"mssDomain",
					"arch":	"32-bit",
					"appSettings":	{
						"appCompilerFlags":	"",
						"appLinkerFlags":	""
					},
					"addedLibs":	[],
					"libOptions":	{
						"libsContainingOptions":	[]
					},
					"prebuiltLibs":	{
						"prebuiltIncPath":	[],
						"prebuiltLibPath":	[]
					},
					"isolation":	{
					}
				}]
		}]
}
LOG::2024-07-18.17:39:47::SCWPlatform::Started generating the artifacts platform mb_intro_top
TRACE::2024-07-18.17:39:47::SCWPlatform::Sanity checking of platform is completed
LOG::2024-07-18.17:39:47::SCWPlatform::Started generating the artifacts for system configuration mb_intro_top
LOG::2024-07-18.17:39:47::SCWSystem::Checking the domain standalone_microblaze_0
LOG::2024-07-18.17:39:47::SCWSystem::Not a boot domain 
LOG::2024-07-18.17:39:47::SCWSystem::Started Processing the domain standalone_microblaze_0
TRACE::2024-07-18.17:39:47::SCWDomain::Generating domain artifcats
TRACE::2024-07-18.17:39:47::SCWMssOS::Generating standalone artifcats
TRACE::2024-07-18.17:39:47::SCWMssOS:: Copying the user libraries. 
TRACE::2024-07-18.17:39:47::SCWPlatform::Trying to open the hw design at C:/Users/wht20/Desktop/ece385/lab5/5_1/mb_intro_top/hw/mb_intro_top.xsa
TRACE::2024-07-18.17:39:47::SCWPlatform::DSA given C:/Users/wht20/Desktop/ece385/lab5/5_1/mb_intro_top/hw/mb_intro_top.xsa
TRACE::2024-07-18.17:39:47::SCWPlatform::DSA absoulate path C:/Users/wht20/Desktop/ece385/lab5/5_1/mb_intro_top/hw/mb_intro_top.xsa
TRACE::2024-07-18.17:39:47::SCWPlatform::DSA directory C:/Users/wht20/Desktop/ece385/lab5/5_1/mb_intro_top/hw
TRACE::2024-07-18.17:39:47::SCWPlatform:: Platform Path C:/Users/wht20/Desktop/ece385/lab5/5_1/mb_intro_top/hw/mb_intro_top.xsa
TRACE::2024-07-18.17:39:47::SCWPlatform:: Unique name xilinx:::0.0
TRACE::2024-07-18.17:39:47::SCWPlatform::Trying to set the existing hwdb with name mb_intro_top_0
TRACE::2024-07-18.17:39:47::SCWPlatform::Opened existing hwdb mb_intro_top_0
TRACE::2024-07-18.17:39:47::SCWPlatform::Found the Hw Db part of the input DSA
TRACE::2024-07-18.17:39:47::SCWMssOS::Checking the sw design at  C:/Users/wht20/Desktop/ece385/lab5/5_1/mb_intro_top/microblaze_0/standalone_microblaze_0/bsp/system.mss
TRACE::2024-07-18.17:39:47::SCWMssOS::DEBUG:  swdes dump  C:/Users/wht20/Desktop/ece385/lab5/5_1/mb_intro_top/microblaze_0/standalone_microblaze_0/bsp/system.mss|system||

TRACE::2024-07-18.17:39:47::SCWMssOS::Sw design exists and opened at  C:/Users/wht20/Desktop/ece385/lab5/5_1/mb_intro_top/microblaze_0/standalone_microblaze_0/bsp/system.mss
TRACE::2024-07-18.17:39:47::SCWMssOS::Completed writing the mss file at C:/Users/wht20/Desktop/ece385/lab5/5_1/mb_intro_top/microblaze_0/standalone_microblaze_0/bsp
TRACE::2024-07-18.17:39:47::SCWMssOS::Mss edits present, copying mssfile into export location C:/Users/wht20/Desktop/ece385/lab5/5_1/mb_intro_top/microblaze_0/standalone_microblaze_0/bsp/system.mss
TRACE::2024-07-18.17:39:47::SCWMssOS::bsp generated is upto date with the mss file. Skipping bsp generation.
TRACE::2024-07-18.17:39:47::SCWMssOS::BSP is already built. skipping the bsp build ... 
TRACE::2024-07-18.17:39:47::SCWDomain::Skipping the build for domain :  standalone_microblaze_0
TRACE::2024-07-18.17:39:47::SCWMssOS::skipping the bsp build ... 
TRACE::2024-07-18.17:39:47::SCWMssOS::Copying to export directory.
TRACE::2024-07-18.17:39:47::SCWMssOS:: Checking if to create the Supporting Applications
TRACE::2024-07-18.17:39:47::SCWMssOS:: No Linux domain exists, trying to generate FSBL 
LOG::2024-07-18.17:39:47::SCWSystem::Completed Processing the domain standalone_microblaze_0
LOG::2024-07-18.17:39:47::SCWSystem::Completed Processing the sysconfig mb_intro_top
LOG::2024-07-18.17:39:47::SCWPlatform::Completed generating the artifacts for system configuration mb_intro_top
TRACE::2024-07-18.17:39:47::SCWPlatform::Started preparing the platform 
TRACE::2024-07-18.17:39:47::SCWSystem::Writing the bif file for system config mb_intro_top
TRACE::2024-07-18.17:39:47::SCWSystem::dir created 
TRACE::2024-07-18.17:39:47::SCWSystem::Writing the bif 
TRACE::2024-07-18.17:39:47::SCWPlatform::Started writing the spfm file 
TRACE::2024-07-18.17:39:47::SCWPlatform::Started writing the xpfm file 
TRACE::2024-07-18.17:39:47::SCWPlatform::Completed generating the platform
TRACE::2024-07-18.17:39:47::SCWMssOS::Saving the mss changes C:/Users/wht20/Desktop/ece385/lab5/5_1/mb_intro_top/microblaze_0/standalone_microblaze_0/bsp/system.mss
TRACE::2024-07-18.17:39:47::SCWMssOS::Found a swdesign opened with the mssfile.
TRACE::2024-07-18.17:39:47::SCWMssOS::Completed writemss as part of save.
TRACE::2024-07-18.17:39:47::SCWMssOS::Commit changes completed.
TRACE::2024-07-18.17:39:47::SCWPlatform::Trying to open the hw design at C:/Users/wht20/Desktop/ece385/lab5/5_1/mb_intro_top/hw/mb_intro_top.xsa
TRACE::2024-07-18.17:39:47::SCWPlatform::DSA given C:/Users/wht20/Desktop/ece385/lab5/5_1/mb_intro_top/hw/mb_intro_top.xsa
TRACE::2024-07-18.17:39:47::SCWPlatform::DSA absoulate path C:/Users/wht20/Desktop/ece385/lab5/5_1/mb_intro_top/hw/mb_intro_top.xsa
TRACE::2024-07-18.17:39:47::SCWPlatform::DSA directory C:/Users/wht20/Desktop/ece385/lab5/5_1/mb_intro_top/hw
TRACE::2024-07-18.17:39:47::SCWPlatform:: Platform Path C:/Users/wht20/Desktop/ece385/lab5/5_1/mb_intro_top/hw/mb_intro_top.xsa
TRACE::2024-07-18.17:39:47::SCWPlatform:: Unique name xilinx:::0.0
TRACE::2024-07-18.17:39:47::SCWPlatform::Trying to set the existing hwdb with name mb_intro_top_0
TRACE::2024-07-18.17:39:47::SCWPlatform::Opened existing hwdb mb_intro_top_0
TRACE::2024-07-18.17:39:47::SCWPlatform::Found the Hw Db part of the input DSA
TRACE::2024-07-18.17:39:47::SCWMssOS::Checking the sw design at  C:/Users/wht20/Desktop/ece385/lab5/5_1/mb_intro_top/microblaze_0/standalone_microblaze_0/bsp/system.mss
TRACE::2024-07-18.17:39:47::SCWMssOS::DEBUG:  swdes dump  C:/Users/wht20/Desktop/ece385/lab5/5_1/mb_intro_top/microblaze_0/standalone_microblaze_0/bsp/system.mss|system||

TRACE::2024-07-18.17:39:47::SCWMssOS::Sw design exists and opened at  C:/Users/wht20/Desktop/ece385/lab5/5_1/mb_intro_top/microblaze_0/standalone_microblaze_0/bsp/system.mss
TRACE::2024-07-18.17:39:47::SCWPlatform::Trying to open the hw design at C:/Users/wht20/Desktop/ece385/lab5/5_1/mb_intro_top/hw/mb_intro_top.xsa
TRACE::2024-07-18.17:39:47::SCWPlatform::DSA given C:/Users/wht20/Desktop/ece385/lab5/5_1/mb_intro_top/hw/mb_intro_top.xsa
TRACE::2024-07-18.17:39:47::SCWPlatform::DSA absoulate path C:/Users/wht20/Desktop/ece385/lab5/5_1/mb_intro_top/hw/mb_intro_top.xsa
TRACE::2024-07-18.17:39:47::SCWPlatform::DSA directory C:/Users/wht20/Desktop/ece385/lab5/5_1/mb_intro_top/hw
TRACE::2024-07-18.17:39:47::SCWPlatform:: Platform Path C:/Users/wht20/Desktop/ece385/lab5/5_1/mb_intro_top/hw/mb_intro_top.xsa
TRACE::2024-07-18.17:39:47::SCWPlatform:: Unique name xilinx:::0.0
TRACE::2024-07-18.17:39:47::SCWPlatform::Trying to set the existing hwdb with name mb_intro_top_0
TRACE::2024-07-18.17:39:47::SCWPlatform::Opened existing hwdb mb_intro_top_0
TRACE::2024-07-18.17:39:47::SCWPlatform::Found the Hw Db part of the input DSA
TRACE::2024-07-18.17:39:47::SCWMssOS::Checking the sw design at  C:/Users/wht20/Desktop/ece385/lab5/5_1/mb_intro_top/microblaze_0/standalone_microblaze_0/bsp/system.mss
TRACE::2024-07-18.17:39:47::SCWMssOS::DEBUG:  swdes dump  C:/Users/wht20/Desktop/ece385/lab5/5_1/mb_intro_top/microblaze_0/standalone_microblaze_0/bsp/system.mss|system||

TRACE::2024-07-18.17:39:47::SCWMssOS::Sw design exists and opened at  C:/Users/wht20/Desktop/ece385/lab5/5_1/mb_intro_top/microblaze_0/standalone_microblaze_0/bsp/system.mss
TRACE::2024-07-18.17:39:47::SCWPlatform::Trying to open the hw design at C:/Users/wht20/Desktop/ece385/lab5/5_1/mb_intro_top/hw/mb_intro_top.xsa
TRACE::2024-07-18.17:39:47::SCWPlatform::DSA given C:/Users/wht20/Desktop/ece385/lab5/5_1/mb_intro_top/hw/mb_intro_top.xsa
TRACE::2024-07-18.17:39:47::SCWPlatform::DSA absoulate path C:/Users/wht20/Desktop/ece385/lab5/5_1/mb_intro_top/hw/mb_intro_top.xsa
TRACE::2024-07-18.17:39:47::SCWPlatform::DSA directory C:/Users/wht20/Desktop/ece385/lab5/5_1/mb_intro_top/hw
TRACE::2024-07-18.17:39:47::SCWPlatform:: Platform Path C:/Users/wht20/Desktop/ece385/lab5/5_1/mb_intro_top/hw/mb_intro_top.xsa
TRACE::2024-07-18.17:39:47::SCWPlatform:: Unique name xilinx:::0.0
TRACE::2024-07-18.17:39:47::SCWPlatform::Trying to set the existing hwdb with name mb_intro_top_0
TRACE::2024-07-18.17:39:47::SCWPlatform::Opened existing hwdb mb_intro_top_0
TRACE::2024-07-18.17:39:47::SCWPlatform::Found the Hw Db part of the input DSA
TRACE::2024-07-18.17:39:47::SCWMssOS::Checking the sw design at  C:/Users/wht20/Desktop/ece385/lab5/5_1/mb_intro_top/microblaze_0/standalone_microblaze_0/bsp/system.mss
TRACE::2024-07-18.17:39:47::SCWMssOS::DEBUG:  swdes dump  C:/Users/wht20/Desktop/ece385/lab5/5_1/mb_intro_top/microblaze_0/standalone_microblaze_0/bsp/system.mss|system||

TRACE::2024-07-18.17:39:47::SCWMssOS::Sw design exists and opened at  C:/Users/wht20/Desktop/ece385/lab5/5_1/mb_intro_top/microblaze_0/standalone_microblaze_0/bsp/system.mss
TRACE::2024-07-18.17:39:47::SCWWriter::formatted JSON is {
	"platformName":	"mb_intro_top",
	"sprVersion":	"2.0",
	"mode":	"gui",
	"dsaType":	"Fixed",
	"platformDesc":	"mb_intro_top",
	"platHandOff":	"C:/Users/wht20/Desktop/ece385/lab5/Soc/mb_intro_top.xsa",
	"platIntHandOff":	"<platformDir>/hw/mb_intro_top.xsa",
	"deviceType":	"FPGA",
	"platIsPrebuiltAutogen":	"false",
	"platIsNoBootBsp":	"false",
	"hasFsblMakeHasChanges":	"false",
	"hasPmufwMakeHasChanges":	"false",
	"platPreBuiltFlag":	false,
	"platformSamplesDir":	"",
	"platActiveSys":	"mb_intro_top",
	"systems":	[{
			"systemName":	"mb_intro_top",
			"systemDesc":	"mb_intro_top",
			"sysIsBootAutoGen":	"true",
			"systemDispName":	"mb_intro_top",
			"sysActiveDom":	"standalone_microblaze_0",
			"sysDefaultDom":	"standalone_microblaze_0",
			"domains":	[{
					"domainName":	"standalone_microblaze_0",
					"domainDispName":	"standalone_microblaze_0",
					"domainDesc":	"standalone_microblaze_0",
					"processors":	"microblaze_0",
					"os":	"standalone",
					"sdxOs":	"standalone",
					"debugEnable":	"False",
					"domRuntimes":	["cpp"],
					"swRepo":	"",
					"mssOsVer":	"9.1",
					"mssFile":	"",
					"md5Digest":	"7910dbc9f13f017aed77d546fcac446a",
					"compatibleApp":	"hello_world",
					"domType":	"mssDomain",
					"arch":	"32-bit",
					"appSettings":	{
						"appCompilerFlags":	"",
						"appLinkerFlags":	""
					},
					"addedLibs":	[],
					"libOptions":	{
						"libsContainingOptions":	[]
					},
					"prebuiltLibs":	{
						"prebuiltIncPath":	[],
						"prebuiltLibPath":	[]
					},
					"isolation":	{
					}
				}]
		}]
}
KEYINFO::2024-07-18.17:39:47::SCWPlatform::updated the xpfm file.
TRACE::2024-07-18.17:39:47::SCWPlatform::Trying to open the hw design at C:/Users/wht20/Desktop/ece385/lab5/5_1/mb_intro_top/hw/mb_intro_top.xsa
TRACE::2024-07-18.17:39:47::SCWPlatform::DSA given C:/Users/wht20/Desktop/ece385/lab5/5_1/mb_intro_top/hw/mb_intro_top.xsa
TRACE::2024-07-18.17:39:47::SCWPlatform::DSA absoulate path C:/Users/wht20/Desktop/ece385/lab5/5_1/mb_intro_top/hw/mb_intro_top.xsa
TRACE::2024-07-18.17:39:47::SCWPlatform::DSA directory C:/Users/wht20/Desktop/ece385/lab5/5_1/mb_intro_top/hw
TRACE::2024-07-18.17:39:47::SCWPlatform:: Platform Path C:/Users/wht20/Desktop/ece385/lab5/5_1/mb_intro_top/hw/mb_intro_top.xsa
TRACE::2024-07-18.17:39:47::SCWPlatform:: Unique name xilinx:::0.0
TRACE::2024-07-18.17:39:47::SCWPlatform::Trying to set the existing hwdb with name mb_intro_top_0
TRACE::2024-07-18.17:39:47::SCWPlatform::Opened existing hwdb mb_intro_top_0
TRACE::2024-07-18.17:39:47::SCWPlatform::Found the Hw Db part of the input DSA
TRACE::2024-07-18.17:39:47::SCWMssOS::Checking the sw design at  C:/Users/wht20/Desktop/ece385/lab5/5_1/mb_intro_top/microblaze_0/standalone_microblaze_0/bsp/system.mss
TRACE::2024-07-18.17:39:47::SCWMssOS::DEBUG:  swdes dump  C:/Users/wht20/Desktop/ece385/lab5/5_1/mb_intro_top/microblaze_0/standalone_microblaze_0/bsp/system.mss|system||

TRACE::2024-07-18.17:39:47::SCWMssOS::Sw design exists and opened at  C:/Users/wht20/Desktop/ece385/lab5/5_1/mb_intro_top/microblaze_0/standalone_microblaze_0/bsp/system.mss
TRACE::2024-07-18.17:39:47::SCWMssOS::Saving the mss changes C:/Users/wht20/Desktop/ece385/lab5/5_1/mb_intro_top/microblaze_0/standalone_microblaze_0/bsp/system.mss
TRACE::2024-07-18.17:39:47::SCWMssOS::Found a swdesign opened with the mssfile.
TRACE::2024-07-18.17:39:47::SCWMssOS::Completed writemss as part of save.
TRACE::2024-07-18.17:39:47::SCWMssOS::Commit changes completed.
TRACE::2024-07-18.17:39:47::SCWPlatform::Trying to open the hw design at C:/Users/wht20/Desktop/ece385/lab5/5_1/mb_intro_top/hw/mb_intro_top.xsa
TRACE::2024-07-18.17:39:47::SCWPlatform::DSA given C:/Users/wht20/Desktop/ece385/lab5/5_1/mb_intro_top/hw/mb_intro_top.xsa
TRACE::2024-07-18.17:39:47::SCWPlatform::DSA absoulate path C:/Users/wht20/Desktop/ece385/lab5/5_1/mb_intro_top/hw/mb_intro_top.xsa
TRACE::2024-07-18.17:39:47::SCWPlatform::DSA directory C:/Users/wht20/Desktop/ece385/lab5/5_1/mb_intro_top/hw
TRACE::2024-07-18.17:39:47::SCWPlatform:: Platform Path C:/Users/wht20/Desktop/ece385/lab5/5_1/mb_intro_top/hw/mb_intro_top.xsa
TRACE::2024-07-18.17:39:47::SCWPlatform:: Unique name xilinx:::0.0
TRACE::2024-07-18.17:39:47::SCWPlatform::Trying to set the existing hwdb with name mb_intro_top_0
TRACE::2024-07-18.17:39:47::SCWPlatform::Opened existing hwdb mb_intro_top_0
TRACE::2024-07-18.17:39:47::SCWPlatform::Found the Hw Db part of the input DSA
TRACE::2024-07-18.17:39:47::SCWMssOS::Checking the sw design at  C:/Users/wht20/Desktop/ece385/lab5/5_1/mb_intro_top/microblaze_0/standalone_microblaze_0/bsp/system.mss
TRACE::2024-07-18.17:39:47::SCWMssOS::DEBUG:  swdes dump  C:/Users/wht20/Desktop/ece385/lab5/5_1/mb_intro_top/microblaze_0/standalone_microblaze_0/bsp/system.mss|system||

TRACE::2024-07-18.17:39:47::SCWMssOS::Sw design exists and opened at  C:/Users/wht20/Desktop/ece385/lab5/5_1/mb_intro_top/microblaze_0/standalone_microblaze_0/bsp/system.mss
TRACE::2024-07-18.17:39:47::SCWPlatform::Trying to open the hw design at C:/Users/wht20/Desktop/ece385/lab5/5_1/mb_intro_top/hw/mb_intro_top.xsa
TRACE::2024-07-18.17:39:47::SCWPlatform::DSA given C:/Users/wht20/Desktop/ece385/lab5/5_1/mb_intro_top/hw/mb_intro_top.xsa
TRACE::2024-07-18.17:39:47::SCWPlatform::DSA absoulate path C:/Users/wht20/Desktop/ece385/lab5/5_1/mb_intro_top/hw/mb_intro_top.xsa
TRACE::2024-07-18.17:39:47::SCWPlatform::DSA directory C:/Users/wht20/Desktop/ece385/lab5/5_1/mb_intro_top/hw
TRACE::2024-07-18.17:39:47::SCWPlatform:: Platform Path C:/Users/wht20/Desktop/ece385/lab5/5_1/mb_intro_top/hw/mb_intro_top.xsa
TRACE::2024-07-18.17:39:47::SCWPlatform:: Unique name xilinx:::0.0
TRACE::2024-07-18.17:39:47::SCWPlatform::Trying to set the existing hwdb with name mb_intro_top_0
TRACE::2024-07-18.17:39:47::SCWPlatform::Opened existing hwdb mb_intro_top_0
TRACE::2024-07-18.17:39:47::SCWPlatform::Found the Hw Db part of the input DSA
TRACE::2024-07-18.17:39:47::SCWMssOS::Checking the sw design at  C:/Users/wht20/Desktop/ece385/lab5/5_1/mb_intro_top/microblaze_0/standalone_microblaze_0/bsp/system.mss
TRACE::2024-07-18.17:39:47::SCWMssOS::DEBUG:  swdes dump  C:/Users/wht20/Desktop/ece385/lab5/5_1/mb_intro_top/microblaze_0/standalone_microblaze_0/bsp/system.mss|system||

TRACE::2024-07-18.17:39:47::SCWMssOS::Sw design exists and opened at  C:/Users/wht20/Desktop/ece385/lab5/5_1/mb_intro_top/microblaze_0/standalone_microblaze_0/bsp/system.mss
TRACE::2024-07-18.17:39:47::SCWPlatform::Trying to open the hw design at C:/Users/wht20/Desktop/ece385/lab5/5_1/mb_intro_top/hw/mb_intro_top.xsa
TRACE::2024-07-18.17:39:47::SCWPlatform::DSA given C:/Users/wht20/Desktop/ece385/lab5/5_1/mb_intro_top/hw/mb_intro_top.xsa
TRACE::2024-07-18.17:39:47::SCWPlatform::DSA absoulate path C:/Users/wht20/Desktop/ece385/lab5/5_1/mb_intro_top/hw/mb_intro_top.xsa
TRACE::2024-07-18.17:39:47::SCWPlatform::DSA directory C:/Users/wht20/Desktop/ece385/lab5/5_1/mb_intro_top/hw
TRACE::2024-07-18.17:39:47::SCWPlatform:: Platform Path C:/Users/wht20/Desktop/ece385/lab5/5_1/mb_intro_top/hw/mb_intro_top.xsa
TRACE::2024-07-18.17:39:47::SCWPlatform:: Unique name xilinx:::0.0
TRACE::2024-07-18.17:39:47::SCWPlatform::Trying to set the existing hwdb with name mb_intro_top_0
TRACE::2024-07-18.17:39:47::SCWPlatform::Opened existing hwdb mb_intro_top_0
TRACE::2024-07-18.17:39:47::SCWPlatform::Found the Hw Db part of the input DSA
TRACE::2024-07-18.17:39:47::SCWMssOS::Checking the sw design at  C:/Users/wht20/Desktop/ece385/lab5/5_1/mb_intro_top/microblaze_0/standalone_microblaze_0/bsp/system.mss
TRACE::2024-07-18.17:39:47::SCWMssOS::DEBUG:  swdes dump  C:/Users/wht20/Desktop/ece385/lab5/5_1/mb_intro_top/microblaze_0/standalone_microblaze_0/bsp/system.mss|system||

TRACE::2024-07-18.17:39:47::SCWMssOS::Sw design exists and opened at  C:/Users/wht20/Desktop/ece385/lab5/5_1/mb_intro_top/microblaze_0/standalone_microblaze_0/bsp/system.mss
TRACE::2024-07-18.17:39:47::SCWWriter::formatted JSON is {
	"platformName":	"mb_intro_top",
	"sprVersion":	"2.0",
	"mode":	"gui",
	"dsaType":	"Fixed",
	"platformDesc":	"mb_intro_top",
	"platHandOff":	"C:/Users/wht20/Desktop/ece385/lab5/Soc/mb_intro_top.xsa",
	"platIntHandOff":	"<platformDir>/hw/mb_intro_top.xsa",
	"deviceType":	"FPGA",
	"platIsPrebuiltAutogen":	"false",
	"platIsNoBootBsp":	"false",
	"hasFsblMakeHasChanges":	"false",
	"hasPmufwMakeHasChanges":	"false",
	"platPreBuiltFlag":	false,
	"platformSamplesDir":	"",
	"platActiveSys":	"mb_intro_top",
	"systems":	[{
			"systemName":	"mb_intro_top",
			"systemDesc":	"mb_intro_top",
			"sysIsBootAutoGen":	"true",
			"systemDispName":	"mb_intro_top",
			"sysActiveDom":	"standalone_microblaze_0",
			"sysDefaultDom":	"standalone_microblaze_0",
			"domains":	[{
					"domainName":	"standalone_microblaze_0",
					"domainDispName":	"standalone_microblaze_0",
					"domainDesc":	"standalone_microblaze_0",
					"processors":	"microblaze_0",
					"os":	"standalone",
					"sdxOs":	"standalone",
					"debugEnable":	"False",
					"domRuntimes":	["cpp"],
					"swRepo":	"",
					"mssOsVer":	"9.1",
					"mssFile":	"",
					"md5Digest":	"7910dbc9f13f017aed77d546fcac446a",
					"compatibleApp":	"hello_world",
					"domType":	"mssDomain",
					"arch":	"32-bit",
					"appSettings":	{
						"appCompilerFlags":	"",
						"appLinkerFlags":	""
					},
					"addedLibs":	[],
					"libOptions":	{
						"libsContainingOptions":	[]
					},
					"prebuiltLibs":	{
						"prebuiltIncPath":	[],
						"prebuiltLibPath":	[]
					},
					"isolation":	{
					}
				}]
		}]
}
TRACE::2024-07-18.17:39:47::SCWPlatform::Trying to open the hw design at C:/Users/wht20/Desktop/ece385/lab5/5_1/mb_intro_top/hw/mb_intro_top.xsa
TRACE::2024-07-18.17:39:47::SCWPlatform::DSA given C:/Users/wht20/Desktop/ece385/lab5/5_1/mb_intro_top/hw/mb_intro_top.xsa
TRACE::2024-07-18.17:39:47::SCWPlatform::DSA absoulate path C:/Users/wht20/Desktop/ece385/lab5/5_1/mb_intro_top/hw/mb_intro_top.xsa
TRACE::2024-07-18.17:39:47::SCWPlatform::DSA directory C:/Users/wht20/Desktop/ece385/lab5/5_1/mb_intro_top/hw
TRACE::2024-07-18.17:39:47::SCWPlatform:: Platform Path C:/Users/wht20/Desktop/ece385/lab5/5_1/mb_intro_top/hw/mb_intro_top.xsa
TRACE::2024-07-18.17:39:47::SCWPlatform:: Unique name xilinx:::0.0
TRACE::2024-07-18.17:39:47::SCWPlatform::Trying to set the existing hwdb with name mb_intro_top_0
TRACE::2024-07-18.17:39:47::SCWPlatform::Opened existing hwdb mb_intro_top_0
TRACE::2024-07-18.17:39:47::SCWPlatform::Found the Hw Db part of the input DSA
TRACE::2024-07-18.17:39:47::SCWMssOS::Checking the sw design at  C:/Users/wht20/Desktop/ece385/lab5/5_1/mb_intro_top/microblaze_0/standalone_microblaze_0/bsp/system.mss
TRACE::2024-07-18.17:39:47::SCWMssOS::DEBUG:  swdes dump  C:/Users/wht20/Desktop/ece385/lab5/5_1/mb_intro_top/microblaze_0/standalone_microblaze_0/bsp/system.mss|system||

TRACE::2024-07-18.17:39:47::SCWMssOS::Sw design exists and opened at  C:/Users/wht20/Desktop/ece385/lab5/5_1/mb_intro_top/microblaze_0/standalone_microblaze_0/bsp/system.mss
TRACE::2024-07-18.17:39:47::SCWPlatform::Trying to open the hw design at C:/Users/wht20/Desktop/ece385/lab5/5_1/mb_intro_top/hw/mb_intro_top.xsa
TRACE::2024-07-18.17:39:47::SCWPlatform::DSA given C:/Users/wht20/Desktop/ece385/lab5/5_1/mb_intro_top/hw/mb_intro_top.xsa
TRACE::2024-07-18.17:39:47::SCWPlatform::DSA absoulate path C:/Users/wht20/Desktop/ece385/lab5/5_1/mb_intro_top/hw/mb_intro_top.xsa
TRACE::2024-07-18.17:39:47::SCWPlatform::DSA directory C:/Users/wht20/Desktop/ece385/lab5/5_1/mb_intro_top/hw
TRACE::2024-07-18.17:39:47::SCWPlatform:: Platform Path C:/Users/wht20/Desktop/ece385/lab5/5_1/mb_intro_top/hw/mb_intro_top.xsa
TRACE::2024-07-18.17:39:47::SCWPlatform:: Unique name xilinx:::0.0
TRACE::2024-07-18.17:39:47::SCWPlatform::Trying to set the existing hwdb with name mb_intro_top_0
TRACE::2024-07-18.17:39:47::SCWPlatform::Opened existing hwdb mb_intro_top_0
TRACE::2024-07-18.17:39:47::SCWPlatform::Found the Hw Db part of the input DSA
TRACE::2024-07-18.17:39:47::SCWMssOS::Checking the sw design at  C:/Users/wht20/Desktop/ece385/lab5/5_1/mb_intro_top/microblaze_0/standalone_microblaze_0/bsp/system.mss
TRACE::2024-07-18.17:39:47::SCWMssOS::DEBUG:  swdes dump  C:/Users/wht20/Desktop/ece385/lab5/5_1/mb_intro_top/microblaze_0/standalone_microblaze_0/bsp/system.mss|system||

TRACE::2024-07-18.17:39:47::SCWMssOS::Sw design exists and opened at  C:/Users/wht20/Desktop/ece385/lab5/5_1/mb_intro_top/microblaze_0/standalone_microblaze_0/bsp/system.mss
TRACE::2024-07-18.17:39:47::SCWMssOS::Saving the mss changes C:/Users/wht20/Desktop/ece385/lab5/5_1/mb_intro_top/microblaze_0/standalone_microblaze_0/bsp/system.mss
TRACE::2024-07-18.17:39:47::SCWMssOS::Found a swdesign opened with the mssfile.
TRACE::2024-07-18.17:39:47::SCWMssOS::Completed writemss as part of save.
TRACE::2024-07-18.17:39:47::SCWMssOS::Commit changes completed.
TRACE::2024-07-18.17:39:47::SCWPlatform::Trying to open the hw design at C:/Users/wht20/Desktop/ece385/lab5/5_1/mb_intro_top/hw/mb_intro_top.xsa
TRACE::2024-07-18.17:39:47::SCWPlatform::DSA given C:/Users/wht20/Desktop/ece385/lab5/5_1/mb_intro_top/hw/mb_intro_top.xsa
TRACE::2024-07-18.17:39:47::SCWPlatform::DSA absoulate path C:/Users/wht20/Desktop/ece385/lab5/5_1/mb_intro_top/hw/mb_intro_top.xsa
TRACE::2024-07-18.17:39:47::SCWPlatform::DSA directory C:/Users/wht20/Desktop/ece385/lab5/5_1/mb_intro_top/hw
TRACE::2024-07-18.17:39:47::SCWPlatform:: Platform Path C:/Users/wht20/Desktop/ece385/lab5/5_1/mb_intro_top/hw/mb_intro_top.xsa
TRACE::2024-07-18.17:39:47::SCWPlatform:: Unique name xilinx:::0.0
TRACE::2024-07-18.17:39:47::SCWPlatform::Trying to set the existing hwdb with name mb_intro_top_0
TRACE::2024-07-18.17:39:47::SCWPlatform::Opened existing hwdb mb_intro_top_0
TRACE::2024-07-18.17:39:47::SCWPlatform::Found the Hw Db part of the input DSA
TRACE::2024-07-18.17:39:47::SCWMssOS::Checking the sw design at  C:/Users/wht20/Desktop/ece385/lab5/5_1/mb_intro_top/microblaze_0/standalone_microblaze_0/bsp/system.mss
TRACE::2024-07-18.17:39:47::SCWMssOS::DEBUG:  swdes dump  C:/Users/wht20/Desktop/ece385/lab5/5_1/mb_intro_top/microblaze_0/standalone_microblaze_0/bsp/system.mss|system||

TRACE::2024-07-18.17:39:47::SCWMssOS::Sw design exists and opened at  C:/Users/wht20/Desktop/ece385/lab5/5_1/mb_intro_top/microblaze_0/standalone_microblaze_0/bsp/system.mss
TRACE::2024-07-18.17:39:47::SCWPlatform::Trying to open the hw design at C:/Users/wht20/Desktop/ece385/lab5/5_1/mb_intro_top/hw/mb_intro_top.xsa
TRACE::2024-07-18.17:39:47::SCWPlatform::DSA given C:/Users/wht20/Desktop/ece385/lab5/5_1/mb_intro_top/hw/mb_intro_top.xsa
TRACE::2024-07-18.17:39:47::SCWPlatform::DSA absoulate path C:/Users/wht20/Desktop/ece385/lab5/5_1/mb_intro_top/hw/mb_intro_top.xsa
TRACE::2024-07-18.17:39:47::SCWPlatform::DSA directory C:/Users/wht20/Desktop/ece385/lab5/5_1/mb_intro_top/hw
TRACE::2024-07-18.17:39:47::SCWPlatform:: Platform Path C:/Users/wht20/Desktop/ece385/lab5/5_1/mb_intro_top/hw/mb_intro_top.xsa
TRACE::2024-07-18.17:39:47::SCWPlatform:: Unique name xilinx:::0.0
TRACE::2024-07-18.17:39:47::SCWPlatform::Trying to set the existing hwdb with name mb_intro_top_0
TRACE::2024-07-18.17:39:47::SCWPlatform::Opened existing hwdb mb_intro_top_0
TRACE::2024-07-18.17:39:47::SCWPlatform::Found the Hw Db part of the input DSA
TRACE::2024-07-18.17:39:47::SCWMssOS::Checking the sw design at  C:/Users/wht20/Desktop/ece385/lab5/5_1/mb_intro_top/microblaze_0/standalone_microblaze_0/bsp/system.mss
TRACE::2024-07-18.17:39:47::SCWMssOS::DEBUG:  swdes dump  C:/Users/wht20/Desktop/ece385/lab5/5_1/mb_intro_top/microblaze_0/standalone_microblaze_0/bsp/system.mss|system||

TRACE::2024-07-18.17:39:47::SCWMssOS::Sw design exists and opened at  C:/Users/wht20/Desktop/ece385/lab5/5_1/mb_intro_top/microblaze_0/standalone_microblaze_0/bsp/system.mss
TRACE::2024-07-18.17:39:47::SCWPlatform::Trying to open the hw design at C:/Users/wht20/Desktop/ece385/lab5/5_1/mb_intro_top/hw/mb_intro_top.xsa
TRACE::2024-07-18.17:39:47::SCWPlatform::DSA given C:/Users/wht20/Desktop/ece385/lab5/5_1/mb_intro_top/hw/mb_intro_top.xsa
TRACE::2024-07-18.17:39:47::SCWPlatform::DSA absoulate path C:/Users/wht20/Desktop/ece385/lab5/5_1/mb_intro_top/hw/mb_intro_top.xsa
TRACE::2024-07-18.17:39:47::SCWPlatform::DSA directory C:/Users/wht20/Desktop/ece385/lab5/5_1/mb_intro_top/hw
TRACE::2024-07-18.17:39:47::SCWPlatform:: Platform Path C:/Users/wht20/Desktop/ece385/lab5/5_1/mb_intro_top/hw/mb_intro_top.xsa
TRACE::2024-07-18.17:39:47::SCWPlatform:: Unique name xilinx:::0.0
TRACE::2024-07-18.17:39:47::SCWPlatform::Trying to set the existing hwdb with name mb_intro_top_0
TRACE::2024-07-18.17:39:47::SCWPlatform::Opened existing hwdb mb_intro_top_0
TRACE::2024-07-18.17:39:47::SCWPlatform::Found the Hw Db part of the input DSA
TRACE::2024-07-18.17:39:47::SCWMssOS::Checking the sw design at  C:/Users/wht20/Desktop/ece385/lab5/5_1/mb_intro_top/microblaze_0/standalone_microblaze_0/bsp/system.mss
TRACE::2024-07-18.17:39:47::SCWMssOS::DEBUG:  swdes dump  C:/Users/wht20/Desktop/ece385/lab5/5_1/mb_intro_top/microblaze_0/standalone_microblaze_0/bsp/system.mss|system||

TRACE::2024-07-18.17:39:47::SCWMssOS::Sw design exists and opened at  C:/Users/wht20/Desktop/ece385/lab5/5_1/mb_intro_top/microblaze_0/standalone_microblaze_0/bsp/system.mss
TRACE::2024-07-18.17:39:47::SCWWriter::formatted JSON is {
	"platformName":	"mb_intro_top",
	"sprVersion":	"2.0",
	"mode":	"gui",
	"dsaType":	"Fixed",
	"platformDesc":	"mb_intro_top",
	"platHandOff":	"C:/Users/wht20/Desktop/ece385/lab5/Soc/mb_intro_top.xsa",
	"platIntHandOff":	"<platformDir>/hw/mb_intro_top.xsa",
	"deviceType":	"FPGA",
	"platIsPrebuiltAutogen":	"false",
	"platIsNoBootBsp":	"false",
	"hasFsblMakeHasChanges":	"false",
	"hasPmufwMakeHasChanges":	"false",
	"platPreBuiltFlag":	false,
	"platformSamplesDir":	"",
	"platActiveSys":	"mb_intro_top",
	"systems":	[{
			"systemName":	"mb_intro_top",
			"systemDesc":	"mb_intro_top",
			"sysIsBootAutoGen":	"true",
			"systemDispName":	"mb_intro_top",
			"sysActiveDom":	"standalone_microblaze_0",
			"sysDefaultDom":	"standalone_microblaze_0",
			"domains":	[{
					"domainName":	"standalone_microblaze_0",
					"domainDispName":	"standalone_microblaze_0",
					"domainDesc":	"standalone_microblaze_0",
					"processors":	"microblaze_0",
					"os":	"standalone",
					"sdxOs":	"standalone",
					"debugEnable":	"False",
					"domRuntimes":	["cpp"],
					"swRepo":	"",
					"mssOsVer":	"9.1",
					"mssFile":	"",
					"md5Digest":	"7910dbc9f13f017aed77d546fcac446a",
					"compatibleApp":	"hello_world",
					"domType":	"mssDomain",
					"arch":	"32-bit",
					"appSettings":	{
						"appCompilerFlags":	"",
						"appLinkerFlags":	""
					},
					"addedLibs":	[],
					"libOptions":	{
						"libsContainingOptions":	[]
					},
					"prebuiltLibs":	{
						"prebuiltIncPath":	[],
						"prebuiltLibPath":	[]
					},
					"isolation":	{
					}
				}]
		}]
}
LOG::2024-07-18.17:39:47::SCWPlatform::Started generating the artifacts platform mb_intro_top
TRACE::2024-07-18.17:39:47::SCWPlatform::Sanity checking of platform is completed
LOG::2024-07-18.17:39:47::SCWPlatform::Started generating the artifacts for system configuration mb_intro_top
LOG::2024-07-18.17:39:47::SCWSystem::Started Processing the domain standalone_microblaze_0
TRACE::2024-07-18.17:39:47::SCWDomain::Generating domain artifcats
TRACE::2024-07-18.17:39:47::SCWMssOS::Generating standalone artifcats
TRACE::2024-07-18.17:39:47::SCWMssOS:: Copying the user libraries. 
TRACE::2024-07-18.17:39:47::SCWPlatform::Trying to open the hw design at C:/Users/wht20/Desktop/ece385/lab5/5_1/mb_intro_top/hw/mb_intro_top.xsa
TRACE::2024-07-18.17:39:47::SCWPlatform::DSA given C:/Users/wht20/Desktop/ece385/lab5/5_1/mb_intro_top/hw/mb_intro_top.xsa
TRACE::2024-07-18.17:39:47::SCWPlatform::DSA absoulate path C:/Users/wht20/Desktop/ece385/lab5/5_1/mb_intro_top/hw/mb_intro_top.xsa
TRACE::2024-07-18.17:39:47::SCWPlatform::DSA directory C:/Users/wht20/Desktop/ece385/lab5/5_1/mb_intro_top/hw
TRACE::2024-07-18.17:39:47::SCWPlatform:: Platform Path C:/Users/wht20/Desktop/ece385/lab5/5_1/mb_intro_top/hw/mb_intro_top.xsa
TRACE::2024-07-18.17:39:47::SCWPlatform:: Unique name xilinx:::0.0
TRACE::2024-07-18.17:39:47::SCWPlatform::Trying to set the existing hwdb with name mb_intro_top_0
TRACE::2024-07-18.17:39:47::SCWPlatform::Opened existing hwdb mb_intro_top_0
TRACE::2024-07-18.17:39:47::SCWPlatform::Found the Hw Db part of the input DSA
TRACE::2024-07-18.17:39:47::SCWMssOS::Checking the sw design at  C:/Users/wht20/Desktop/ece385/lab5/5_1/mb_intro_top/microblaze_0/standalone_microblaze_0/bsp/system.mss
TRACE::2024-07-18.17:39:47::SCWMssOS::DEBUG:  swdes dump  C:/Users/wht20/Desktop/ece385/lab5/5_1/mb_intro_top/microblaze_0/standalone_microblaze_0/bsp/system.mss|system||

TRACE::2024-07-18.17:39:47::SCWMssOS::Sw design exists and opened at  C:/Users/wht20/Desktop/ece385/lab5/5_1/mb_intro_top/microblaze_0/standalone_microblaze_0/bsp/system.mss
TRACE::2024-07-18.17:39:47::SCWMssOS::Completed writing the mss file at C:/Users/wht20/Desktop/ece385/lab5/5_1/mb_intro_top/microblaze_0/standalone_microblaze_0/bsp
TRACE::2024-07-18.17:39:47::SCWMssOS::Mss edits present, copying mssfile into export location C:/Users/wht20/Desktop/ece385/lab5/5_1/mb_intro_top/microblaze_0/standalone_microblaze_0/bsp/system.mss
TRACE::2024-07-18.17:39:47::SCWMssOS::bsp generated is upto date with the mss file. Skipping bsp generation.
TRACE::2024-07-18.17:39:47::SCWMssOS::BSP is already built. skipping the bsp build ... 
TRACE::2024-07-18.17:39:47::SCWDomain::Building the domain as part of full build :  standalone_microblaze_0
TRACE::2024-07-18.17:39:47::SCWMssOS::skipping the bsp build ... 
TRACE::2024-07-18.17:39:47::SCWMssOS::Copying to export directory.
TRACE::2024-07-18.17:39:47::SCWMssOS:: Checking if to create the Supporting Applications
TRACE::2024-07-18.17:39:47::SCWMssOS:: No Linux domain exists, trying to generate FSBL 
LOG::2024-07-18.17:39:47::SCWSystem::Completed Processing the domain standalone_microblaze_0
LOG::2024-07-18.17:39:47::SCWSystem::Completed Processing the sysconfig mb_intro_top
LOG::2024-07-18.17:39:47::SCWPlatform::Completed generating the artifacts for system configuration mb_intro_top
TRACE::2024-07-18.17:39:47::SCWPlatform::Started preparing the platform 
TRACE::2024-07-18.17:39:47::SCWSystem::Writing the bif file for system config mb_intro_top
TRACE::2024-07-18.17:39:47::SCWSystem::dir created 
TRACE::2024-07-18.17:39:47::SCWSystem::Writing the bif 
TRACE::2024-07-18.17:39:47::SCWPlatform::Started writing the spfm file 
TRACE::2024-07-18.17:39:47::SCWPlatform::Started writing the xpfm file 
TRACE::2024-07-18.17:39:47::SCWPlatform::Completed generating the platform
TRACE::2024-07-18.17:39:47::SCWMssOS::Saving the mss changes C:/Users/wht20/Desktop/ece385/lab5/5_1/mb_intro_top/microblaze_0/standalone_microblaze_0/bsp/system.mss
TRACE::2024-07-18.17:39:47::SCWMssOS::Found a swdesign opened with the mssfile.
TRACE::2024-07-18.17:39:47::SCWMssOS::Completed writemss as part of save.
TRACE::2024-07-18.17:39:47::SCWMssOS::Commit changes completed.
TRACE::2024-07-18.17:39:47::SCWPlatform::Trying to open the hw design at C:/Users/wht20/Desktop/ece385/lab5/5_1/mb_intro_top/hw/mb_intro_top.xsa
TRACE::2024-07-18.17:39:47::SCWPlatform::DSA given C:/Users/wht20/Desktop/ece385/lab5/5_1/mb_intro_top/hw/mb_intro_top.xsa
TRACE::2024-07-18.17:39:47::SCWPlatform::DSA absoulate path C:/Users/wht20/Desktop/ece385/lab5/5_1/mb_intro_top/hw/mb_intro_top.xsa
TRACE::2024-07-18.17:39:47::SCWPlatform::DSA directory C:/Users/wht20/Desktop/ece385/lab5/5_1/mb_intro_top/hw
TRACE::2024-07-18.17:39:47::SCWPlatform:: Platform Path C:/Users/wht20/Desktop/ece385/lab5/5_1/mb_intro_top/hw/mb_intro_top.xsa
TRACE::2024-07-18.17:39:47::SCWPlatform:: Unique name xilinx:::0.0
TRACE::2024-07-18.17:39:47::SCWPlatform::Trying to set the existing hwdb with name mb_intro_top_0
TRACE::2024-07-18.17:39:47::SCWPlatform::Opened existing hwdb mb_intro_top_0
TRACE::2024-07-18.17:39:47::SCWPlatform::Found the Hw Db part of the input DSA
TRACE::2024-07-18.17:39:47::SCWMssOS::Checking the sw design at  C:/Users/wht20/Desktop/ece385/lab5/5_1/mb_intro_top/microblaze_0/standalone_microblaze_0/bsp/system.mss
TRACE::2024-07-18.17:39:47::SCWMssOS::DEBUG:  swdes dump  C:/Users/wht20/Desktop/ece385/lab5/5_1/mb_intro_top/microblaze_0/standalone_microblaze_0/bsp/system.mss|system||

TRACE::2024-07-18.17:39:47::SCWMssOS::Sw design exists and opened at  C:/Users/wht20/Desktop/ece385/lab5/5_1/mb_intro_top/microblaze_0/standalone_microblaze_0/bsp/system.mss
TRACE::2024-07-18.17:39:47::SCWPlatform::Trying to open the hw design at C:/Users/wht20/Desktop/ece385/lab5/5_1/mb_intro_top/hw/mb_intro_top.xsa
TRACE::2024-07-18.17:39:47::SCWPlatform::DSA given C:/Users/wht20/Desktop/ece385/lab5/5_1/mb_intro_top/hw/mb_intro_top.xsa
TRACE::2024-07-18.17:39:47::SCWPlatform::DSA absoulate path C:/Users/wht20/Desktop/ece385/lab5/5_1/mb_intro_top/hw/mb_intro_top.xsa
TRACE::2024-07-18.17:39:47::SCWPlatform::DSA directory C:/Users/wht20/Desktop/ece385/lab5/5_1/mb_intro_top/hw
TRACE::2024-07-18.17:39:47::SCWPlatform:: Platform Path C:/Users/wht20/Desktop/ece385/lab5/5_1/mb_intro_top/hw/mb_intro_top.xsa
TRACE::2024-07-18.17:39:47::SCWPlatform:: Unique name xilinx:::0.0
TRACE::2024-07-18.17:39:47::SCWPlatform::Trying to set the existing hwdb with name mb_intro_top_0
TRACE::2024-07-18.17:39:47::SCWPlatform::Opened existing hwdb mb_intro_top_0
TRACE::2024-07-18.17:39:47::SCWPlatform::Found the Hw Db part of the input DSA
TRACE::2024-07-18.17:39:47::SCWMssOS::Checking the sw design at  C:/Users/wht20/Desktop/ece385/lab5/5_1/mb_intro_top/microblaze_0/standalone_microblaze_0/bsp/system.mss
TRACE::2024-07-18.17:39:47::SCWMssOS::DEBUG:  swdes dump  C:/Users/wht20/Desktop/ece385/lab5/5_1/mb_intro_top/microblaze_0/standalone_microblaze_0/bsp/system.mss|system||

TRACE::2024-07-18.17:39:47::SCWMssOS::Sw design exists and opened at  C:/Users/wht20/Desktop/ece385/lab5/5_1/mb_intro_top/microblaze_0/standalone_microblaze_0/bsp/system.mss
TRACE::2024-07-18.17:39:47::SCWPlatform::Trying to open the hw design at C:/Users/wht20/Desktop/ece385/lab5/5_1/mb_intro_top/hw/mb_intro_top.xsa
TRACE::2024-07-18.17:39:47::SCWPlatform::DSA given C:/Users/wht20/Desktop/ece385/lab5/5_1/mb_intro_top/hw/mb_intro_top.xsa
TRACE::2024-07-18.17:39:47::SCWPlatform::DSA absoulate path C:/Users/wht20/Desktop/ece385/lab5/5_1/mb_intro_top/hw/mb_intro_top.xsa
TRACE::2024-07-18.17:39:47::SCWPlatform::DSA directory C:/Users/wht20/Desktop/ece385/lab5/5_1/mb_intro_top/hw
TRACE::2024-07-18.17:39:47::SCWPlatform:: Platform Path C:/Users/wht20/Desktop/ece385/lab5/5_1/mb_intro_top/hw/mb_intro_top.xsa
TRACE::2024-07-18.17:39:47::SCWPlatform:: Unique name xilinx:::0.0
TRACE::2024-07-18.17:39:47::SCWPlatform::Trying to set the existing hwdb with name mb_intro_top_0
TRACE::2024-07-18.17:39:47::SCWPlatform::Opened existing hwdb mb_intro_top_0
TRACE::2024-07-18.17:39:47::SCWPlatform::Found the Hw Db part of the input DSA
TRACE::2024-07-18.17:39:47::SCWMssOS::Checking the sw design at  C:/Users/wht20/Desktop/ece385/lab5/5_1/mb_intro_top/microblaze_0/standalone_microblaze_0/bsp/system.mss
TRACE::2024-07-18.17:39:47::SCWMssOS::DEBUG:  swdes dump  C:/Users/wht20/Desktop/ece385/lab5/5_1/mb_intro_top/microblaze_0/standalone_microblaze_0/bsp/system.mss|system||

TRACE::2024-07-18.17:39:47::SCWMssOS::Sw design exists and opened at  C:/Users/wht20/Desktop/ece385/lab5/5_1/mb_intro_top/microblaze_0/standalone_microblaze_0/bsp/system.mss
TRACE::2024-07-18.17:39:47::SCWWriter::formatted JSON is {
	"platformName":	"mb_intro_top",
	"sprVersion":	"2.0",
	"mode":	"gui",
	"dsaType":	"Fixed",
	"platformDesc":	"mb_intro_top",
	"platHandOff":	"C:/Users/wht20/Desktop/ece385/lab5/Soc/mb_intro_top.xsa",
	"platIntHandOff":	"<platformDir>/hw/mb_intro_top.xsa",
	"deviceType":	"FPGA",
	"platIsPrebuiltAutogen":	"false",
	"platIsNoBootBsp":	"false",
	"hasFsblMakeHasChanges":	"false",
	"hasPmufwMakeHasChanges":	"false",
	"platPreBuiltFlag":	false,
	"platformSamplesDir":	"",
	"platActiveSys":	"mb_intro_top",
	"systems":	[{
			"systemName":	"mb_intro_top",
			"systemDesc":	"mb_intro_top",
			"sysIsBootAutoGen":	"true",
			"systemDispName":	"mb_intro_top",
			"sysActiveDom":	"standalone_microblaze_0",
			"sysDefaultDom":	"standalone_microblaze_0",
			"domains":	[{
					"domainName":	"standalone_microblaze_0",
					"domainDispName":	"standalone_microblaze_0",
					"domainDesc":	"standalone_microblaze_0",
					"processors":	"microblaze_0",
					"os":	"standalone",
					"sdxOs":	"standalone",
					"debugEnable":	"False",
					"domRuntimes":	["cpp"],
					"swRepo":	"",
					"mssOsVer":	"9.1",
					"mssFile":	"",
					"md5Digest":	"7910dbc9f13f017aed77d546fcac446a",
					"compatibleApp":	"hello_world",
					"domType":	"mssDomain",
					"arch":	"32-bit",
					"appSettings":	{
						"appCompilerFlags":	"",
						"appLinkerFlags":	""
					},
					"addedLibs":	[],
					"libOptions":	{
						"libsContainingOptions":	[]
					},
					"prebuiltLibs":	{
						"prebuiltIncPath":	[],
						"prebuiltLibPath":	[]
					},
					"isolation":	{
					}
				}]
		}]
}
KEYINFO::2024-07-18.17:39:47::SCWPlatform::updated the xpfm file.
LOG::2024-07-18.17:41:46::SCWPlatform::Started generating the artifacts platform mb_intro_top
TRACE::2024-07-18.17:41:46::SCWPlatform::Sanity checking of platform is completed
LOG::2024-07-18.17:41:46::SCWPlatform::Started generating the artifacts for system configuration mb_intro_top
LOG::2024-07-18.17:41:46::SCWSystem::Checking the domain standalone_microblaze_0
LOG::2024-07-18.17:41:46::SCWSystem::Not a boot domain 
LOG::2024-07-18.17:41:46::SCWSystem::Started Processing the domain standalone_microblaze_0
TRACE::2024-07-18.17:41:46::SCWDomain::Generating domain artifcats
TRACE::2024-07-18.17:41:46::SCWMssOS::Generating standalone artifcats
TRACE::2024-07-18.17:41:46::SCWMssOS:: Copying the user libraries. 
TRACE::2024-07-18.17:41:46::SCWPlatform::Trying to open the hw design at C:/Users/wht20/Desktop/ece385/lab5/5_1/mb_intro_top/hw/mb_intro_top.xsa
TRACE::2024-07-18.17:41:46::SCWPlatform::DSA given C:/Users/wht20/Desktop/ece385/lab5/5_1/mb_intro_top/hw/mb_intro_top.xsa
TRACE::2024-07-18.17:41:46::SCWPlatform::DSA absoulate path C:/Users/wht20/Desktop/ece385/lab5/5_1/mb_intro_top/hw/mb_intro_top.xsa
TRACE::2024-07-18.17:41:46::SCWPlatform::DSA directory C:/Users/wht20/Desktop/ece385/lab5/5_1/mb_intro_top/hw
TRACE::2024-07-18.17:41:46::SCWPlatform:: Platform Path C:/Users/wht20/Desktop/ece385/lab5/5_1/mb_intro_top/hw/mb_intro_top.xsa
TRACE::2024-07-18.17:41:46::SCWPlatform:: Unique name xilinx:::0.0
TRACE::2024-07-18.17:41:46::SCWPlatform::Trying to set the existing hwdb with name mb_intro_top_0
TRACE::2024-07-18.17:41:46::SCWPlatform::Opened existing hwdb mb_intro_top_0
TRACE::2024-07-18.17:41:46::SCWPlatform::Found the Hw Db part of the input DSA
TRACE::2024-07-18.17:41:46::SCWMssOS::Checking the sw design at  C:/Users/wht20/Desktop/ece385/lab5/5_1/mb_intro_top/microblaze_0/standalone_microblaze_0/bsp/system.mss
TRACE::2024-07-18.17:41:46::SCWMssOS::DEBUG:  swdes dump  C:/Users/wht20/Desktop/ece385/lab5/5_1/mb_intro_top/microblaze_0/standalone_microblaze_0/bsp/system.mss|system||

TRACE::2024-07-18.17:41:46::SCWMssOS::Sw design exists and opened at  C:/Users/wht20/Desktop/ece385/lab5/5_1/mb_intro_top/microblaze_0/standalone_microblaze_0/bsp/system.mss
TRACE::2024-07-18.17:41:46::SCWMssOS::Completed writing the mss file at C:/Users/wht20/Desktop/ece385/lab5/5_1/mb_intro_top/microblaze_0/standalone_microblaze_0/bsp
TRACE::2024-07-18.17:41:46::SCWMssOS::Mss edits present, copying mssfile into export location C:/Users/wht20/Desktop/ece385/lab5/5_1/mb_intro_top/microblaze_0/standalone_microblaze_0/bsp/system.mss
TRACE::2024-07-18.17:41:46::SCWMssOS::bsp generated is upto date with the mss file. Skipping bsp generation.
TRACE::2024-07-18.17:41:46::SCWMssOS::BSP is already built. skipping the bsp build ... 
TRACE::2024-07-18.17:41:46::SCWDomain::Building the domain as part of full build :  standalone_microblaze_0
TRACE::2024-07-18.17:41:46::SCWMssOS::doing bsp build ... 
TRACE::2024-07-18.17:41:46::SCWMssOS::System Command Ran  C: & cd  C:/Users/wht20/Desktop/ece385/lab5/5_1/mb_intro_top/microblaze_0/standalone_microblaze_0/bsp & make 
TRACE::2024-07-18.17:41:46::SCWMssOS::make --no-print-directory seq_libs

TRACE::2024-07-18.17:41:47::SCWMssOS::'Finished building libraries sequentially.'

TRACE::2024-07-18.17:41:47::SCWMssOS::make -j 14 --no-print-directory par_libs

TRACE::2024-07-18.17:41:47::SCWMssOS::"Running Make include in microblaze_0/libsrc/bram_v4_10/src"

TRACE::2024-07-18.17:41:47::SCWMssOS::make -C microblaze_0/libsrc/bram_v4_10/src -s include  "SHELL=CMD" "COMPILER=mb-gcc" "ASSEMBLER=mb-as" "ARCHIVER=mb-ar" "COMPIL
TRACE::2024-07-18.17:41:47::SCWMssOS::ER_FLAGS=  -O2 -c -mcpu=v11.0 -mlittle-endian -mno-xl-reorder -mno-xl-soft-mul -mxl-barrel-shift -mxl-pattern-compare" "EXTRA_C
TRACE::2024-07-18.17:41:47::SCWMssOS::OMPILER_FLAGS=-g -ffunction-sections -fdata-sections -Wall -Wextra -fno-tree-loop-distribute-patterns"

TRACE::2024-07-18.17:41:47::SCWMssOS::"Running Make include in microblaze_0/libsrc/cpu_v2_18/src"

TRACE::2024-07-18.17:41:47::SCWMssOS::make -C microblaze_0/libsrc/cpu_v2_18/src -s include  "SHELL=CMD" "COMPILER=mb-gcc" "ASSEMBLER=mb-as" "ARCHIVER=mb-ar" "COMPILE
TRACE::2024-07-18.17:41:47::SCWMssOS::R_FLAGS=  -O2 -c -mcpu=v11.0 -mlittle-endian -mno-xl-reorder -mno-xl-soft-mul -mxl-barrel-shift -mxl-pattern-compare" "EXTRA_CO
TRACE::2024-07-18.17:41:47::SCWMssOS::MPILER_FLAGS=-g -ffunction-sections -fdata-sections -Wall -Wextra -fno-tree-loop-distribute-patterns"

TRACE::2024-07-18.17:41:47::SCWMssOS::"Running Make include in microblaze_0/libsrc/gpio_v4_11/src"

TRACE::2024-07-18.17:41:48::SCWMssOS::make -C microblaze_0/libsrc/gpio_v4_11/src -s include  "SHELL=CMD" "COMPILER=mb-gcc" "ASSEMBLER=mb-as" "ARCHIVER=mb-ar" "COMPIL
TRACE::2024-07-18.17:41:48::SCWMssOS::ER_FLAGS=  -O2 -c -mcpu=v11.0 -mlittle-endian -mno-xl-reorder -mno-xl-soft-mul -mxl-barrel-shift -mxl-pattern-compare" "EXTRA_C
TRACE::2024-07-18.17:41:48::SCWMssOS::OMPILER_FLAGS=-g -ffunction-sections -fdata-sections -Wall -Wextra -fno-tree-loop-distribute-patterns"

TRACE::2024-07-18.17:41:48::SCWMssOS::"Running Make include in microblaze_0/libsrc/intc_v3_18/src"

TRACE::2024-07-18.17:41:48::SCWMssOS::make -C microblaze_0/libsrc/intc_v3_18/src -s include  "SHELL=CMD" "COMPILER=mb-gcc" "ASSEMBLER=mb-as" "ARCHIVER=mb-ar" "COMPIL
TRACE::2024-07-18.17:41:48::SCWMssOS::ER_FLAGS=  -O2 -c -mcpu=v11.0 -mlittle-endian -mno-xl-reorder -mno-xl-soft-mul -mxl-barrel-shift -mxl-pattern-compare" "EXTRA_C
TRACE::2024-07-18.17:41:48::SCWMssOS::OMPILER_FLAGS=-g -ffunction-sections -fdata-sections -Wall -Wextra -fno-tree-loop-distribute-patterns"

TRACE::2024-07-18.17:41:48::SCWMssOS::"Running Make include in microblaze_0/libsrc/standalone_v9_1/src"

TRACE::2024-07-18.17:41:48::SCWMssOS::make -C microblaze_0/libsrc/standalone_v9_1/src -s include  "SHELL=CMD" "COMPILER=mb-gcc" "ASSEMBLER=mb-as" "ARCHIVER=mb-ar" "C
TRACE::2024-07-18.17:41:48::SCWMssOS::OMPILER_FLAGS=  -O2 -c -mcpu=v11.0 -mlittle-endian -mno-xl-reorder -mno-xl-soft-mul -mxl-barrel-shift -mxl-pattern-compare" "EX
TRACE::2024-07-18.17:41:48::SCWMssOS::TRA_COMPILER_FLAGS=-g -ffunction-sections -fdata-sections -Wall -Wextra -fno-tree-loop-distribute-patterns"

TRACE::2024-07-18.17:41:48::SCWMssOS::"Running Make include in microblaze_0/libsrc/uartlite_v3_10/src"

TRACE::2024-07-18.17:41:48::SCWMssOS::make -C microblaze_0/libsrc/uartlite_v3_10/src -s include  "SHELL=CMD" "COMPILER=mb-gcc" "ASSEMBLER=mb-as" "ARCHIVER=mb-ar" "CO
TRACE::2024-07-18.17:41:48::SCWMssOS::MPILER_FLAGS=  -O2 -c -mcpu=v11.0 -mlittle-endian -mno-xl-reorder -mno-xl-soft-mul -mxl-barrel-shift -mxl-pattern-compare" "EXT
TRACE::2024-07-18.17:41:48::SCWMssOS::RA_COMPILER_FLAGS=-g -ffunction-sections -fdata-sections -Wall -Wextra -fno-tree-loop-distribute-patterns"

TRACE::2024-07-18.17:41:53::SCWMssOS::"Running Make libs in microblaze_0/libsrc/bram_v4_10/src"

TRACE::2024-07-18.17:41:53::SCWMssOS::make -C microblaze_0/libsrc/bram_v4_10/src -s libs  "SHELL=CMD" "COMPILER=mb-gcc" "ASSEMBLER=mb-as" "ARCHIVER=mb-ar" "COMPILER_
TRACE::2024-07-18.17:41:53::SCWMssOS::FLAGS=  -O2 -c -mcpu=v11.0 -mlittle-endian -mno-xl-reorder -mno-xl-soft-mul -mxl-barrel-shift -mxl-pattern-compare" "EXTRA_COMP
TRACE::2024-07-18.17:41:53::SCWMssOS::ILER_FLAGS=-g -ffunction-sections -fdata-sections -Wall -Wextra -fno-tree-loop-distribute-patterns"

TRACE::2024-07-18.17:41:53::SCWMssOS::"Running Make libs in microblaze_0/libsrc/cpu_v2_18/src"

TRACE::2024-07-18.17:41:53::SCWMssOS::make -C microblaze_0/libsrc/cpu_v2_18/src -s libs  "SHELL=CMD" "COMPILER=mb-gcc" "ASSEMBLER=mb-as" "ARCHIVER=mb-ar" "COMPILER_F
TRACE::2024-07-18.17:41:53::SCWMssOS::LAGS=  -O2 -c -mcpu=v11.0 -mlittle-endian -mno-xl-reorder -mno-xl-soft-mul -mxl-barrel-shift -mxl-pattern-compare" "EXTRA_COMPI
TRACE::2024-07-18.17:41:53::SCWMssOS::LER_FLAGS=-g -ffunction-sections -fdata-sections -Wall -Wextra -fno-tree-loop-distribute-patterns"

TRACE::2024-07-18.17:41:54::SCWMssOS::"Running Make libs in microblaze_0/libsrc/gpio_v4_11/src"

TRACE::2024-07-18.17:41:54::SCWMssOS::make -C microblaze_0/libsrc/gpio_v4_11/src -s libs  "SHELL=CMD" "COMPILER=mb-gcc" "ASSEMBLER=mb-as" "ARCHIVER=mb-ar" "COMPILER_
TRACE::2024-07-18.17:41:54::SCWMssOS::FLAGS=  -O2 -c -mcpu=v11.0 -mlittle-endian -mno-xl-reorder -mno-xl-soft-mul -mxl-barrel-shift -mxl-pattern-compare" "EXTRA_COMP
TRACE::2024-07-18.17:41:54::SCWMssOS::ILER_FLAGS=-g -ffunction-sections -fdata-sections -Wall -Wextra -fno-tree-loop-distribute-patterns"

TRACE::2024-07-18.17:41:54::SCWMssOS::"Running Make libs in microblaze_0/libsrc/intc_v3_18/src"

TRACE::2024-07-18.17:41:54::SCWMssOS::make -C microblaze_0/libsrc/intc_v3_18/src -s libs  "SHELL=CMD" "COMPILER=mb-gcc" "ASSEMBLER=mb-as" "ARCHIVER=mb-ar" "COMPILER_
TRACE::2024-07-18.17:41:54::SCWMssOS::FLAGS=  -O2 -c -mcpu=v11.0 -mlittle-endian -mno-xl-reorder -mno-xl-soft-mul -mxl-barrel-shift -mxl-pattern-compare" "EXTRA_COMP
TRACE::2024-07-18.17:41:54::SCWMssOS::ILER_FLAGS=-g -ffunction-sections -fdata-sections -Wall -Wextra -fno-tree-loop-distribute-patterns"

TRACE::2024-07-18.17:41:56::SCWMssOS::"Running Make libs in microblaze_0/libsrc/standalone_v9_1/src"

TRACE::2024-07-18.17:41:57::SCWMssOS::make -C microblaze_0/libsrc/standalone_v9_1/src -s libs  "SHELL=CMD" "COMPILER=mb-gcc" "ASSEMBLER=mb-as" "ARCHIVER=mb-ar" "COMP
TRACE::2024-07-18.17:41:57::SCWMssOS::ILER_FLAGS=  -O2 -c -mcpu=v11.0 -mlittle-endian -mno-xl-reorder -mno-xl-soft-mul -mxl-barrel-shift -mxl-pattern-compare" "EXTRA
TRACE::2024-07-18.17:41:57::SCWMssOS::_COMPILER_FLAGS=-g -ffunction-sections -fdata-sections -Wall -Wextra -fno-tree-loop-distribute-patterns"

TRACE::2024-07-18.17:41:57::SCWMssOS::"Running Make libs in microblaze_0/libsrc/uartlite_v3_10/src"

TRACE::2024-07-18.17:41:57::SCWMssOS::make -C microblaze_0/libsrc/uartlite_v3_10/src -s libs  "SHELL=CMD" "COMPILER=mb-gcc" "ASSEMBLER=mb-as" "ARCHIVER=mb-ar" "COMPI
TRACE::2024-07-18.17:41:57::SCWMssOS::LER_FLAGS=  -O2 -c -mcpu=v11.0 -mlittle-endian -mno-xl-reorder -mno-xl-soft-mul -mxl-barrel-shift -mxl-pattern-compare" "EXTRA_
TRACE::2024-07-18.17:41:57::SCWMssOS::COMPILER_FLAGS=-g -ffunction-sections -fdata-sections -Wall -Wextra -fno-tree-loop-distribute-patterns"

TRACE::2024-07-18.17:42:27::SCWMssOS::"DEBUG NON_LTO_OBJECTS is ../../../lib/microblaze_interrupt_handler.o"

TRACE::2024-07-18.17:42:28::SCWMssOS::'Finished building libraries parallelly.'

TRACE::2024-07-18.17:42:28::SCWMssOS::make --no-print-directory archive

TRACE::2024-07-18.17:42:28::SCWMssOS::mb-ar -r  microblaze_0/lib/libxil.a microblaze_0/lib/_exit.o microblaze_0/lib/errno.o microblaze_0/lib/fcntl.o microblaze_0/lib
TRACE::2024-07-18.17:42:28::SCWMssOS::/hw_exception_handler.o microblaze_0/lib/inbyte.o microblaze_0/lib/microblaze_disable_dcache.o microblaze_0/lib/microblaze_disa
TRACE::2024-07-18.17:42:28::SCWMssOS::ble_exceptions.o microblaze_0/lib/microblaze_disable_icache.o microblaze_0/lib/microblaze_disable_interrupts.o microblaze_0/lib
TRACE::2024-07-18.17:42:28::SCWMssOS::/microblaze_enable_dcache.o microblaze_0/lib/microblaze_enable_exceptions.o microblaze_0/lib/microblaze_enable_icache.o microbl
TRACE::2024-07-18.17:42:28::SCWMssOS::aze_0/lib/microblaze_enable_interrupts.o microblaze_0/lib/microblaze_exception_handler.o microblaze_0/lib/microblaze_flush_cach
TRACE::2024-07-18.17:42:28::SCWMssOS::e_ext.o microblaze_0/lib/microblaze_flush_cache_ext_range.o microblaze_0/lib/microblaze_flush_dcache.o microblaze_0/lib/microbl
TRACE::2024-07-18.17:42:28::SCWMssOS::aze_flush_dcache_range.o microblaze_0/lib/microblaze_init_dcache_range.o microblaze_0/lib/microblaze_init_icache_range.o microb
TRACE::2024-07-18.17:42:28::SCWMssOS::laze_0/lib/microblaze_interrupt_handler.o microblaze_0/lib/microblaze_interrupts_g.o microblaze_0/lib/microblaze_invalidate_cac
TRACE::2024-07-18.17:42:28::SCWMssOS::he_ext.o microblaze_0/lib/microblaze_invalidate_cache_ext_range.o microblaze_0/lib/microblaze_invalidate_dcache.o microblaze_0/
TRACE::2024-07-18.17:42:28::SCWMssOS::lib/microblaze_invalidate_dcache_range.o microblaze_0/lib/microblaze_invalidate_icache.o microblaze_0/lib/microblaze_invalidate
TRACE::2024-07-18.17:42:28::SCWMssOS::_icache_range.o microblaze_0/lib/microblaze_scrub.o microblaze_0/lib/microblaze_selftest.o microblaze_0/lib/microblaze_sleep.o 
TRACE::2024-07-18.17:42:28::SCWMssOS::microblaze_0/lib/microblaze_update_dcache.o microblaze_0/lib/microblaze_update_icache.o microblaze_0/lib/outbyte.o microblaze_0
TRACE::2024-07-18.17:42:28::SCWMssOS::/lib/print.o microblaze_0/lib/pvr.o microblaze_0/lib/xbram.o microblaze_0/lib/xbram_g.o microblaze_0/lib/xbram_intr.o microblaz
TRACE::2024-07-18.17:42:28::SCWMssOS::e_0/lib/xbram_selftest.o microblaze_0/lib/xbram_sinit.o microblaze_0/lib/xgpio.o microblaze_0/lib/xgpio_extra.o microblaze_0/li
TRACE::2024-07-18.17:42:28::SCWMssOS::b/xgpio_g.o microblaze_0/lib/xgpio_intr.o microblaze_0/lib/xgpio_selftest.o microblaze_0/lib/xgpio_sinit.o microblaze_0/lib/xil
TRACE::2024-07-18.17:42:28::SCWMssOS::_assert.o microblaze_0/lib/xil_cache.o microblaze_0/lib/xil_clocking.o microblaze_0/lib/xil_exception.o microblaze_0/lib/xil_me
TRACE::2024-07-18.17:42:28::SCWMssOS::m.o microblaze_0/lib/xil_misc_psreset_api.o microblaze_0/lib/xil_printf.o microblaze_0/lib/xil_sleepcommon.o microblaze_0/lib/x
TRACE::2024-07-18.17:42:28::SCWMssOS::il_testcache.o microblaze_0/lib/xil_testio.o microblaze_0/lib/xil_testmem.o microblaze_0/lib/xil_util.o microblaze_0/lib/xintc.
TRACE::2024-07-18.17:42:28::SCWMssOS::o microblaze_0/lib/xintc_g.o microblaze_0/lib/xintc_intr.o microblaze_0/lib/xintc_l.o microblaze_0/lib/xintc_options.o microbla
TRACE::2024-07-18.17:42:28::SCWMssOS::ze_0/lib/xintc_selftest.o microblaze_0/lib/xinterrupt_wrap.o microblaze_0/lib/xio.o microblaze_0/lib/xplatform_info.o microblaz
TRACE::2024-07-18.17:42:28::SCWMssOS::e_0/lib/xpm_init.o microblaze_0/lib/xuartlite.o microblaze_0/lib/xuartlite_g.o microblaze_0/lib/xuartlite_intr.o microblaze_0/l
TRACE::2024-07-18.17:42:28::SCWMssOS::ib/xuartlite_l.o microblaze_0/lib/xuartlite_selftest.o microblaze_0/lib/xuartlite_sinit.o microblaze_0/lib/xuartlite_stats.o

TRACE::2024-07-18.17:42:29::SCWMssOS::'Finished building libraries'

TRACE::2024-07-18.17:42:29::SCWMssOS::Copying to export directory.
TRACE::2024-07-18.17:42:30::SCWMssOS:: Checking if to create the Supporting Applications
TRACE::2024-07-18.17:42:30::SCWMssOS:: No Linux domain exists, trying to generate FSBL 
LOG::2024-07-18.17:42:30::SCWSystem::Completed Processing the domain standalone_microblaze_0
LOG::2024-07-18.17:42:30::SCWSystem::Completed Processing the sysconfig mb_intro_top
LOG::2024-07-18.17:42:30::SCWPlatform::Completed generating the artifacts for system configuration mb_intro_top
TRACE::2024-07-18.17:42:30::SCWPlatform::Started preparing the platform 
TRACE::2024-07-18.17:42:30::SCWSystem::Writing the bif file for system config mb_intro_top
TRACE::2024-07-18.17:42:30::SCWSystem::dir created 
TRACE::2024-07-18.17:42:30::SCWSystem::Writing the bif 
TRACE::2024-07-18.17:42:30::SCWPlatform::Started writing the spfm file 
TRACE::2024-07-18.17:42:30::SCWPlatform::Started writing the xpfm file 
TRACE::2024-07-18.17:42:30::SCWPlatform::Completed generating the platform
TRACE::2024-07-18.17:42:30::SCWMssOS::Saving the mss changes C:/Users/wht20/Desktop/ece385/lab5/5_1/mb_intro_top/microblaze_0/standalone_microblaze_0/bsp/system.mss
TRACE::2024-07-18.17:42:30::SCWMssOS::Found a swdesign opened with the mssfile.
TRACE::2024-07-18.17:42:30::SCWMssOS::Completed writemss as part of save.
TRACE::2024-07-18.17:42:30::SCWMssOS::Commit changes completed.
TRACE::2024-07-18.17:42:30::SCWPlatform::Trying to open the hw design at C:/Users/wht20/Desktop/ece385/lab5/5_1/mb_intro_top/hw/mb_intro_top.xsa
TRACE::2024-07-18.17:42:30::SCWPlatform::DSA given C:/Users/wht20/Desktop/ece385/lab5/5_1/mb_intro_top/hw/mb_intro_top.xsa
TRACE::2024-07-18.17:42:30::SCWPlatform::DSA absoulate path C:/Users/wht20/Desktop/ece385/lab5/5_1/mb_intro_top/hw/mb_intro_top.xsa
TRACE::2024-07-18.17:42:30::SCWPlatform::DSA directory C:/Users/wht20/Desktop/ece385/lab5/5_1/mb_intro_top/hw
TRACE::2024-07-18.17:42:30::SCWPlatform:: Platform Path C:/Users/wht20/Desktop/ece385/lab5/5_1/mb_intro_top/hw/mb_intro_top.xsa
TRACE::2024-07-18.17:42:30::SCWPlatform:: Unique name xilinx:::0.0
TRACE::2024-07-18.17:42:30::SCWPlatform::Trying to set the existing hwdb with name mb_intro_top_0
TRACE::2024-07-18.17:42:30::SCWPlatform::Opened existing hwdb mb_intro_top_0
TRACE::2024-07-18.17:42:30::SCWPlatform::Found the Hw Db part of the input DSA
TRACE::2024-07-18.17:42:30::SCWMssOS::Checking the sw design at  C:/Users/wht20/Desktop/ece385/lab5/5_1/mb_intro_top/microblaze_0/standalone_microblaze_0/bsp/system.mss
TRACE::2024-07-18.17:42:30::SCWMssOS::DEBUG:  swdes dump  C:/Users/wht20/Desktop/ece385/lab5/5_1/mb_intro_top/microblaze_0/standalone_microblaze_0/bsp/system.mss|system||

TRACE::2024-07-18.17:42:30::SCWMssOS::Sw design exists and opened at  C:/Users/wht20/Desktop/ece385/lab5/5_1/mb_intro_top/microblaze_0/standalone_microblaze_0/bsp/system.mss
TRACE::2024-07-18.17:42:30::SCWPlatform::Trying to open the hw design at C:/Users/wht20/Desktop/ece385/lab5/5_1/mb_intro_top/hw/mb_intro_top.xsa
TRACE::2024-07-18.17:42:30::SCWPlatform::DSA given C:/Users/wht20/Desktop/ece385/lab5/5_1/mb_intro_top/hw/mb_intro_top.xsa
TRACE::2024-07-18.17:42:30::SCWPlatform::DSA absoulate path C:/Users/wht20/Desktop/ece385/lab5/5_1/mb_intro_top/hw/mb_intro_top.xsa
TRACE::2024-07-18.17:42:30::SCWPlatform::DSA directory C:/Users/wht20/Desktop/ece385/lab5/5_1/mb_intro_top/hw
TRACE::2024-07-18.17:42:30::SCWPlatform:: Platform Path C:/Users/wht20/Desktop/ece385/lab5/5_1/mb_intro_top/hw/mb_intro_top.xsa
TRACE::2024-07-18.17:42:30::SCWPlatform:: Unique name xilinx:::0.0
TRACE::2024-07-18.17:42:30::SCWPlatform::Trying to set the existing hwdb with name mb_intro_top_0
TRACE::2024-07-18.17:42:30::SCWPlatform::Opened existing hwdb mb_intro_top_0
TRACE::2024-07-18.17:42:30::SCWPlatform::Found the Hw Db part of the input DSA
TRACE::2024-07-18.17:42:30::SCWMssOS::Checking the sw design at  C:/Users/wht20/Desktop/ece385/lab5/5_1/mb_intro_top/microblaze_0/standalone_microblaze_0/bsp/system.mss
TRACE::2024-07-18.17:42:30::SCWMssOS::DEBUG:  swdes dump  C:/Users/wht20/Desktop/ece385/lab5/5_1/mb_intro_top/microblaze_0/standalone_microblaze_0/bsp/system.mss|system||

TRACE::2024-07-18.17:42:30::SCWMssOS::Sw design exists and opened at  C:/Users/wht20/Desktop/ece385/lab5/5_1/mb_intro_top/microblaze_0/standalone_microblaze_0/bsp/system.mss
TRACE::2024-07-18.17:42:30::SCWPlatform::Trying to open the hw design at C:/Users/wht20/Desktop/ece385/lab5/5_1/mb_intro_top/hw/mb_intro_top.xsa
TRACE::2024-07-18.17:42:30::SCWPlatform::DSA given C:/Users/wht20/Desktop/ece385/lab5/5_1/mb_intro_top/hw/mb_intro_top.xsa
TRACE::2024-07-18.17:42:30::SCWPlatform::DSA absoulate path C:/Users/wht20/Desktop/ece385/lab5/5_1/mb_intro_top/hw/mb_intro_top.xsa
TRACE::2024-07-18.17:42:30::SCWPlatform::DSA directory C:/Users/wht20/Desktop/ece385/lab5/5_1/mb_intro_top/hw
TRACE::2024-07-18.17:42:30::SCWPlatform:: Platform Path C:/Users/wht20/Desktop/ece385/lab5/5_1/mb_intro_top/hw/mb_intro_top.xsa
TRACE::2024-07-18.17:42:30::SCWPlatform:: Unique name xilinx:::0.0
TRACE::2024-07-18.17:42:30::SCWPlatform::Trying to set the existing hwdb with name mb_intro_top_0
TRACE::2024-07-18.17:42:30::SCWPlatform::Opened existing hwdb mb_intro_top_0
TRACE::2024-07-18.17:42:30::SCWPlatform::Found the Hw Db part of the input DSA
TRACE::2024-07-18.17:42:30::SCWMssOS::Checking the sw design at  C:/Users/wht20/Desktop/ece385/lab5/5_1/mb_intro_top/microblaze_0/standalone_microblaze_0/bsp/system.mss
TRACE::2024-07-18.17:42:30::SCWMssOS::DEBUG:  swdes dump  C:/Users/wht20/Desktop/ece385/lab5/5_1/mb_intro_top/microblaze_0/standalone_microblaze_0/bsp/system.mss|system||

TRACE::2024-07-18.17:42:30::SCWMssOS::Sw design exists and opened at  C:/Users/wht20/Desktop/ece385/lab5/5_1/mb_intro_top/microblaze_0/standalone_microblaze_0/bsp/system.mss
TRACE::2024-07-18.17:42:30::SCWWriter::formatted JSON is {
	"platformName":	"mb_intro_top",
	"sprVersion":	"2.0",
	"mode":	"gui",
	"dsaType":	"Fixed",
	"platformDesc":	"mb_intro_top",
	"platHandOff":	"C:/Users/wht20/Desktop/ece385/lab5/Soc/mb_intro_top.xsa",
	"platIntHandOff":	"<platformDir>/hw/mb_intro_top.xsa",
	"deviceType":	"FPGA",
	"platIsPrebuiltAutogen":	"false",
	"platIsNoBootBsp":	"false",
	"hasFsblMakeHasChanges":	"false",
	"hasPmufwMakeHasChanges":	"false",
	"platPreBuiltFlag":	false,
	"platformSamplesDir":	"",
	"platActiveSys":	"mb_intro_top",
	"systems":	[{
			"systemName":	"mb_intro_top",
			"systemDesc":	"mb_intro_top",
			"sysIsBootAutoGen":	"true",
			"systemDispName":	"mb_intro_top",
			"sysActiveDom":	"standalone_microblaze_0",
			"sysDefaultDom":	"standalone_microblaze_0",
			"domains":	[{
					"domainName":	"standalone_microblaze_0",
					"domainDispName":	"standalone_microblaze_0",
					"domainDesc":	"standalone_microblaze_0",
					"processors":	"microblaze_0",
					"os":	"standalone",
					"sdxOs":	"standalone",
					"debugEnable":	"False",
					"domRuntimes":	["cpp"],
					"swRepo":	"",
					"mssOsVer":	"9.1",
					"mssFile":	"",
					"md5Digest":	"7910dbc9f13f017aed77d546fcac446a",
					"compatibleApp":	"hello_world",
					"domType":	"mssDomain",
					"arch":	"32-bit",
					"appSettings":	{
						"appCompilerFlags":	"",
						"appLinkerFlags":	""
					},
					"addedLibs":	[],
					"libOptions":	{
						"libsContainingOptions":	[]
					},
					"prebuiltLibs":	{
						"prebuiltIncPath":	[],
						"prebuiltLibPath":	[]
					},
					"isolation":	{
					}
				}]
		}]
}
KEYINFO::2024-07-18.17:42:30::SCWPlatform::updated the xpfm file.
TRACE::2024-07-18.17:42:30::SCWPlatform::Trying to open the hw design at C:/Users/wht20/Desktop/ece385/lab5/5_1/mb_intro_top/hw/mb_intro_top.xsa
TRACE::2024-07-18.17:42:30::SCWPlatform::DSA given C:/Users/wht20/Desktop/ece385/lab5/5_1/mb_intro_top/hw/mb_intro_top.xsa
TRACE::2024-07-18.17:42:30::SCWPlatform::DSA absoulate path C:/Users/wht20/Desktop/ece385/lab5/5_1/mb_intro_top/hw/mb_intro_top.xsa
TRACE::2024-07-18.17:42:30::SCWPlatform::DSA directory C:/Users/wht20/Desktop/ece385/lab5/5_1/mb_intro_top/hw
TRACE::2024-07-18.17:42:30::SCWPlatform:: Platform Path C:/Users/wht20/Desktop/ece385/lab5/5_1/mb_intro_top/hw/mb_intro_top.xsa
TRACE::2024-07-18.17:42:30::SCWPlatform:: Unique name xilinx:::0.0
TRACE::2024-07-18.17:42:30::SCWPlatform::Trying to set the existing hwdb with name mb_intro_top_0
TRACE::2024-07-18.17:42:30::SCWPlatform::Opened existing hwdb mb_intro_top_0
TRACE::2024-07-18.17:42:30::SCWPlatform::Found the Hw Db part of the input DSA
TRACE::2024-07-18.17:42:30::SCWMssOS::Checking the sw design at  C:/Users/wht20/Desktop/ece385/lab5/5_1/mb_intro_top/microblaze_0/standalone_microblaze_0/bsp/system.mss
TRACE::2024-07-18.17:42:30::SCWMssOS::DEBUG:  swdes dump  C:/Users/wht20/Desktop/ece385/lab5/5_1/mb_intro_top/microblaze_0/standalone_microblaze_0/bsp/system.mss|system||

TRACE::2024-07-18.17:42:30::SCWMssOS::Sw design exists and opened at  C:/Users/wht20/Desktop/ece385/lab5/5_1/mb_intro_top/microblaze_0/standalone_microblaze_0/bsp/system.mss
