
*** Running vivado
    with args -log mb_block_ilmb_v10_0.vds -m64 -product Vivado -mode batch -messageDb vivado.pb -notrace -source mb_block_ilmb_v10_0.tcl



****** Vivado v2024.1 (64-bit)
  **** SW Build 5076996 on Wed May 22 18:37:14 MDT 2024
  **** IP Build 5075265 on Wed May 22 21:45:21 MDT 2024
  **** SharedData Build 5076995 on Wed May 22 18:29:18 MDT 2024
  **** Start of session at: Thu Jul 18 17:34:12 2024
    ** Copyright 1986-2022 Xilinx, Inc. All Rights Reserved.
    ** Copyright 2022-2024 Advanced Micro Devices, Inc. All Rights Reserved.

source mb_block_ilmb_v10_0.tcl -notrace
create_project: Time (s): cpu = 00:00:05 ; elapsed = 00:00:06 . Memory (MB): peak = 500.836 ; gain = 200.766
INFO: [IP_Flow 19-6924] IPCACHE: Running cache check for IP inst: mb_block_ilmb_v10_0
INFO: [IP_Flow 19-6922] IPCACHE: Exporting cached entry 82f114bfb7328487 to dir: C:/Users/wht20/Desktop/ece385/lab5/Soc/Soc.runs/mb_block_ilmb_v10_0_synth_1
INFO: [IP_Flow 19-6928] IPCACHE: copied cached file c:/Users/wht20/Desktop/ece385/lab5/Soc/Soc.cache/ip/2024.1/8/2/82f114bfb7328487/mb_block_dlmb_v10_0.dcp to C:/Users/wht20/Desktop/ece385/lab5/Soc/Soc.runs/mb_block_ilmb_v10_0_synth_1/mb_block_ilmb_v10_0.dcp.
INFO: [IP_Flow 19-6928] IPCACHE: copied cached file c:/Users/wht20/Desktop/ece385/lab5/Soc/Soc.cache/ip/2024.1/8/2/82f114bfb7328487/mb_block_dlmb_v10_0_sim_netlist.v to C:/Users/wht20/Desktop/ece385/lab5/Soc/Soc.runs/mb_block_ilmb_v10_0_synth_1/mb_block_ilmb_v10_0_sim_netlist.v.
INFO: [IP_Flow 19-6928] IPCACHE: copied cached file c:/Users/wht20/Desktop/ece385/lab5/Soc/Soc.cache/ip/2024.1/8/2/82f114bfb7328487/mb_block_dlmb_v10_0_sim_netlist.vhdl to C:/Users/wht20/Desktop/ece385/lab5/Soc/Soc.runs/mb_block_ilmb_v10_0_synth_1/mb_block_ilmb_v10_0_sim_netlist.vhdl.
INFO: [IP_Flow 19-6928] IPCACHE: copied cached file c:/Users/wht20/Desktop/ece385/lab5/Soc/Soc.cache/ip/2024.1/8/2/82f114bfb7328487/mb_block_dlmb_v10_0_stub.v to C:/Users/wht20/Desktop/ece385/lab5/Soc/Soc.runs/mb_block_ilmb_v10_0_synth_1/mb_block_ilmb_v10_0_stub.v.
INFO: [IP_Flow 19-6928] IPCACHE: copied cached file c:/Users/wht20/Desktop/ece385/lab5/Soc/Soc.cache/ip/2024.1/8/2/82f114bfb7328487/mb_block_dlmb_v10_0_stub.vhdl to C:/Users/wht20/Desktop/ece385/lab5/Soc/Soc.runs/mb_block_ilmb_v10_0_synth_1/mb_block_ilmb_v10_0_stub.vhdl.
INFO: [IP_Flow 19-4838] Using cached IP synthesis design for IP mb_block_ilmb_v10_0, cache-ID = 82f114bfb7328487.
INFO: [Common 17-206] Exiting Vivado at Thu Jul 18 17:34:20 2024...
