
*** Running vivado
    with args -log adder_toplevel.vds -m64 -product Vivado -mode batch -messageDb vivado.pb -notrace -source adder_toplevel.tcl



****** Vivado v2024.1 (64-bit)
  **** SW Build 5076996 on Wed May 22 18:37:14 MDT 2024
  **** IP Build 5075265 on Wed May 22 21:45:21 MDT 2024
  **** SharedData Build 5076995 on Wed May 22 18:29:18 MDT 2024
  **** Start of session at: Wed Jun 26 10:50:55 2024
    ** Copyright 1986-2022 Xilinx, Inc. All Rights Reserved.
    ** Copyright 2022-2024 Advanced Micro Devices, Inc. All Rights Reserved.

source adder_toplevel.tcl -notrace
create_project: Time (s): cpu = 00:00:05 ; elapsed = 00:00:06 . Memory (MB): peak = 529.398 ; gain = 195.078
Command: read_checkpoint -auto_incremental -incremental C:/Users/wht20/Desktop/ece385/lab2/3_adders/3_adders.srcs/utils_1/imports/synth_1/adder_toplevel.dcp
INFO: [Vivado 12-5825] Read reference checkpoint from C:/Users/wht20/Desktop/ece385/lab2/3_adders/3_adders.srcs/utils_1/imports/synth_1/adder_toplevel.dcp for incremental synthesis
INFO: [Vivado 12-7989] Please ensure there are no constraint changes
Command: synth_design -top adder_toplevel -part xc7s50csga324-1
Starting synth_design
Attempting to get a license for feature 'Synthesis' and/or device 'xc7s50'
INFO: [Common 17-349] Got license for feature 'Synthesis' and/or device 'xc7s50'
INFO: [Device 21-403] Loading part xc7s50csga324-1
INFO: [Device 21-9227] Part: xc7s50csga324-1 does not have CEAM library.
INFO: [Designutils 20-5440] No compile time benefit to using incremental synthesis; A full resynthesis will be run
INFO: [Designutils 20-4379] Flow is switching to default flow due to incremental criteria not met. If you would like to alter this behaviour and have the flow terminate instead, please set the following parameter config_implementation {autoIncr.Synth.RejectBehavior Terminate}
INFO: [Synth 8-7079] Multithreading enabled for synth_design using a maximum of 2 processes.
INFO: [Synth 8-7078] Launching helper process for spawning children vivado processes
INFO: [Synth 8-7075] Helper process launched with PID 2440
---------------------------------------------------------------------------------
Starting RTL Elaboration : Time (s): cpu = 00:00:03 ; elapsed = 00:00:06 . Memory (MB): peak = 1378.855 ; gain = 450.305
---------------------------------------------------------------------------------
WARNING: [Synth 8-11121] redeclaration of ANSI port 'q' is not allowed [C:/Users/wht20/Desktop/ece385/lab2/3adders/adder_design_source/sync_debounce.sv:20]
INFO: [Synth 8-6157] synthesizing module 'adder_toplevel' [C:/Users/wht20/Desktop/ece385/lab2/3adders/adder_design_source/adder_toplevel.sv:8]
INFO: [Synth 8-6157] synthesizing module 'negedge_detector' [C:/Users/wht20/Desktop/ece385/lab2/3adders/adder_design_source/negedge_detector.sv:1]
INFO: [Synth 8-6155] done synthesizing module 'negedge_detector' (0#1) [C:/Users/wht20/Desktop/ece385/lab2/3adders/adder_design_source/negedge_detector.sv:1]
INFO: [Synth 8-6157] synthesizing module 'load_reg' [C:/Users/wht20/Desktop/ece385/lab2/3adders/adder_design_source/load_reg.sv:1]
	Parameter DATA_WIDTH bound to: 17 - type: integer 
INFO: [Synth 8-6155] done synthesizing module 'load_reg' (0#1) [C:/Users/wht20/Desktop/ece385/lab2/3adders/adder_design_source/load_reg.sv:1]
INFO: [Synth 8-6157] synthesizing module 'ripple_adder' [C:/Users/wht20/Desktop/ece385/lab2/3adders/ripple_adder.sv:1]
INFO: [Synth 8-6157] synthesizing module 'adder4' [C:/Users/wht20/Desktop/ece385/lab2/3adders/ripple_adder.sv:35]
INFO: [Synth 8-6157] synthesizing module 'full_adder' [C:/Users/wht20/Desktop/ece385/lab2/3adders/ripple_adder.sv:27]
INFO: [Synth 8-6155] done synthesizing module 'full_adder' (0#1) [C:/Users/wht20/Desktop/ece385/lab2/3adders/ripple_adder.sv:27]
INFO: [Synth 8-6155] done synthesizing module 'adder4' (0#1) [C:/Users/wht20/Desktop/ece385/lab2/3adders/ripple_adder.sv:35]
INFO: [Synth 8-6155] done synthesizing module 'ripple_adder' (0#1) [C:/Users/wht20/Desktop/ece385/lab2/3adders/ripple_adder.sv:1]
INFO: [Synth 8-6157] synthesizing module 'hex_driver' [C:/Users/wht20/Desktop/ece385/lab2/3adders/adder_design_source/hex_driver.sv:1]
INFO: [Synth 8-6157] synthesizing module 'nibble_to_hex' [C:/Users/wht20/Desktop/ece385/lab2/3adders/adder_design_source/hex_driver.sv:11]
INFO: [Synth 8-6155] done synthesizing module 'nibble_to_hex' (0#1) [C:/Users/wht20/Desktop/ece385/lab2/3adders/adder_design_source/hex_driver.sv:11]
INFO: [Synth 8-6157] synthesizing module 'nibble_to_hex' [C:/Users/wht20/Desktop/ece385/lab2/3adders/adder_design_source/hex_driver.sv:11]
INFO: [Synth 8-6155] done synthesizing module 'nibble_to_hex' (0#1) [C:/Users/wht20/Desktop/ece385/lab2/3adders/adder_design_source/hex_driver.sv:11]
INFO: [Synth 8-6157] synthesizing module 'nibble_to_hex' [C:/Users/wht20/Desktop/ece385/lab2/3adders/adder_design_source/hex_driver.sv:11]
INFO: [Synth 8-6155] done synthesizing module 'nibble_to_hex' (0#1) [C:/Users/wht20/Desktop/ece385/lab2/3adders/adder_design_source/hex_driver.sv:11]
INFO: [Synth 8-6157] synthesizing module 'nibble_to_hex' [C:/Users/wht20/Desktop/ece385/lab2/3adders/adder_design_source/hex_driver.sv:11]
INFO: [Synth 8-6155] done synthesizing module 'nibble_to_hex' (0#1) [C:/Users/wht20/Desktop/ece385/lab2/3adders/adder_design_source/hex_driver.sv:11]
INFO: [Synth 8-6155] done synthesizing module 'hex_driver' (0#1) [C:/Users/wht20/Desktop/ece385/lab2/3adders/adder_design_source/hex_driver.sv:1]
INFO: [Synth 8-6157] synthesizing module 'sync_debounce' [C:/Users/wht20/Desktop/ece385/lab2/3adders/adder_design_source/sync_debounce.sv:13]
INFO: [Synth 8-6155] done synthesizing module 'sync_debounce' (0#1) [C:/Users/wht20/Desktop/ece385/lab2/3adders/adder_design_source/sync_debounce.sv:13]
INFO: [Synth 8-6157] synthesizing module 'load_reg__parameterized0' [C:/Users/wht20/Desktop/ece385/lab2/3adders/adder_design_source/load_reg.sv:1]
	Parameter DATA_WIDTH bound to: 16 - type: integer 
INFO: [Synth 8-6155] done synthesizing module 'load_reg__parameterized0' (0#1) [C:/Users/wht20/Desktop/ece385/lab2/3adders/adder_design_source/load_reg.sv:1]
INFO: [Synth 8-6155] done synthesizing module 'adder_toplevel' (0#1) [C:/Users/wht20/Desktop/ece385/lab2/3adders/adder_design_source/adder_toplevel.sv:8]
---------------------------------------------------------------------------------
Finished RTL Elaboration : Time (s): cpu = 00:00:04 ; elapsed = 00:00:08 . Memory (MB): peak = 1488.578 ; gain = 560.027
---------------------------------------------------------------------------------
---------------------------------------------------------------------------------
Start Handling Custom Attributes
---------------------------------------------------------------------------------
---------------------------------------------------------------------------------
Finished Handling Custom Attributes : Time (s): cpu = 00:00:04 ; elapsed = 00:00:08 . Memory (MB): peak = 1488.578 ; gain = 560.027
---------------------------------------------------------------------------------
---------------------------------------------------------------------------------
Finished RTL Optimization Phase 1 : Time (s): cpu = 00:00:04 ; elapsed = 00:00:08 . Memory (MB): peak = 1488.578 ; gain = 560.027
---------------------------------------------------------------------------------
Netlist sorting complete. Time (s): cpu = 00:00:00 ; elapsed = 00:00:00.002 . Memory (MB): peak = 1488.578 ; gain = 0.000
INFO: [Project 1-570] Preparing netlist for logic optimization

Processing XDC Constraints
Initializing timing engine
Parsing XDC File [C:/Users/wht20/Desktop/ece385/lab2/3adders/adder_pin_assignment/top.xdc]
WARNING: [Vivado 12-584] No ports matched 'Out[16]'. [C:/Users/wht20/Desktop/ece385/lab2/3adders/adder_pin_assignment/top.xdc:97]
CRITICAL WARNING: [Common 17-55] 'set_property' expects at least one object. [C:/Users/wht20/Desktop/ece385/lab2/3adders/adder_pin_assignment/top.xdc:97]
Resolution: If [get_<value>] was used to populate the object, check to make sure this command returns at least one valid object.
WARNING: [Vivado 12-584] No ports matched 'Out[15]'. [C:/Users/wht20/Desktop/ece385/lab2/3adders/adder_pin_assignment/top.xdc:98]
CRITICAL WARNING: [Common 17-55] 'set_property' expects at least one object. [C:/Users/wht20/Desktop/ece385/lab2/3adders/adder_pin_assignment/top.xdc:98]
Resolution: If [get_<value>] was used to populate the object, check to make sure this command returns at least one valid object.
WARNING: [Vivado 12-584] No ports matched 'Out[14]'. [C:/Users/wht20/Desktop/ece385/lab2/3adders/adder_pin_assignment/top.xdc:99]
CRITICAL WARNING: [Common 17-55] 'set_property' expects at least one object. [C:/Users/wht20/Desktop/ece385/lab2/3adders/adder_pin_assignment/top.xdc:99]
Resolution: If [get_<value>] was used to populate the object, check to make sure this command returns at least one valid object.
WARNING: [Vivado 12-584] No ports matched 'Out[13]'. [C:/Users/wht20/Desktop/ece385/lab2/3adders/adder_pin_assignment/top.xdc:100]
CRITICAL WARNING: [Common 17-55] 'set_property' expects at least one object. [C:/Users/wht20/Desktop/ece385/lab2/3adders/adder_pin_assignment/top.xdc:100]
Resolution: If [get_<value>] was used to populate the object, check to make sure this command returns at least one valid object.
WARNING: [Vivado 12-584] No ports matched 'Out[12]'. [C:/Users/wht20/Desktop/ece385/lab2/3adders/adder_pin_assignment/top.xdc:101]
CRITICAL WARNING: [Common 17-55] 'set_property' expects at least one object. [C:/Users/wht20/Desktop/ece385/lab2/3adders/adder_pin_assignment/top.xdc:101]
Resolution: If [get_<value>] was used to populate the object, check to make sure this command returns at least one valid object.
WARNING: [Vivado 12-584] No ports matched 'Out[11]'. [C:/Users/wht20/Desktop/ece385/lab2/3adders/adder_pin_assignment/top.xdc:102]
CRITICAL WARNING: [Common 17-55] 'set_property' expects at least one object. [C:/Users/wht20/Desktop/ece385/lab2/3adders/adder_pin_assignment/top.xdc:102]
Resolution: If [get_<value>] was used to populate the object, check to make sure this command returns at least one valid object.
WARNING: [Vivado 12-584] No ports matched 'Out[10]'. [C:/Users/wht20/Desktop/ece385/lab2/3adders/adder_pin_assignment/top.xdc:103]
CRITICAL WARNING: [Common 17-55] 'set_property' expects at least one object. [C:/Users/wht20/Desktop/ece385/lab2/3adders/adder_pin_assignment/top.xdc:103]
Resolution: If [get_<value>] was used to populate the object, check to make sure this command returns at least one valid object.
WARNING: [Vivado 12-584] No ports matched 'Out[9]'. [C:/Users/wht20/Desktop/ece385/lab2/3adders/adder_pin_assignment/top.xdc:104]
CRITICAL WARNING: [Common 17-55] 'set_property' expects at least one object. [C:/Users/wht20/Desktop/ece385/lab2/3adders/adder_pin_assignment/top.xdc:104]
Resolution: If [get_<value>] was used to populate the object, check to make sure this command returns at least one valid object.
WARNING: [Vivado 12-584] No ports matched 'Out[8]'. [C:/Users/wht20/Desktop/ece385/lab2/3adders/adder_pin_assignment/top.xdc:105]
CRITICAL WARNING: [Common 17-55] 'set_property' expects at least one object. [C:/Users/wht20/Desktop/ece385/lab2/3adders/adder_pin_assignment/top.xdc:105]
Resolution: If [get_<value>] was used to populate the object, check to make sure this command returns at least one valid object.
WARNING: [Vivado 12-584] No ports matched 'Out[7]'. [C:/Users/wht20/Desktop/ece385/lab2/3adders/adder_pin_assignment/top.xdc:106]
CRITICAL WARNING: [Common 17-55] 'set_property' expects at least one object. [C:/Users/wht20/Desktop/ece385/lab2/3adders/adder_pin_assignment/top.xdc:106]
Resolution: If [get_<value>] was used to populate the object, check to make sure this command returns at least one valid object.
WARNING: [Vivado 12-584] No ports matched 'Out[6]'. [C:/Users/wht20/Desktop/ece385/lab2/3adders/adder_pin_assignment/top.xdc:107]
CRITICAL WARNING: [Common 17-55] 'set_property' expects at least one object. [C:/Users/wht20/Desktop/ece385/lab2/3adders/adder_pin_assignment/top.xdc:107]
Resolution: If [get_<value>] was used to populate the object, check to make sure this command returns at least one valid object.
WARNING: [Vivado 12-584] No ports matched 'Out[5]'. [C:/Users/wht20/Desktop/ece385/lab2/3adders/adder_pin_assignment/top.xdc:108]
CRITICAL WARNING: [Common 17-55] 'set_property' expects at least one object. [C:/Users/wht20/Desktop/ece385/lab2/3adders/adder_pin_assignment/top.xdc:108]
Resolution: If [get_<value>] was used to populate the object, check to make sure this command returns at least one valid object.
WARNING: [Vivado 12-584] No ports matched 'Out[4]'. [C:/Users/wht20/Desktop/ece385/lab2/3adders/adder_pin_assignment/top.xdc:109]
CRITICAL WARNING: [Common 17-55] 'set_property' expects at least one object. [C:/Users/wht20/Desktop/ece385/lab2/3adders/adder_pin_assignment/top.xdc:109]
Resolution: If [get_<value>] was used to populate the object, check to make sure this command returns at least one valid object.
WARNING: [Vivado 12-584] No ports matched 'Out[3]'. [C:/Users/wht20/Desktop/ece385/lab2/3adders/adder_pin_assignment/top.xdc:110]
CRITICAL WARNING: [Common 17-55] 'set_property' expects at least one object. [C:/Users/wht20/Desktop/ece385/lab2/3adders/adder_pin_assignment/top.xdc:110]
Resolution: If [get_<value>] was used to populate the object, check to make sure this command returns at least one valid object.
WARNING: [Vivado 12-584] No ports matched 'Out[2]'. [C:/Users/wht20/Desktop/ece385/lab2/3adders/adder_pin_assignment/top.xdc:111]
CRITICAL WARNING: [Common 17-55] 'set_property' expects at least one object. [C:/Users/wht20/Desktop/ece385/lab2/3adders/adder_pin_assignment/top.xdc:111]
Resolution: If [get_<value>] was used to populate the object, check to make sure this command returns at least one valid object.
WARNING: [Vivado 12-584] No ports matched 'Out[1]'. [C:/Users/wht20/Desktop/ece385/lab2/3adders/adder_pin_assignment/top.xdc:112]
CRITICAL WARNING: [Common 17-55] 'set_property' expects at least one object. [C:/Users/wht20/Desktop/ece385/lab2/3adders/adder_pin_assignment/top.xdc:112]
Resolution: If [get_<value>] was used to populate the object, check to make sure this command returns at least one valid object.
WARNING: [Vivado 12-584] No ports matched 'Out[0]'. [C:/Users/wht20/Desktop/ece385/lab2/3adders/adder_pin_assignment/top.xdc:113]
CRITICAL WARNING: [Common 17-55] 'set_property' expects at least one object. [C:/Users/wht20/Desktop/ece385/lab2/3adders/adder_pin_assignment/top.xdc:113]
Resolution: If [get_<value>] was used to populate the object, check to make sure this command returns at least one valid object.
Finished Parsing XDC File [C:/Users/wht20/Desktop/ece385/lab2/3adders/adder_pin_assignment/top.xdc]
INFO: [Project 1-236] Implementation specific constraints were found while reading constraint file [C:/Users/wht20/Desktop/ece385/lab2/3adders/adder_pin_assignment/top.xdc]. These constraints will be ignored for synthesis but will be used in implementation. Impacted constraints are listed in the file [.Xil/adder_toplevel_propImpl.xdc].
Resolution: To avoid this warning, move constraints listed in [.Xil/adder_toplevel_propImpl.xdc] to another XDC file and exclude this new file from synthesis with the used_in_synthesis property (File Properties dialog in GUI) and re-run elaboration/synthesis.
Completed Processing XDC Constraints

Netlist sorting complete. Time (s): cpu = 00:00:00 ; elapsed = 00:00:00 . Memory (MB): peak = 1581.707 ; gain = 0.000
INFO: [Project 1-111] Unisim Transformation Summary:
No Unisim elements were transformed.

Constraint Validation Runtime : Time (s): cpu = 00:00:00 ; elapsed = 00:00:00.003 . Memory (MB): peak = 1581.707 ; gain = 0.000
INFO: [Designutils 20-5440] No compile time benefit to using incremental synthesis; A full resynthesis will be run
INFO: [Designutils 20-4379] Flow is switching to default flow due to incremental criteria not met. If you would like to alter this behaviour and have the flow terminate instead, please set the following parameter config_implementation {autoIncr.Synth.RejectBehavior Terminate}
---------------------------------------------------------------------------------
Finished Constraint Validation : Time (s): cpu = 00:00:08 ; elapsed = 00:00:13 . Memory (MB): peak = 1581.707 ; gain = 653.156
---------------------------------------------------------------------------------
---------------------------------------------------------------------------------
Start Loading Part and Timing Information
---------------------------------------------------------------------------------
Loading part: xc7s50csga324-1
---------------------------------------------------------------------------------
Finished Loading Part and Timing Information : Time (s): cpu = 00:00:08 ; elapsed = 00:00:13 . Memory (MB): peak = 1581.707 ; gain = 653.156
---------------------------------------------------------------------------------
---------------------------------------------------------------------------------
Start Applying 'set_property' XDC Constraints
---------------------------------------------------------------------------------
---------------------------------------------------------------------------------
Finished applying 'set_property' XDC Constraints : Time (s): cpu = 00:00:08 ; elapsed = 00:00:13 . Memory (MB): peak = 1581.707 ; gain = 653.156
---------------------------------------------------------------------------------
---------------------------------------------------------------------------------
Finished RTL Optimization Phase 2 : Time (s): cpu = 00:00:08 ; elapsed = 00:00:13 . Memory (MB): peak = 1581.707 ; gain = 653.156
---------------------------------------------------------------------------------
---------------------------------------------------------------------------------
Start RTL Component Statistics 
---------------------------------------------------------------------------------
Detailed RTL Component Info : 
+---XORs : 
	   3 Input      1 Bit         XORs := 16    
	   2 Input      1 Bit         XORs := 2     
+---Registers : 
	               17 Bit    Registers := 1     
	               16 Bit    Registers := 1     
	                1 Bit    Registers := 8     
+---Muxes : 
	   4 Input    8 Bit        Muxes := 2     
	   2 Input    8 Bit        Muxes := 2     
	   5 Input    4 Bit        Muxes := 2     
---------------------------------------------------------------------------------
Finished RTL Component Statistics 
---------------------------------------------------------------------------------
---------------------------------------------------------------------------------
Start Part Resource Summary
---------------------------------------------------------------------------------
Part Resources:
DSPs: 120 (col length:60)
BRAMs: 150 (col length: RAMB18 60 RAMB36 30)
---------------------------------------------------------------------------------
Finished Part Resource Summary
---------------------------------------------------------------------------------
---------------------------------------------------------------------------------
Start Cross Boundary and Area Optimization
---------------------------------------------------------------------------------
WARNING: [Synth 8-7080] Parallel synthesis criteria is not met
WARNING: [Synth 8-3917] design adder_toplevel has port hex_seg_a[7] driven by constant 1
WARNING: [Synth 8-3917] design adder_toplevel has port hex_seg_b[7] driven by constant 1
---------------------------------------------------------------------------------
Finished Cross Boundary and Area Optimization : Time (s): cpu = 00:00:10 ; elapsed = 00:00:15 . Memory (MB): peak = 1581.707 ; gain = 653.156
---------------------------------------------------------------------------------
---------------------------------------------------------------------------------
Start Applying XDC Timing Constraints
---------------------------------------------------------------------------------
---------------------------------------------------------------------------------
Finished Applying XDC Timing Constraints : Time (s): cpu = 00:00:14 ; elapsed = 00:00:19 . Memory (MB): peak = 1581.707 ; gain = 653.156
---------------------------------------------------------------------------------
---------------------------------------------------------------------------------
Start Timing Optimization
---------------------------------------------------------------------------------
---------------------------------------------------------------------------------
Finished Timing Optimization : Time (s): cpu = 00:00:15 ; elapsed = 00:00:19 . Memory (MB): peak = 1581.707 ; gain = 653.156
---------------------------------------------------------------------------------
---------------------------------------------------------------------------------
Start Technology Mapping
---------------------------------------------------------------------------------
---------------------------------------------------------------------------------
Finished Technology Mapping : Time (s): cpu = 00:00:15 ; elapsed = 00:00:19 . Memory (MB): peak = 1581.707 ; gain = 653.156
---------------------------------------------------------------------------------
---------------------------------------------------------------------------------
Start IO Insertion
---------------------------------------------------------------------------------
---------------------------------------------------------------------------------
Start Flattening Before IO Insertion
---------------------------------------------------------------------------------
---------------------------------------------------------------------------------
Finished Flattening Before IO Insertion
---------------------------------------------------------------------------------
---------------------------------------------------------------------------------
Start Final Netlist Cleanup
---------------------------------------------------------------------------------
---------------------------------------------------------------------------------
Finished Final Netlist Cleanup
---------------------------------------------------------------------------------
---------------------------------------------------------------------------------
Finished IO Insertion : Time (s): cpu = 00:00:18 ; elapsed = 00:00:22 . Memory (MB): peak = 1581.707 ; gain = 653.156
---------------------------------------------------------------------------------
---------------------------------------------------------------------------------
Start Renaming Generated Instances
---------------------------------------------------------------------------------
---------------------------------------------------------------------------------
Finished Renaming Generated Instances : Time (s): cpu = 00:00:18 ; elapsed = 00:00:22 . Memory (MB): peak = 1581.707 ; gain = 653.156
---------------------------------------------------------------------------------
---------------------------------------------------------------------------------
Start Rebuilding User Hierarchy
---------------------------------------------------------------------------------
---------------------------------------------------------------------------------
Finished Rebuilding User Hierarchy : Time (s): cpu = 00:00:18 ; elapsed = 00:00:22 . Memory (MB): peak = 1581.707 ; gain = 653.156
---------------------------------------------------------------------------------
---------------------------------------------------------------------------------
Start Renaming Generated Ports
---------------------------------------------------------------------------------
---------------------------------------------------------------------------------
Finished Renaming Generated Ports : Time (s): cpu = 00:00:18 ; elapsed = 00:00:22 . Memory (MB): peak = 1581.707 ; gain = 653.156
---------------------------------------------------------------------------------
---------------------------------------------------------------------------------
Start Handling Custom Attributes
---------------------------------------------------------------------------------
---------------------------------------------------------------------------------
Finished Handling Custom Attributes : Time (s): cpu = 00:00:18 ; elapsed = 00:00:22 . Memory (MB): peak = 1581.707 ; gain = 653.156
---------------------------------------------------------------------------------
---------------------------------------------------------------------------------
Start Renaming Generated Nets
---------------------------------------------------------------------------------
---------------------------------------------------------------------------------
Finished Renaming Generated Nets : Time (s): cpu = 00:00:18 ; elapsed = 00:00:22 . Memory (MB): peak = 1581.707 ; gain = 653.156
---------------------------------------------------------------------------------
---------------------------------------------------------------------------------
Start Writing Synthesis Report
---------------------------------------------------------------------------------

Report BlackBoxes: 
+-+--------------+----------+
| |BlackBox name |Instances |
+-+--------------+----------+
+-+--------------+----------+

Report Cell Usage: 
+------+-------+------+
|      |Cell   |Count |
+------+-------+------+
|1     |BUFG   |     1|
|2     |CARRY4 |    13|
|3     |LUT1   |     5|
|4     |LUT2   |     6|
|5     |LUT3   |    12|
|6     |LUT4   |    37|
|7     |LUT5   |    24|
|8     |LUT6   |    32|
|9     |FDRE   |    90|
|10    |IBUF   |    19|
|11    |OBUF   |    25|
+------+-------+------+
---------------------------------------------------------------------------------
Finished Writing Synthesis Report : Time (s): cpu = 00:00:18 ; elapsed = 00:00:22 . Memory (MB): peak = 1581.707 ; gain = 653.156
---------------------------------------------------------------------------------
Synthesis finished with 0 errors, 0 critical warnings and 3 warnings.
Synthesis Optimization Runtime : Time (s): cpu = 00:00:13 ; elapsed = 00:00:21 . Memory (MB): peak = 1581.707 ; gain = 560.027
Synthesis Optimization Complete : Time (s): cpu = 00:00:18 ; elapsed = 00:00:22 . Memory (MB): peak = 1581.707 ; gain = 653.156
INFO: [Project 1-571] Translating synthesized netlist
Netlist sorting complete. Time (s): cpu = 00:00:00 ; elapsed = 00:00:00.002 . Memory (MB): peak = 1581.707 ; gain = 0.000
INFO: [Netlist 29-17] Analyzing 13 Unisim elements for replacement
INFO: [Netlist 29-28] Unisim Transformation completed in 0 CPU seconds
INFO: [Project 1-570] Preparing netlist for logic optimization
INFO: [Opt 31-138] Pushed 0 inverter(s) to 0 load pin(s).
Netlist sorting complete. Time (s): cpu = 00:00:00 ; elapsed = 00:00:00 . Memory (MB): peak = 1581.707 ; gain = 0.000
INFO: [Project 1-111] Unisim Transformation Summary:
No Unisim elements were transformed.

Synth Design complete | Checksum: f10f6976
INFO: [Common 17-83] Releasing license: Synthesis
48 Infos, 21 Warnings, 17 Critical Warnings and 0 Errors encountered.
synth_design completed successfully
synth_design: Time (s): cpu = 00:00:20 ; elapsed = 00:00:26 . Memory (MB): peak = 1581.707 ; gain = 1047.887
INFO: [runtcl-6] Synthesis results are not added to the cache due to CRITICAL_WARNING
Write ShapeDB Complete: Time (s): cpu = 00:00:00 ; elapsed = 00:00:00.002 . Memory (MB): peak = 1581.707 ; gain = 0.000
INFO: [Common 17-1381] The checkpoint 'C:/Users/wht20/Desktop/ece385/lab2/3_adders/3_adders.runs/synth_1/adder_toplevel.dcp' has been generated.
INFO: [Vivado 12-24828] Executing command : report_utilization -file adder_toplevel_utilization_synth.rpt -pb adder_toplevel_utilization_synth.pb
INFO: [Common 17-206] Exiting Vivado at Wed Jun 26 10:51:29 2024...
