02:31:58 DEBUG : Logs will be stored at 'C:/Users/wht20/Desktop/ece385/lab6/Soc_graphics/IDE.log'.
02:32:05 INFO  : Launching XSCT server: xsct.bat -n  -interactive C:\Users\wht20\Desktop\ece385\lab6\Soc_graphics\temp_xsdb_launch_script.tcl
02:32:05 INFO  : Registering command handlers for Vitis TCF services
02:32:05 INFO  : Platform repository initialization has completed.
02:32:07 ERROR : (XSDB Server)'\gnu\microblaze\lin\bin\' 不是内部或外部命令，也不是可运行的程序
或批处理文件。

02:32:07 ERROR : (XSDB Server)'\gnu\microblaze\nt\bin\' 不是内部或外部命令，也不是可运行的程序
或批处理文件。

02:32:07 ERROR : (XSDB Server)'\gnuwin\bin\' 不是内部或外部命令，也不是可运行的程序
或批处理文件。

02:32:09 INFO  : XSCT server has started successfully.
02:32:09 INFO  : Successfully done setting XSCT server connection channel  
02:32:09 INFO  : plnx-install-location is set to ''
02:32:09 INFO  : Successfully done query RDI_DATADIR 
02:32:09 INFO  : Successfully done setting workspace for the tool. 
02:33:31 ERROR : (XSDB Server)ERROR: [Hsi 55-1562] Source directory C:/Users/wht20/Desktop/ece385/lab6/Soc_graphics/mb_usb_hdmi_top/hw/drivers\hdmi_text_controller_v1_0/src does not exist or is not a directory.

02:33:35 INFO  : Result from executing command 'getProjects': mb_usb_hdmi_top
02:33:35 INFO  : Result from executing command 'getPlatforms': 
02:33:35 WARN  : An unexpected exception occurred in the module 'platform project logging'
02:33:35 INFO  : Platform 'mb_usb_hdmi_top' is added to custom repositories.
02:33:41 INFO  : Platform 'mb_usb_hdmi_top' is added to custom repositories.
03:13:17 INFO  : Result from executing command 'getProjects': mb_usb_hdmi_top
03:13:17 INFO  : Result from executing command 'getPlatforms': mb_usb_hdmi_top|C:/Users/wht20/Desktop/ece385/lab6/Soc_graphics/mb_usb_hdmi_top/export/mb_usb_hdmi_top/mb_usb_hdmi_top.xpfm
03:13:17 INFO  : Checking for BSP changes to sync application flags for project 'Soc_design_text'...
03:42:53 INFO  : Connected to target on host '127.0.0.1' and port '3121'.
03:42:54 INFO  : Jtag cable 'RealDigital Boo 887404240344A' is selected.
03:42:54 INFO  : 'jtag frequency' command is executed.
03:42:54 INFO  : 'targets -set -filter {jtag_cable_name =~ "RealDigital Boo 887404240344A" && level==0 && jtag_device_ctx=="jsn1-0362f093-0"}' command is executed.
03:42:56 INFO  : Device configured successfully with "C:/Users/wht20/Desktop/ece385/lab6/Soc_graphics/Soc_design_text/_ide/bitstream/mb_usb_hdmi_top.bit"
03:42:56 INFO  : Context for processor 'microblaze_0' is selected.
03:42:56 INFO  : Hardware design and registers information is loaded from 'C:/Users/wht20/Desktop/ece385/lab6/Soc_graphics/mb_usb_hdmi_top/export/mb_usb_hdmi_top/hw/mb_usb_hdmi_top.xsa'.
03:42:56 INFO  : 'configparams mdm-detect-bscan-mask 2' command is executed.
03:42:56 INFO  : Context for processor 'microblaze_0' is selected.
03:42:56 INFO  : System reset is completed.
03:42:59 INFO  : 'after 3000' command is executed.
03:42:59 INFO  : Context for processor 'microblaze_0' is selected.
03:42:59 INFO  : The application 'C:/Users/wht20/Desktop/ece385/lab6/Soc_graphics/Soc_design_text/Debug/Soc_design_text.elf' is downloaded to processor 'microblaze_0'.
03:42:59 INFO  : ----------------XSDB Script----------------
connect -url tcp:127.0.0.1:3121
targets -set -filter {jtag_cable_name =~ "RealDigital Boo 887404240344A" && level==0 && jtag_device_ctx=="jsn1-0362f093-0"}
fpga -file C:/Users/wht20/Desktop/ece385/lab6/Soc_graphics/Soc_design_text/_ide/bitstream/mb_usb_hdmi_top.bit
targets -set -nocase -filter {name =~ "*microblaze*#0" && bscan=="USER2" }
loadhw -hw C:/Users/wht20/Desktop/ece385/lab6/Soc_graphics/mb_usb_hdmi_top/export/mb_usb_hdmi_top/hw/mb_usb_hdmi_top.xsa -regs
configparams mdm-detect-bscan-mask 2
targets -set -nocase -filter {name =~ "*microblaze*#0" && bscan=="USER2" }
rst -system
after 3000
targets -set -nocase -filter {name =~ "*microblaze*#0" && bscan=="USER2" }
dow C:/Users/wht20/Desktop/ece385/lab6/Soc_graphics/Soc_design_text/Debug/Soc_design_text.elf
----------------End of Script----------------

03:42:59 INFO  : Context for processor 'microblaze_0' is selected.
03:42:59 INFO  : 'con' command is executed.
03:42:59 INFO  : ----------------XSDB Script (After Launch)----------------
targets -set -nocase -filter {name =~ "*microblaze*#0" && bscan=="USER2" }
con
----------------End of Script----------------

03:42:59 INFO  : Disconnected from the channel tcfchan#2.
03:51:37 INFO  : Connected to target on host '127.0.0.1' and port '3121'.
03:51:38 INFO  : Jtag cable 'RealDigital Boo 887404240344A' is selected.
03:51:38 INFO  : 'jtag frequency' command is executed.
03:51:38 INFO  : 'targets -set -filter {jtag_cable_name =~ "RealDigital Boo 887404240344A" && level==0 && jtag_device_ctx=="jsn1-0362f093-0"}' command is executed.
03:51:40 INFO  : Device configured successfully with "C:/Users/wht20/Desktop/ece385/lab6/Soc_graphics/Soc_design_text/_ide/bitstream/mb_usb_hdmi_top.bit"
03:51:40 INFO  : Context for processor 'microblaze_0' is selected.
03:51:40 INFO  : Hardware design and registers information is loaded from 'C:/Users/wht20/Desktop/ece385/lab6/Soc_graphics/mb_usb_hdmi_top/export/mb_usb_hdmi_top/hw/mb_usb_hdmi_top.xsa'.
03:51:40 INFO  : 'configparams mdm-detect-bscan-mask 2' command is executed.
03:51:40 INFO  : Context for processor 'microblaze_0' is selected.
03:51:40 INFO  : System reset is completed.
03:51:43 INFO  : 'after 3000' command is executed.
03:51:43 INFO  : Context for processor 'microblaze_0' is selected.
03:51:43 INFO  : The application 'C:/Users/wht20/Desktop/ece385/lab6/Soc_graphics/Soc_design_text/Debug/Soc_design_text.elf' is downloaded to processor 'microblaze_0'.
03:51:43 INFO  : ----------------XSDB Script----------------
connect -url tcp:127.0.0.1:3121
targets -set -filter {jtag_cable_name =~ "RealDigital Boo 887404240344A" && level==0 && jtag_device_ctx=="jsn1-0362f093-0"}
fpga -file C:/Users/wht20/Desktop/ece385/lab6/Soc_graphics/Soc_design_text/_ide/bitstream/mb_usb_hdmi_top.bit
targets -set -nocase -filter {name =~ "*microblaze*#0" && bscan=="USER2" }
loadhw -hw C:/Users/wht20/Desktop/ece385/lab6/Soc_graphics/mb_usb_hdmi_top/export/mb_usb_hdmi_top/hw/mb_usb_hdmi_top.xsa -regs
configparams mdm-detect-bscan-mask 2
targets -set -nocase -filter {name =~ "*microblaze*#0" && bscan=="USER2" }
rst -system
after 3000
targets -set -nocase -filter {name =~ "*microblaze*#0" && bscan=="USER2" }
dow C:/Users/wht20/Desktop/ece385/lab6/Soc_graphics/Soc_design_text/Debug/Soc_design_text.elf
----------------End of Script----------------

03:51:43 INFO  : Context for processor 'microblaze_0' is selected.
03:51:43 INFO  : 'con' command is executed.
03:51:43 INFO  : ----------------XSDB Script (After Launch)----------------
targets -set -nocase -filter {name =~ "*microblaze*#0" && bscan=="USER2" }
con
----------------End of Script----------------

03:51:43 INFO  : Disconnected from the channel tcfchan#3.
03:52:15 INFO  : Connected to target on host '127.0.0.1' and port '3121'.
03:52:16 INFO  : Jtag cable 'RealDigital Boo 887404240344A' is selected.
03:52:16 INFO  : 'jtag frequency' command is executed.
03:52:16 INFO  : 'targets -set -filter {jtag_cable_name =~ "RealDigital Boo 887404240344A" && level==0 && jtag_device_ctx=="jsn1-0362f093-0"}' command is executed.
03:52:18 INFO  : Device configured successfully with "C:/Users/wht20/Desktop/ece385/lab6/Soc_graphics/Soc_design_text/_ide/bitstream/mb_usb_hdmi_top.bit"
03:52:18 INFO  : Context for processor 'microblaze_0' is selected.
03:52:18 INFO  : Hardware design and registers information is loaded from 'C:/Users/wht20/Desktop/ece385/lab6/Soc_graphics/mb_usb_hdmi_top/export/mb_usb_hdmi_top/hw/mb_usb_hdmi_top.xsa'.
03:52:18 INFO  : 'configparams mdm-detect-bscan-mask 2' command is executed.
03:52:18 INFO  : Context for processor 'microblaze_0' is selected.
03:52:18 INFO  : System reset is completed.
03:52:21 INFO  : 'after 3000' command is executed.
03:52:21 INFO  : Context for processor 'microblaze_0' is selected.
03:52:21 INFO  : The application 'C:/Users/wht20/Desktop/ece385/lab6/Soc_graphics/Soc_design_text/Debug/Soc_design_text.elf' is downloaded to processor 'microblaze_0'.
03:52:21 INFO  : ----------------XSDB Script----------------
connect -url tcp:127.0.0.1:3121
targets -set -filter {jtag_cable_name =~ "RealDigital Boo 887404240344A" && level==0 && jtag_device_ctx=="jsn1-0362f093-0"}
fpga -file C:/Users/wht20/Desktop/ece385/lab6/Soc_graphics/Soc_design_text/_ide/bitstream/mb_usb_hdmi_top.bit
targets -set -nocase -filter {name =~ "*microblaze*#0" && bscan=="USER2" }
loadhw -hw C:/Users/wht20/Desktop/ece385/lab6/Soc_graphics/mb_usb_hdmi_top/export/mb_usb_hdmi_top/hw/mb_usb_hdmi_top.xsa -regs
configparams mdm-detect-bscan-mask 2
targets -set -nocase -filter {name =~ "*microblaze*#0" && bscan=="USER2" }
rst -system
after 3000
targets -set -nocase -filter {name =~ "*microblaze*#0" && bscan=="USER2" }
dow C:/Users/wht20/Desktop/ece385/lab6/Soc_graphics/Soc_design_text/Debug/Soc_design_text.elf
----------------End of Script----------------

03:52:21 INFO  : Context for processor 'microblaze_0' is selected.
03:52:21 INFO  : 'con' command is executed.
03:52:21 INFO  : ----------------XSDB Script (After Launch)----------------
targets -set -nocase -filter {name =~ "*microblaze*#0" && bscan=="USER2" }
con
----------------End of Script----------------

03:52:21 INFO  : Disconnected from the channel tcfchan#4.
03:53:13 DEBUG : Logs will be stored at 'C:/Users/wht20/Desktop/ece385/lab6/Soc_graphics/IDE.log'.
03:53:13 INFO  : Launching XSCT server: xsct.bat -n  -interactive C:\Users\wht20\Desktop\ece385\lab6\Soc_graphics\temp_xsdb_launch_script.tcl
03:53:14 ERROR : (XSDB Server)'\gnu\microblaze\lin\bin\' 不是内部或外部命令，也不是可运行的程序
或批处理文件。

03:53:14 ERROR : (XSDB Server)'\gnu\microblaze\nt\bin\' 不是内部或外部命令，也不是可运行的程序
或批处理文件。

03:53:14 ERROR : (XSDB Server)'\gnuwin\bin\' 不是内部或外部命令，也不是可运行的程序
或批处理文件。

03:53:16 INFO  : XSCT server has started successfully.
03:53:16 INFO  : Successfully done setting XSCT server connection channel  
03:53:16 INFO  : plnx-install-location is set to ''
03:53:16 INFO  : Successfully done setting workspace for the tool. 
03:53:19 INFO  : Registering command handlers for Vitis TCF services
03:53:19 INFO  : Platform repository initialization has completed.
03:53:19 INFO  : Successfully done query RDI_DATADIR 
03:54:20 INFO  : Result from executing command 'removePlatformRepo': 
03:57:10 INFO  : Result from executing command 'getProjects': mb_usb_hdmi_top
03:57:10 INFO  : Result from executing command 'getPlatforms': 
03:57:11 INFO  : Checking for BSP changes to sync application flags for project 'Soc_design_text'...
03:58:23 INFO  : Connected to target on host '127.0.0.1' and port '3121'.
03:58:24 INFO  : Jtag cable 'RealDigital Boo 887404240344A' is selected.
03:58:24 INFO  : 'jtag frequency' command is executed.
03:58:24 INFO  : 'targets -set -filter {jtag_cable_name =~ "RealDigital Boo 887404240344A" && level==0 && jtag_device_ctx=="jsn1-0362f093-0"}' command is executed.
03:58:25 INFO  : Device configured successfully with "C:/Users/wht20/Desktop/ece385/lab6/Soc_graphics/Soc_design_text/_ide/bitstream/mb_usb_hdmi_top.bit"
03:58:25 INFO  : Context for processor 'microblaze_0' is selected.
03:58:25 INFO  : Hardware design and registers information is loaded from 'C:/Users/wht20/Desktop/ece385/lab6/Soc_graphics/mb_usb_hdmi_top/export/mb_usb_hdmi_top/hw/mb_usb_hdmi_top.xsa'.
03:58:25 INFO  : 'configparams mdm-detect-bscan-mask 2' command is executed.
03:58:25 INFO  : Context for processor 'microblaze_0' is selected.
03:58:25 INFO  : System reset is completed.
03:58:28 INFO  : 'after 3000' command is executed.
03:58:28 INFO  : Context for processor 'microblaze_0' is selected.
03:58:29 INFO  : The application 'C:/Users/wht20/Desktop/ece385/lab6/Soc_graphics/Soc_design_text/Debug/Soc_design_text.elf' is downloaded to processor 'microblaze_0'.
03:58:29 INFO  : ----------------XSDB Script----------------
connect -url tcp:127.0.0.1:3121
targets -set -filter {jtag_cable_name =~ "RealDigital Boo 887404240344A" && level==0 && jtag_device_ctx=="jsn1-0362f093-0"}
fpga -file C:/Users/wht20/Desktop/ece385/lab6/Soc_graphics/Soc_design_text/_ide/bitstream/mb_usb_hdmi_top.bit
targets -set -nocase -filter {name =~ "*microblaze*#0" && bscan=="USER2" }
loadhw -hw C:/Users/wht20/Desktop/ece385/lab6/Soc_graphics/mb_usb_hdmi_top/export/mb_usb_hdmi_top/hw/mb_usb_hdmi_top.xsa -regs
configparams mdm-detect-bscan-mask 2
targets -set -nocase -filter {name =~ "*microblaze*#0" && bscan=="USER2" }
rst -system
after 3000
targets -set -nocase -filter {name =~ "*microblaze*#0" && bscan=="USER2" }
dow C:/Users/wht20/Desktop/ece385/lab6/Soc_graphics/Soc_design_text/Debug/Soc_design_text.elf
----------------End of Script----------------

03:58:29 INFO  : Context for processor 'microblaze_0' is selected.
03:58:29 INFO  : 'con' command is executed.
03:58:29 INFO  : ----------------XSDB Script (After Launch)----------------
targets -set -nocase -filter {name =~ "*microblaze*#0" && bscan=="USER2" }
con
----------------End of Script----------------

03:58:29 INFO  : Disconnected from the channel tcfchan#3.
04:00:01 INFO  : Connected to target on host '127.0.0.1' and port '3121'.
04:00:02 INFO  : Jtag cable 'RealDigital Boo 887404240344A' is selected.
04:00:02 INFO  : 'jtag frequency' command is executed.
04:00:02 INFO  : 'targets -set -filter {jtag_cable_name =~ "RealDigital Boo 887404240344A" && level==0 && jtag_device_ctx=="jsn1-0362f093-0"}' command is executed.
04:00:04 INFO  : Device configured successfully with "C:/Users/wht20/Desktop/ece385/lab6/Soc_graphics/Soc_design_text/_ide/bitstream/mb_usb_hdmi_top.bit"
04:00:04 INFO  : Context for processor 'microblaze_0' is selected.
04:00:04 INFO  : Hardware design and registers information is loaded from 'C:/Users/wht20/Desktop/ece385/lab6/Soc_graphics/mb_usb_hdmi_top/export/mb_usb_hdmi_top/hw/mb_usb_hdmi_top.xsa'.
04:00:04 INFO  : 'configparams mdm-detect-bscan-mask 2' command is executed.
04:00:04 INFO  : Context for processor 'microblaze_0' is selected.
04:00:04 INFO  : System reset is completed.
04:00:07 INFO  : 'after 3000' command is executed.
04:00:07 INFO  : Context for processor 'microblaze_0' is selected.
04:00:07 INFO  : The application 'C:/Users/wht20/Desktop/ece385/lab6/Soc_graphics/Soc_design_text/Debug/Soc_design_text.elf' is downloaded to processor 'microblaze_0'.
04:00:07 INFO  : ----------------XSDB Script----------------
connect -url tcp:127.0.0.1:3121
targets -set -filter {jtag_cable_name =~ "RealDigital Boo 887404240344A" && level==0 && jtag_device_ctx=="jsn1-0362f093-0"}
fpga -file C:/Users/wht20/Desktop/ece385/lab6/Soc_graphics/Soc_design_text/_ide/bitstream/mb_usb_hdmi_top.bit
targets -set -nocase -filter {name =~ "*microblaze*#0" && bscan=="USER2" }
loadhw -hw C:/Users/wht20/Desktop/ece385/lab6/Soc_graphics/mb_usb_hdmi_top/export/mb_usb_hdmi_top/hw/mb_usb_hdmi_top.xsa -regs
configparams mdm-detect-bscan-mask 2
targets -set -nocase -filter {name =~ "*microblaze*#0" && bscan=="USER2" }
rst -system
after 3000
targets -set -nocase -filter {name =~ "*microblaze*#0" && bscan=="USER2" }
dow C:/Users/wht20/Desktop/ece385/lab6/Soc_graphics/Soc_design_text/Debug/Soc_design_text.elf
----------------End of Script----------------

04:00:07 INFO  : Context for processor 'microblaze_0' is selected.
04:00:07 INFO  : 'con' command is executed.
04:00:07 INFO  : ----------------XSDB Script (After Launch)----------------
targets -set -nocase -filter {name =~ "*microblaze*#0" && bscan=="USER2" }
con
----------------End of Script----------------

04:00:07 INFO  : Disconnected from the channel tcfchan#4.
04:02:47 INFO  : Hardware specification for platform project 'mb_usb_hdmi_top' is updated.
04:05:39 INFO  : Result from executing command 'getProjects': mb_usb_hdmi_top
04:05:39 INFO  : Result from executing command 'getPlatforms': mb_usb_hdmi_top|C:/Users/wht20/Desktop/ece385/lab6/Soc_graphics/mb_usb_hdmi_top/export/mb_usb_hdmi_top/mb_usb_hdmi_top.xpfm
04:06:40 INFO  : Connected to target on host '127.0.0.1' and port '3121'.
04:06:41 INFO  : Jtag cable 'RealDigital Boo 887404240344A' is selected.
04:06:41 INFO  : 'jtag frequency' command is executed.
04:06:41 INFO  : 'targets -set -filter {jtag_cable_name =~ "RealDigital Boo 887404240344A" && level==0 && jtag_device_ctx=="jsn1-0362f093-0"}' command is executed.
04:06:42 INFO  : Device configured successfully with "C:/Users/wht20/Desktop/ece385/lab6/Soc_graphics/Soc_design_text/_ide/bitstream/mb_usb_hdmi_top.bit"
04:06:43 INFO  : Context for processor 'microblaze_0' is selected.
04:06:43 INFO  : Hardware design and registers information is loaded from 'C:/Users/wht20/Desktop/ece385/lab6/Soc_graphics/mb_usb_hdmi_top/export/mb_usb_hdmi_top/hw/mb_usb_hdmi_top.xsa'.
04:06:43 INFO  : 'configparams mdm-detect-bscan-mask 2' command is executed.
04:06:43 INFO  : Context for processor 'microblaze_0' is selected.
04:06:43 INFO  : System reset is completed.
04:06:46 INFO  : 'after 3000' command is executed.
04:06:46 INFO  : Context for processor 'microblaze_0' is selected.
04:06:46 INFO  : The application 'C:/Users/wht20/Desktop/ece385/lab6/Soc_graphics/Soc_design_text/Debug/Soc_design_text.elf' is downloaded to processor 'microblaze_0'.
04:06:46 INFO  : ----------------XSDB Script----------------
connect -url tcp:127.0.0.1:3121
targets -set -filter {jtag_cable_name =~ "RealDigital Boo 887404240344A" && level==0 && jtag_device_ctx=="jsn1-0362f093-0"}
fpga -file C:/Users/wht20/Desktop/ece385/lab6/Soc_graphics/Soc_design_text/_ide/bitstream/mb_usb_hdmi_top.bit
targets -set -nocase -filter {name =~ "*microblaze*#0" && bscan=="USER2" }
loadhw -hw C:/Users/wht20/Desktop/ece385/lab6/Soc_graphics/mb_usb_hdmi_top/export/mb_usb_hdmi_top/hw/mb_usb_hdmi_top.xsa -regs
configparams mdm-detect-bscan-mask 2
targets -set -nocase -filter {name =~ "*microblaze*#0" && bscan=="USER2" }
rst -system
after 3000
targets -set -nocase -filter {name =~ "*microblaze*#0" && bscan=="USER2" }
dow C:/Users/wht20/Desktop/ece385/lab6/Soc_graphics/Soc_design_text/Debug/Soc_design_text.elf
----------------End of Script----------------

04:06:46 INFO  : Context for processor 'microblaze_0' is selected.
04:06:46 INFO  : 'con' command is executed.
04:06:46 INFO  : ----------------XSDB Script (After Launch)----------------
targets -set -nocase -filter {name =~ "*microblaze*#0" && bscan=="USER2" }
con
----------------End of Script----------------

04:06:46 INFO  : Disconnected from the channel tcfchan#6.
04:08:23 INFO  : Connected to target on host '127.0.0.1' and port '3121'.
04:08:24 INFO  : Jtag cable 'RealDigital Boo 887404240344A' is selected.
04:08:24 INFO  : 'jtag frequency' command is executed.
04:08:25 INFO  : 'targets -set -filter {jtag_cable_name =~ "RealDigital Boo 887404240344A" && level==0 && jtag_device_ctx=="jsn1-0362f093-0"}' command is executed.
04:08:26 INFO  : Device configured successfully with "C:/Users/wht20/Desktop/ece385/lab6/Soc_graphics/Soc_design_text/_ide/bitstream/mb_usb_hdmi_top.bit"
04:08:26 INFO  : Context for processor 'microblaze_0' is selected.
04:08:26 INFO  : Hardware design and registers information is loaded from 'C:/Users/wht20/Desktop/ece385/lab6/Soc_graphics/mb_usb_hdmi_top/export/mb_usb_hdmi_top/hw/mb_usb_hdmi_top.xsa'.
04:08:26 INFO  : 'configparams mdm-detect-bscan-mask 2' command is executed.
04:08:26 INFO  : Context for processor 'microblaze_0' is selected.
04:08:26 INFO  : System reset is completed.
04:08:29 INFO  : 'after 3000' command is executed.
04:08:29 INFO  : Context for processor 'microblaze_0' is selected.
04:08:29 INFO  : The application 'C:/Users/wht20/Desktop/ece385/lab6/Soc_graphics/Soc_design_text/Debug/Soc_design_text.elf' is downloaded to processor 'microblaze_0'.
04:08:29 INFO  : ----------------XSDB Script----------------
connect -url tcp:127.0.0.1:3121
targets -set -filter {jtag_cable_name =~ "RealDigital Boo 887404240344A" && level==0 && jtag_device_ctx=="jsn1-0362f093-0"}
fpga -file C:/Users/wht20/Desktop/ece385/lab6/Soc_graphics/Soc_design_text/_ide/bitstream/mb_usb_hdmi_top.bit
targets -set -nocase -filter {name =~ "*microblaze*#0" && bscan=="USER2" }
loadhw -hw C:/Users/wht20/Desktop/ece385/lab6/Soc_graphics/mb_usb_hdmi_top/export/mb_usb_hdmi_top/hw/mb_usb_hdmi_top.xsa -regs
configparams mdm-detect-bscan-mask 2
targets -set -nocase -filter {name =~ "*microblaze*#0" && bscan=="USER2" }
rst -system
after 3000
targets -set -nocase -filter {name =~ "*microblaze*#0" && bscan=="USER2" }
dow C:/Users/wht20/Desktop/ece385/lab6/Soc_graphics/Soc_design_text/Debug/Soc_design_text.elf
----------------End of Script----------------

04:08:29 INFO  : Context for processor 'microblaze_0' is selected.
04:08:29 INFO  : 'con' command is executed.
04:08:29 INFO  : ----------------XSDB Script (After Launch)----------------
targets -set -nocase -filter {name =~ "*microblaze*#0" && bscan=="USER2" }
con
----------------End of Script----------------

04:08:29 INFO  : Disconnected from the channel tcfchan#7.
04:10:44 INFO  : Connected to target on host '127.0.0.1' and port '3121'.
04:10:45 INFO  : Jtag cable 'RealDigital Boo 887404240344A' is selected.
04:10:45 INFO  : 'jtag frequency' command is executed.
04:10:45 INFO  : 'targets -set -filter {jtag_cable_name =~ "RealDigital Boo 887404240344A" && level==0 && jtag_device_ctx=="jsn1-0362f093-0"}' command is executed.
04:10:46 INFO  : Device configured successfully with "C:/Users/wht20/Desktop/ece385/lab6/Soc_graphics/Soc_design_text/_ide/bitstream/mb_usb_hdmi_top.bit"
04:10:47 INFO  : Context for processor 'microblaze_0' is selected.
04:10:47 INFO  : Hardware design and registers information is loaded from 'C:/Users/wht20/Desktop/ece385/lab6/Soc_graphics/mb_usb_hdmi_top/export/mb_usb_hdmi_top/hw/mb_usb_hdmi_top.xsa'.
04:10:47 INFO  : 'configparams mdm-detect-bscan-mask 2' command is executed.
04:10:47 INFO  : Context for processor 'microblaze_0' is selected.
04:10:47 INFO  : System reset is completed.
04:10:50 INFO  : 'after 3000' command is executed.
04:10:50 INFO  : Context for processor 'microblaze_0' is selected.
04:10:50 INFO  : The application 'C:/Users/wht20/Desktop/ece385/lab6/Soc_graphics/Soc_design_text/Debug/Soc_design_text.elf' is downloaded to processor 'microblaze_0'.
04:10:50 INFO  : ----------------XSDB Script----------------
connect -url tcp:127.0.0.1:3121
targets -set -filter {jtag_cable_name =~ "RealDigital Boo 887404240344A" && level==0 && jtag_device_ctx=="jsn1-0362f093-0"}
fpga -file C:/Users/wht20/Desktop/ece385/lab6/Soc_graphics/Soc_design_text/_ide/bitstream/mb_usb_hdmi_top.bit
targets -set -nocase -filter {name =~ "*microblaze*#0" && bscan=="USER2" }
loadhw -hw C:/Users/wht20/Desktop/ece385/lab6/Soc_graphics/mb_usb_hdmi_top/export/mb_usb_hdmi_top/hw/mb_usb_hdmi_top.xsa -regs
configparams mdm-detect-bscan-mask 2
targets -set -nocase -filter {name =~ "*microblaze*#0" && bscan=="USER2" }
rst -system
after 3000
targets -set -nocase -filter {name =~ "*microblaze*#0" && bscan=="USER2" }
dow C:/Users/wht20/Desktop/ece385/lab6/Soc_graphics/Soc_design_text/Debug/Soc_design_text.elf
----------------End of Script----------------

04:10:50 INFO  : Context for processor 'microblaze_0' is selected.
04:10:50 INFO  : 'con' command is executed.
04:10:50 INFO  : ----------------XSDB Script (After Launch)----------------
targets -set -nocase -filter {name =~ "*microblaze*#0" && bscan=="USER2" }
con
----------------End of Script----------------

04:10:50 INFO  : Disconnected from the channel tcfchan#8.
04:11:46 INFO  : Checking for BSP changes to sync application flags for project 'Soc_design_text'...
04:11:58 INFO  : The hardware specification used by project 'Soc_design_text' is out of sync with the platform. Resource files extracted from the hardware specification will be updated.
04:11:58 INFO  : The file 'C:\Users\wht20\Desktop\ece385\lab6\Soc_graphics\Soc_design_text\_ide\bitstream\mb_usb_hdmi_top.bit' stored in project is removed.
04:11:58 INFO  : The file 'C:\Users\wht20\Desktop\ece385\lab6\Soc_graphics\Soc_design_text\_ide\bitstream\mb_usb_hdmi_top.mmi' stored in project is removed.
04:11:58 INFO  : The updated bitstream files are copied from platform to folder 'C:\Users\wht20\Desktop\ece385\lab6\Soc_graphics\Soc_design_text\_ide\bitstream' in project 'Soc_design_text'.
04:13:32 INFO  : Connected to target on host '127.0.0.1' and port '3121'.
04:13:33 INFO  : Jtag cable 'RealDigital Boo 887404240344A' is selected.
04:13:33 INFO  : 'jtag frequency' command is executed.
04:13:33 INFO  : 'targets -set -filter {jtag_cable_name =~ "RealDigital Boo 887404240344A" && level==0 && jtag_device_ctx=="jsn1-0362f093-0"}' command is executed.
04:13:34 INFO  : Device configured successfully with "C:/Users/wht20/Desktop/ece385/lab6/Soc_graphics/Soc_design_text/_ide/bitstream/mb_usb_hdmi_top.bit"
04:13:34 INFO  : Context for processor 'microblaze_0' is selected.
04:13:34 INFO  : Hardware design and registers information is loaded from 'C:/Users/wht20/Desktop/ece385/lab6/Soc_graphics/mb_usb_hdmi_top/export/mb_usb_hdmi_top/hw/mb_usb_hdmi_top.xsa'.
04:13:34 INFO  : 'configparams mdm-detect-bscan-mask 2' command is executed.
04:13:34 INFO  : Context for processor 'microblaze_0' is selected.
04:13:34 INFO  : System reset is completed.
04:13:37 INFO  : 'after 3000' command is executed.
04:13:37 INFO  : Context for processor 'microblaze_0' is selected.
04:13:37 INFO  : The application 'C:/Users/wht20/Desktop/ece385/lab6/Soc_graphics/Soc_design_text/Debug/Soc_design_text.elf' is downloaded to processor 'microblaze_0'.
04:13:37 INFO  : ----------------XSDB Script----------------
connect -url tcp:127.0.0.1:3121
targets -set -filter {jtag_cable_name =~ "RealDigital Boo 887404240344A" && level==0 && jtag_device_ctx=="jsn1-0362f093-0"}
fpga -file C:/Users/wht20/Desktop/ece385/lab6/Soc_graphics/Soc_design_text/_ide/bitstream/mb_usb_hdmi_top.bit
targets -set -nocase -filter {name =~ "*microblaze*#0" && bscan=="USER2" }
loadhw -hw C:/Users/wht20/Desktop/ece385/lab6/Soc_graphics/mb_usb_hdmi_top/export/mb_usb_hdmi_top/hw/mb_usb_hdmi_top.xsa -regs
configparams mdm-detect-bscan-mask 2
targets -set -nocase -filter {name =~ "*microblaze*#0" && bscan=="USER2" }
rst -system
after 3000
targets -set -nocase -filter {name =~ "*microblaze*#0" && bscan=="USER2" }
dow C:/Users/wht20/Desktop/ece385/lab6/Soc_graphics/Soc_design_text/Debug/Soc_design_text.elf
----------------End of Script----------------

04:13:37 INFO  : Context for processor 'microblaze_0' is selected.
04:13:37 INFO  : 'con' command is executed.
04:13:37 INFO  : ----------------XSDB Script (After Launch)----------------
targets -set -nocase -filter {name =~ "*microblaze*#0" && bscan=="USER2" }
con
----------------End of Script----------------

04:13:37 INFO  : Disconnected from the channel tcfchan#9.
04:18:13 DEBUG : Logs will be stored at 'C:/Users/wht20/Desktop/ece385/lab6/Soc_graphics/IDE.log'.
04:18:13 INFO  : Launching XSCT server: xsct.bat -n  -interactive C:\Users\wht20\Desktop\ece385\lab6\Soc_graphics\temp_xsdb_launch_script.tcl
04:18:14 ERROR : (XSDB Server)'\gnu\microblaze\lin\bin\' 不是内部或外部命令，也不是可运行的程序
或批处理文件。

04:18:14 ERROR : (XSDB Server)'\gnu\microblaze\nt\bin\' 不是内部或外部命令，也不是可运行的程序
或批处理文件。

04:18:14 ERROR : (XSDB Server)'\gnuwin\bin\' 不是内部或外部命令，也不是可运行的程序
或批处理文件。

04:18:15 INFO  : XSCT server has started successfully.
04:18:15 INFO  : Successfully done setting XSCT server connection channel  
04:18:15 INFO  : plnx-install-location is set to ''
04:18:15 INFO  : Successfully done setting workspace for the tool. 
04:18:19 INFO  : Registering command handlers for Vitis TCF services
04:18:19 INFO  : Platform repository initialization has completed.
04:18:19 INFO  : Successfully done query RDI_DATADIR 
04:18:30 INFO  : Checking for BSP changes to sync application flags for project 'Soc_design_text'...
04:19:09 INFO  : Connected to target on host '127.0.0.1' and port '3121'.
04:19:10 INFO  : Jtag cable 'RealDigital Boo 887404240344A' is selected.
04:19:10 INFO  : 'jtag frequency' command is executed.
04:19:10 INFO  : 'targets -set -filter {jtag_cable_name =~ "RealDigital Boo 887404240344A" && level==0 && jtag_device_ctx=="jsn1-0362f093-0"}' command is executed.
04:19:11 INFO  : Device configured successfully with "C:/Users/wht20/Desktop/ece385/lab6/Soc_graphics/Soc_design_text/_ide/bitstream/mb_usb_hdmi_top.bit"
04:19:11 INFO  : Context for processor 'microblaze_0' is selected.
04:19:11 INFO  : Hardware design and registers information is loaded from 'C:/Users/wht20/Desktop/ece385/lab6/Soc_graphics/mb_usb_hdmi_top/export/mb_usb_hdmi_top/hw/mb_usb_hdmi_top.xsa'.
04:19:11 INFO  : 'configparams mdm-detect-bscan-mask 2' command is executed.
04:19:11 INFO  : Context for processor 'microblaze_0' is selected.
04:19:11 INFO  : System reset is completed.
04:19:14 INFO  : 'after 3000' command is executed.
04:19:14 INFO  : Context for processor 'microblaze_0' is selected.
04:19:15 INFO  : The application 'C:/Users/wht20/Desktop/ece385/lab6/Soc_graphics/Soc_design_text/Debug/Soc_design_text.elf' is downloaded to processor 'microblaze_0'.
04:19:15 INFO  : ----------------XSDB Script----------------
connect -url tcp:127.0.0.1:3121
targets -set -filter {jtag_cable_name =~ "RealDigital Boo 887404240344A" && level==0 && jtag_device_ctx=="jsn1-0362f093-0"}
fpga -file C:/Users/wht20/Desktop/ece385/lab6/Soc_graphics/Soc_design_text/_ide/bitstream/mb_usb_hdmi_top.bit
targets -set -nocase -filter {name =~ "*microblaze*#0" && bscan=="USER2" }
loadhw -hw C:/Users/wht20/Desktop/ece385/lab6/Soc_graphics/mb_usb_hdmi_top/export/mb_usb_hdmi_top/hw/mb_usb_hdmi_top.xsa -regs
configparams mdm-detect-bscan-mask 2
targets -set -nocase -filter {name =~ "*microblaze*#0" && bscan=="USER2" }
rst -system
after 3000
targets -set -nocase -filter {name =~ "*microblaze*#0" && bscan=="USER2" }
dow C:/Users/wht20/Desktop/ece385/lab6/Soc_graphics/Soc_design_text/Debug/Soc_design_text.elf
----------------End of Script----------------

04:19:15 INFO  : Context for processor 'microblaze_0' is selected.
04:19:15 INFO  : 'con' command is executed.
04:19:15 INFO  : ----------------XSDB Script (After Launch)----------------
targets -set -nocase -filter {name =~ "*microblaze*#0" && bscan=="USER2" }
con
----------------End of Script----------------

04:19:15 INFO  : Disconnected from the channel tcfchan#1.
07:21:09 INFO  : Result from executing command 'removePlatformRepo': 
07:22:20 ERROR : Error from executing command 'removePlatformRepo': ERROR: No valid directory exists at given path.
07:25:07 DEBUG : Logs will be stored at 'C:/Users/wht20/Desktop/ece385/lab6/Soc_graphics/IDE.log'.
07:25:07 INFO  : Launching XSCT server: xsct.bat -n  -interactive C:\Users\wht20\Desktop\ece385\lab6\Soc_graphics\temp_xsdb_launch_script.tcl
07:25:08 ERROR : (XSDB Server)'\gnu\microblaze\lin\bin\' 不是内部或外部命令，也不是可运行的程序
或批处理文件。
'\gnu\microblaze\nt\bin\' 不是内部或外部命令，也不是可运行的程序
或批处理文件。
'\gnuwin\bin\' 不是内部或外部命令，也不是可运行的程序
或批处理文件。

07:25:10 INFO  : XSCT server has started successfully.
07:25:10 INFO  : Successfully done setting XSCT server connection channel  
07:25:10 INFO  : plnx-install-location is set to ''
07:25:10 INFO  : Successfully done setting workspace for the tool. 
07:25:12 INFO  : Platform repository initialization has completed.
07:25:12 INFO  : Registering command handlers for Vitis TCF services
07:25:12 INFO  : Successfully done query RDI_DATADIR 
07:25:42 INFO  : Hardware specification for platform project 'mb_usb_hdmi_top' is updated.
07:30:20 INFO  : Result from executing command 'getProjects': mb_usb_hdmi_top
07:30:20 INFO  : Result from executing command 'getPlatforms': 
07:30:20 INFO  : Checking for BSP changes to sync application flags for project 'Soc_design_text'...
07:31:18 INFO  : Connected to target on host '127.0.0.1' and port '3121'.
07:31:19 INFO  : Jtag cable 'RealDigital Boo 887404240344A' is selected.
07:31:19 INFO  : 'jtag frequency' command is executed.
07:31:19 INFO  : 'targets -set -filter {jtag_cable_name =~ "RealDigital Boo 887404240344A" && level==0 && jtag_device_ctx=="jsn1-0362f093-0"}' command is executed.
07:31:20 INFO  : Device configured successfully with "C:/Users/wht20/Desktop/ece385/lab6/Soc_graphics/Soc_design_text/_ide/bitstream/mb_usb_hdmi_top.bit"
07:31:20 INFO  : Context for processor 'microblaze_0' is selected.
07:31:20 INFO  : Hardware design and registers information is loaded from 'C:/Users/wht20/Desktop/ece385/lab6/Soc_graphics/mb_usb_hdmi_top/export/mb_usb_hdmi_top/hw/mb_usb_hdmi_top.xsa'.
07:31:20 INFO  : 'configparams mdm-detect-bscan-mask 2' command is executed.
07:31:20 INFO  : Context for processor 'microblaze_0' is selected.
07:31:20 INFO  : System reset is completed.
07:31:23 INFO  : 'after 3000' command is executed.
07:31:23 INFO  : Context for processor 'microblaze_0' is selected.
07:31:24 INFO  : The application 'C:/Users/wht20/Desktop/ece385/lab6/Soc_graphics/Soc_design_text/Debug/Soc_design_text.elf' is downloaded to processor 'microblaze_0'.
07:31:24 INFO  : ----------------XSDB Script----------------
connect -url tcp:127.0.0.1:3121
targets -set -filter {jtag_cable_name =~ "RealDigital Boo 887404240344A" && level==0 && jtag_device_ctx=="jsn1-0362f093-0"}
fpga -file C:/Users/wht20/Desktop/ece385/lab6/Soc_graphics/Soc_design_text/_ide/bitstream/mb_usb_hdmi_top.bit
targets -set -nocase -filter {name =~ "*microblaze*#0" && bscan=="USER2" }
loadhw -hw C:/Users/wht20/Desktop/ece385/lab6/Soc_graphics/mb_usb_hdmi_top/export/mb_usb_hdmi_top/hw/mb_usb_hdmi_top.xsa -regs
configparams mdm-detect-bscan-mask 2
targets -set -nocase -filter {name =~ "*microblaze*#0" && bscan=="USER2" }
rst -system
after 3000
targets -set -nocase -filter {name =~ "*microblaze*#0" && bscan=="USER2" }
dow C:/Users/wht20/Desktop/ece385/lab6/Soc_graphics/Soc_design_text/Debug/Soc_design_text.elf
----------------End of Script----------------

07:31:24 INFO  : Context for processor 'microblaze_0' is selected.
07:31:24 INFO  : 'con' command is executed.
07:31:24 INFO  : ----------------XSDB Script (After Launch)----------------
targets -set -nocase -filter {name =~ "*microblaze*#0" && bscan=="USER2" }
con
----------------End of Script----------------

07:31:24 INFO  : Disconnected from the channel tcfchan#2.
07:35:08 INFO  : Connected to target on host '127.0.0.1' and port '3121'.
07:35:09 INFO  : Jtag cable 'RealDigital Boo 887404240344A' is selected.
07:35:09 INFO  : 'jtag frequency' command is executed.
07:35:09 INFO  : 'targets -set -filter {jtag_cable_name =~ "RealDigital Boo 887404240344A" && level==0 && jtag_device_ctx=="jsn1-0362f093-0"}' command is executed.
07:35:10 INFO  : Device configured successfully with "C:/Users/wht20/Desktop/ece385/lab6/Soc_graphics/Soc_design_text/_ide/bitstream/mb_usb_hdmi_top.bit"
07:35:10 INFO  : Context for processor 'microblaze_0' is selected.
07:35:10 INFO  : Hardware design and registers information is loaded from 'C:/Users/wht20/Desktop/ece385/lab6/Soc_graphics/mb_usb_hdmi_top/export/mb_usb_hdmi_top/hw/mb_usb_hdmi_top.xsa'.
07:35:10 INFO  : 'configparams mdm-detect-bscan-mask 2' command is executed.
07:35:10 INFO  : Context for processor 'microblaze_0' is selected.
07:35:10 INFO  : System reset is completed.
07:35:13 INFO  : 'after 3000' command is executed.
07:35:13 INFO  : Context for processor 'microblaze_0' is selected.
07:35:14 INFO  : The application 'C:/Users/wht20/Desktop/ece385/lab6/Soc_graphics/Soc_design_text/Debug/Soc_design_text.elf' is downloaded to processor 'microblaze_0'.
07:35:14 INFO  : ----------------XSDB Script----------------
connect -url tcp:127.0.0.1:3121
targets -set -filter {jtag_cable_name =~ "RealDigital Boo 887404240344A" && level==0 && jtag_device_ctx=="jsn1-0362f093-0"}
fpga -file C:/Users/wht20/Desktop/ece385/lab6/Soc_graphics/Soc_design_text/_ide/bitstream/mb_usb_hdmi_top.bit
targets -set -nocase -filter {name =~ "*microblaze*#0" && bscan=="USER2" }
loadhw -hw C:/Users/wht20/Desktop/ece385/lab6/Soc_graphics/mb_usb_hdmi_top/export/mb_usb_hdmi_top/hw/mb_usb_hdmi_top.xsa -regs
configparams mdm-detect-bscan-mask 2
targets -set -nocase -filter {name =~ "*microblaze*#0" && bscan=="USER2" }
rst -system
after 3000
targets -set -nocase -filter {name =~ "*microblaze*#0" && bscan=="USER2" }
dow C:/Users/wht20/Desktop/ece385/lab6/Soc_graphics/Soc_design_text/Debug/Soc_design_text.elf
----------------End of Script----------------

07:35:14 INFO  : Context for processor 'microblaze_0' is selected.
07:35:14 INFO  : 'con' command is executed.
07:35:14 INFO  : ----------------XSDB Script (After Launch)----------------
targets -set -nocase -filter {name =~ "*microblaze*#0" && bscan=="USER2" }
con
----------------End of Script----------------

07:35:14 INFO  : Disconnected from the channel tcfchan#3.
09:28:45 INFO  : Hardware specification for platform project 'mb_usb_hdmi_top' is updated.
09:29:40 DEBUG : Logs will be stored at 'C:/Users/wht20/Desktop/ece385/lab6/Soc_graphics/IDE.log'.
09:29:55 INFO  : Launching XSCT server: xsct.bat -n  -interactive C:\Users\wht20\Desktop\ece385\lab6\Soc_graphics\temp_xsdb_launch_script.tcl
09:30:29 ERROR : (XSDB Server)'\gnu\microblaze\lin\bin\' 不是内部或外部命令，也不是可运行的程序
或批处理文件。

09:30:29 ERROR : (XSDB Server)'\gnu\microblaze\nt\bin\' 不是内部或外部命令，也不是可运行的程序
或批处理文件。

09:30:29 ERROR : (XSDB Server)'\gnuwin\bin\' 不是内部或外部命令，也不是可运行的程序
或批处理文件。

09:30:36 INFO  : XSCT server has started successfully.
09:30:36 INFO  : plnx-install-location is set to ''
09:30:36 INFO  : Successfully done setting XSCT server connection channel  
09:30:36 INFO  : Successfully done setting workspace for the tool. 
09:30:40 INFO  : Successfully done query RDI_DATADIR 
09:30:40 ERROR : Error encountered while initializing user repository paths
Reason: No Platforms Found.


09:30:40 INFO  : Platform repository initialization has completed.
09:30:40 INFO  : Registering command handlers for Vitis TCF services
09:30:42 INFO  : Hardware specification for platform project 'mb_usb_hdmi_top' is updated.
09:31:36 INFO  : Result from executing command 'removePlatformRepo': 
09:32:27 INFO  : Hardware specification for platform project 'mb_usb_hdmi_top' is updated.
09:32:40 ERROR : Error from executing command 'removePlatformRepo': ERROR: No valid directory exists at given path.
09:36:00 INFO  : Result from executing command 'getProjects': mb_usb_hdmi_top
09:36:00 INFO  : Result from executing command 'getPlatforms': 
09:36:00 INFO  : Checking for BSP changes to sync application flags for project 'Soc_design_text'...
09:36:19 INFO  : The hardware specification used by project 'Soc_design_text' is out of sync with the platform. Resource files extracted from the hardware specification will be updated.
09:36:19 INFO  : The file 'C:\Users\wht20\Desktop\ece385\lab6\Soc_graphics\Soc_design_text\_ide\bitstream\mb_usb_hdmi_top.bit' stored in project is removed.
09:36:19 INFO  : The file 'C:\Users\wht20\Desktop\ece385\lab6\Soc_graphics\Soc_design_text\_ide\bitstream\mb_usb_hdmi_top.mmi' stored in project is removed.
09:36:19 INFO  : The updated bitstream files are copied from platform to folder 'C:\Users\wht20\Desktop\ece385\lab6\Soc_graphics\Soc_design_text\_ide\bitstream' in project 'Soc_design_text'.
09:38:38 INFO  : Connected to target on host '127.0.0.1' and port '3121'.
09:38:39 INFO  : Jtag cable 'RealDigital Boo 887404240344A' is selected.
09:38:39 INFO  : 'jtag frequency' command is executed.
09:38:39 INFO  : 'targets -set -filter {jtag_cable_name =~ "RealDigital Boo 887404240344A" && level==0 && jtag_device_ctx=="jsn1-0362f093-0"}' command is executed.
09:38:40 INFO  : Device configured successfully with "C:/Users/wht20/Desktop/ece385/lab6/Soc_graphics/Soc_design_text/_ide/bitstream/mb_usb_hdmi_top.bit"
09:38:40 INFO  : Context for processor 'microblaze_0' is selected.
09:38:40 INFO  : Hardware design and registers information is loaded from 'C:/Users/wht20/Desktop/ece385/lab6/Soc_graphics/mb_usb_hdmi_top/export/mb_usb_hdmi_top/hw/mb_usb_hdmi_top.xsa'.
09:38:40 INFO  : 'configparams mdm-detect-bscan-mask 2' command is executed.
09:38:40 INFO  : Context for processor 'microblaze_0' is selected.
09:38:40 INFO  : System reset is completed.
09:38:43 INFO  : 'after 3000' command is executed.
09:38:43 INFO  : Context for processor 'microblaze_0' is selected.
09:38:44 INFO  : The application 'C:/Users/wht20/Desktop/ece385/lab6/Soc_graphics/Soc_design_text/Debug/Soc_design_text.elf' is downloaded to processor 'microblaze_0'.
09:38:44 INFO  : ----------------XSDB Script----------------
connect -url tcp:127.0.0.1:3121
targets -set -filter {jtag_cable_name =~ "RealDigital Boo 887404240344A" && level==0 && jtag_device_ctx=="jsn1-0362f093-0"}
fpga -file C:/Users/wht20/Desktop/ece385/lab6/Soc_graphics/Soc_design_text/_ide/bitstream/mb_usb_hdmi_top.bit
targets -set -nocase -filter {name =~ "*microblaze*#0" && bscan=="USER2" }
loadhw -hw C:/Users/wht20/Desktop/ece385/lab6/Soc_graphics/mb_usb_hdmi_top/export/mb_usb_hdmi_top/hw/mb_usb_hdmi_top.xsa -regs
configparams mdm-detect-bscan-mask 2
targets -set -nocase -filter {name =~ "*microblaze*#0" && bscan=="USER2" }
rst -system
after 3000
targets -set -nocase -filter {name =~ "*microblaze*#0" && bscan=="USER2" }
dow C:/Users/wht20/Desktop/ece385/lab6/Soc_graphics/Soc_design_text/Debug/Soc_design_text.elf
----------------End of Script----------------

09:38:44 INFO  : Context for processor 'microblaze_0' is selected.
09:38:44 INFO  : 'con' command is executed.
09:38:44 INFO  : ----------------XSDB Script (After Launch)----------------
targets -set -nocase -filter {name =~ "*microblaze*#0" && bscan=="USER2" }
con
----------------End of Script----------------

09:38:44 INFO  : Disconnected from the channel tcfchan#4.
10:28:02 INFO  : Connected to target on host '127.0.0.1' and port '3121'.
10:28:03 INFO  : Jtag cable 'RealDigital Boo 887404240344A' is selected.
10:28:03 INFO  : 'jtag frequency' command is executed.
10:28:03 INFO  : 'targets -set -filter {jtag_cable_name =~ "RealDigital Boo 887404240344A" && level==0 && jtag_device_ctx=="jsn1-0362f093-0"}' command is executed.
10:28:04 INFO  : Device configured successfully with "C:/Users/wht20/Desktop/ece385/lab6/Soc_graphics/Soc_design_text/_ide/bitstream/mb_usb_hdmi_top.bit"
10:28:04 INFO  : Context for processor 'microblaze_0' is selected.
10:28:04 INFO  : Hardware design and registers information is loaded from 'C:/Users/wht20/Desktop/ece385/lab6/Soc_graphics/mb_usb_hdmi_top/export/mb_usb_hdmi_top/hw/mb_usb_hdmi_top.xsa'.
10:28:05 INFO  : 'configparams mdm-detect-bscan-mask 2' command is executed.
10:28:05 INFO  : Context for processor 'microblaze_0' is selected.
10:28:05 INFO  : System reset is completed.
10:28:05 ERROR : 'after 3000' is cancelled.
10:28:05 INFO  : ----------------XSDB Script----------------
connect -url tcp:127.0.0.1:3121
targets -set -filter {jtag_cable_name =~ "RealDigital Boo 887404240344A" && level==0 && jtag_device_ctx=="jsn1-0362f093-0"}
fpga -file C:/Users/wht20/Desktop/ece385/lab6/Soc_graphics/Soc_design_text/_ide/bitstream/mb_usb_hdmi_top.bit
targets -set -nocase -filter {name =~ "*microblaze*#0" && bscan=="USER2" }
loadhw -hw C:/Users/wht20/Desktop/ece385/lab6/Soc_graphics/mb_usb_hdmi_top/export/mb_usb_hdmi_top/hw/mb_usb_hdmi_top.xsa -regs
configparams mdm-detect-bscan-mask 2
targets -set -nocase -filter {name =~ "*microblaze*#0" && bscan=="USER2" }
rst -system
after 3000
----------------End of Script----------------

10:28:21 DEBUG : Logs will be stored at 'C:/Users/wht20/Desktop/ece385/lab6/Soc_graphics/IDE.log'.
10:28:21 INFO  : Launching XSCT server: xsct.bat -n  -interactive C:\Users\wht20\Desktop\ece385\lab6\Soc_graphics\temp_xsdb_launch_script.tcl
10:28:22 ERROR : (XSDB Server)'\gnu\microblaze\lin\bin\' 不是内部或外部命令，也不是可运行的程序
或批处理文件。

10:28:22 ERROR : (XSDB Server)'\gnu\microblaze\nt\bin\' 不是内部或外部命令，也不是可运行的程序
或批处理文件。

10:28:22 ERROR : (XSDB Server)'\gnuwin\bin\' 不是内部或外部命令，也不是可运行的程序
或批处理文件。

10:28:25 INFO  : XSCT server has started successfully.
10:28:25 INFO  : Successfully done setting XSCT server connection channel  
10:28:25 INFO  : plnx-install-location is set to ''
10:28:25 INFO  : Successfully done setting workspace for the tool. 
10:28:27 INFO  : Registering command handlers for Vitis TCF services
10:28:27 INFO  : Platform repository initialization has completed.
10:28:27 INFO  : Successfully done query RDI_DATADIR 
10:28:34 INFO  : Hardware specification for platform project 'mb_usb_hdmi_top' is updated.
10:28:46 INFO  : Result from executing command 'removePlatformRepo': 
10:32:13 INFO  : Result from executing command 'getProjects': mb_usb_hdmi_top
10:32:13 INFO  : Result from executing command 'getPlatforms': 
10:32:13 INFO  : Checking for BSP changes to sync application flags for project 'Soc_design_text'...
10:32:54 INFO  : Connected to target on host '127.0.0.1' and port '3121'.
10:32:55 INFO  : Jtag cable 'RealDigital Boo 887404240344A' is selected.
10:32:55 INFO  : 'jtag frequency' command is executed.
10:32:55 INFO  : 'targets -set -filter {jtag_cable_name =~ "RealDigital Boo 887404240344A" && level==0 && jtag_device_ctx=="jsn1-0362f093-0"}' command is executed.
10:32:56 INFO  : Device configured successfully with "C:/Users/wht20/Desktop/ece385/lab6/Soc_graphics/Soc_design_text/_ide/bitstream/mb_usb_hdmi_top.bit"
10:32:56 INFO  : Context for processor 'microblaze_0' is selected.
10:32:56 INFO  : Hardware design and registers information is loaded from 'C:/Users/wht20/Desktop/ece385/lab6/Soc_graphics/mb_usb_hdmi_top/export/mb_usb_hdmi_top/hw/mb_usb_hdmi_top.xsa'.
10:32:56 INFO  : 'configparams mdm-detect-bscan-mask 2' command is executed.
10:32:56 INFO  : Context for processor 'microblaze_0' is selected.
10:32:56 INFO  : System reset is completed.
10:32:59 INFO  : 'after 3000' command is executed.
10:32:59 INFO  : Context for processor 'microblaze_0' is selected.
10:33:00 INFO  : The application 'C:/Users/wht20/Desktop/ece385/lab6/Soc_graphics/Soc_design_text/Debug/Soc_design_text.elf' is downloaded to processor 'microblaze_0'.
10:33:00 INFO  : ----------------XSDB Script----------------
connect -url tcp:127.0.0.1:3121
targets -set -filter {jtag_cable_name =~ "RealDigital Boo 887404240344A" && level==0 && jtag_device_ctx=="jsn1-0362f093-0"}
fpga -file C:/Users/wht20/Desktop/ece385/lab6/Soc_graphics/Soc_design_text/_ide/bitstream/mb_usb_hdmi_top.bit
targets -set -nocase -filter {name =~ "*microblaze*#0" && bscan=="USER2" }
loadhw -hw C:/Users/wht20/Desktop/ece385/lab6/Soc_graphics/mb_usb_hdmi_top/export/mb_usb_hdmi_top/hw/mb_usb_hdmi_top.xsa -regs
configparams mdm-detect-bscan-mask 2
targets -set -nocase -filter {name =~ "*microblaze*#0" && bscan=="USER2" }
rst -system
after 3000
targets -set -nocase -filter {name =~ "*microblaze*#0" && bscan=="USER2" }
dow C:/Users/wht20/Desktop/ece385/lab6/Soc_graphics/Soc_design_text/Debug/Soc_design_text.elf
----------------End of Script----------------

10:33:00 INFO  : Context for processor 'microblaze_0' is selected.
10:33:00 INFO  : 'con' command is executed.
10:33:00 INFO  : ----------------XSDB Script (After Launch)----------------
targets -set -nocase -filter {name =~ "*microblaze*#0" && bscan=="USER2" }
con
----------------End of Script----------------

10:33:00 INFO  : Disconnected from the channel tcfchan#3.
23:51:43 DEBUG : Logs will be stored at 'C:/Users/wht20/Desktop/ece385/lab6/Soc_graphics/IDE.log'.
23:51:45 INFO  : Launching XSCT server: xsct.bat -n  -interactive C:\Users\wht20\Desktop\ece385\lab6\Soc_graphics\temp_xsdb_launch_script.tcl
23:51:46 ERROR : (XSDB Server)'\gnu\microblaze\lin\bin\' 不是内部或外部命令，也不是可运行的程序
或批处理文件。

23:51:46 ERROR : (XSDB Server)'\gnu\microblaze\nt\bin\' 不是内部或外部命令，也不是可运行的程序
或批处理文件。

23:51:46 ERROR : (XSDB Server)'\gnuwin\bin\' 不是内部或外部命令，也不是可运行的程序
或批处理文件。

23:51:50 INFO  : XSCT server has started successfully.
23:51:50 INFO  : Successfully done setting XSCT server connection channel  
23:51:50 INFO  : plnx-install-location is set to ''
23:51:50 INFO  : Successfully done setting workspace for the tool. 
23:51:51 INFO  : Registering command handlers for Vitis TCF services
23:51:51 INFO  : Platform repository initialization has completed.
23:51:51 INFO  : Successfully done query RDI_DATADIR 
00:12:38 INFO  : Hardware specification for platform project 'mb_usb_hdmi_top' is updated.
00:12:53 INFO  : Result from executing command 'removePlatformRepo': 
00:20:20 INFO  : Result from executing command 'getProjects': mb_usb_hdmi_top
00:20:20 INFO  : Result from executing command 'getPlatforms': 
00:20:20 INFO  : Checking for BSP changes to sync application flags for project 'Soc_design_text'...
00:22:02 INFO  : Connected to target on host '127.0.0.1' and port '3121'.
00:22:03 INFO  : Jtag cable 'RealDigital Boo 887404240344A' is selected.
00:22:03 INFO  : 'jtag frequency' command is executed.
00:22:03 INFO  : 'targets -set -filter {jtag_cable_name =~ "RealDigital Boo 887404240344A" && level==0 && jtag_device_ctx=="jsn1-0362f093-0"}' command is executed.
00:22:04 INFO  : Device configured successfully with "C:/Users/wht20/Desktop/ece385/lab6/Soc_graphics/Soc_design_text/_ide/bitstream/mb_usb_hdmi_top.bit"
00:22:04 INFO  : Context for processor 'microblaze_0' is selected.
00:22:04 INFO  : Hardware design and registers information is loaded from 'C:/Users/wht20/Desktop/ece385/lab6/Soc_graphics/mb_usb_hdmi_top/export/mb_usb_hdmi_top/hw/mb_usb_hdmi_top.xsa'.
00:22:04 INFO  : 'configparams mdm-detect-bscan-mask 2' command is executed.
00:22:04 INFO  : Context for processor 'microblaze_0' is selected.
00:22:04 INFO  : System reset is completed.
00:22:07 INFO  : 'after 3000' command is executed.
00:22:07 INFO  : Context for processor 'microblaze_0' is selected.
00:22:08 INFO  : The application 'C:/Users/wht20/Desktop/ece385/lab6/Soc_graphics/Soc_design_text/Debug/Soc_design_text.elf' is downloaded to processor 'microblaze_0'.
00:22:08 INFO  : ----------------XSDB Script----------------
connect -url tcp:127.0.0.1:3121
targets -set -filter {jtag_cable_name =~ "RealDigital Boo 887404240344A" && level==0 && jtag_device_ctx=="jsn1-0362f093-0"}
fpga -file C:/Users/wht20/Desktop/ece385/lab6/Soc_graphics/Soc_design_text/_ide/bitstream/mb_usb_hdmi_top.bit
targets -set -nocase -filter {name =~ "*microblaze*#0" && bscan=="USER2" }
loadhw -hw C:/Users/wht20/Desktop/ece385/lab6/Soc_graphics/mb_usb_hdmi_top/export/mb_usb_hdmi_top/hw/mb_usb_hdmi_top.xsa -regs
configparams mdm-detect-bscan-mask 2
targets -set -nocase -filter {name =~ "*microblaze*#0" && bscan=="USER2" }
rst -system
after 3000
targets -set -nocase -filter {name =~ "*microblaze*#0" && bscan=="USER2" }
dow C:/Users/wht20/Desktop/ece385/lab6/Soc_graphics/Soc_design_text/Debug/Soc_design_text.elf
----------------End of Script----------------

00:22:08 INFO  : Context for processor 'microblaze_0' is selected.
00:22:08 INFO  : 'con' command is executed.
00:22:08 INFO  : ----------------XSDB Script (After Launch)----------------
targets -set -nocase -filter {name =~ "*microblaze*#0" && bscan=="USER2" }
con
----------------End of Script----------------

00:22:08 INFO  : Disconnected from the channel tcfchan#3.
05:22:55 INFO  : Hardware specification for platform project 'mb_usb_hdmi_top' is updated.
05:23:15 INFO  : Result from executing command 'removePlatformRepo': 
05:26:26 INFO  : Result from executing command 'getProjects': mb_usb_hdmi_top
05:26:26 INFO  : Result from executing command 'getPlatforms': 
05:26:27 INFO  : Checking for BSP changes to sync application flags for project 'Soc_design_text'...
05:26:39 INFO  : The hardware specification used by project 'Soc_design_text' is out of sync with the platform. Resource files extracted from the hardware specification will be updated.
05:26:39 INFO  : The file 'C:\Users\wht20\Desktop\ece385\lab6\Soc_graphics\Soc_design_text\_ide\bitstream\mb_usb_hdmi_top.bit' stored in project is removed.
05:26:39 INFO  : The file 'C:\Users\wht20\Desktop\ece385\lab6\Soc_graphics\Soc_design_text\_ide\bitstream\mb_usb_hdmi_top.mmi' stored in project is removed.
05:26:39 INFO  : The updated bitstream files are copied from platform to folder 'C:\Users\wht20\Desktop\ece385\lab6\Soc_graphics\Soc_design_text\_ide\bitstream' in project 'Soc_design_text'.
05:28:06 INFO  : Connected to target on host '127.0.0.1' and port '3121'.
05:28:07 INFO  : Jtag cable 'RealDigital Boo 887404240344A' is selected.
05:28:07 INFO  : 'jtag frequency' command is executed.
05:28:07 INFO  : 'targets -set -filter {jtag_cable_name =~ "RealDigital Boo 887404240344A" && level==0 && jtag_device_ctx=="jsn1-0362f093-0"}' command is executed.
05:28:08 INFO  : Device configured successfully with "C:/Users/wht20/Desktop/ece385/lab6/Soc_graphics/Soc_design_text/_ide/bitstream/mb_usb_hdmi_top.bit"
05:28:08 INFO  : Context for processor 'microblaze_0' is selected.
05:28:08 INFO  : Hardware design and registers information is loaded from 'C:/Users/wht20/Desktop/ece385/lab6/Soc_graphics/mb_usb_hdmi_top/export/mb_usb_hdmi_top/hw/mb_usb_hdmi_top.xsa'.
05:28:08 INFO  : 'configparams mdm-detect-bscan-mask 2' command is executed.
05:28:08 INFO  : Context for processor 'microblaze_0' is selected.
05:28:08 INFO  : System reset is completed.
05:28:11 INFO  : 'after 3000' command is executed.
05:28:11 INFO  : Context for processor 'microblaze_0' is selected.
05:28:12 INFO  : The application 'C:/Users/wht20/Desktop/ece385/lab6/Soc_graphics/Soc_design_text/Debug/Soc_design_text.elf' is downloaded to processor 'microblaze_0'.
05:28:12 INFO  : ----------------XSDB Script----------------
connect -url tcp:127.0.0.1:3121
targets -set -filter {jtag_cable_name =~ "RealDigital Boo 887404240344A" && level==0 && jtag_device_ctx=="jsn1-0362f093-0"}
fpga -file C:/Users/wht20/Desktop/ece385/lab6/Soc_graphics/Soc_design_text/_ide/bitstream/mb_usb_hdmi_top.bit
targets -set -nocase -filter {name =~ "*microblaze*#0" && bscan=="USER2" }
loadhw -hw C:/Users/wht20/Desktop/ece385/lab6/Soc_graphics/mb_usb_hdmi_top/export/mb_usb_hdmi_top/hw/mb_usb_hdmi_top.xsa -regs
configparams mdm-detect-bscan-mask 2
targets -set -nocase -filter {name =~ "*microblaze*#0" && bscan=="USER2" }
rst -system
after 3000
targets -set -nocase -filter {name =~ "*microblaze*#0" && bscan=="USER2" }
dow C:/Users/wht20/Desktop/ece385/lab6/Soc_graphics/Soc_design_text/Debug/Soc_design_text.elf
----------------End of Script----------------

05:28:12 INFO  : Context for processor 'microblaze_0' is selected.
05:28:12 INFO  : 'con' command is executed.
05:28:12 INFO  : ----------------XSDB Script (After Launch)----------------
targets -set -nocase -filter {name =~ "*microblaze*#0" && bscan=="USER2" }
con
----------------End of Script----------------

05:28:12 INFO  : Disconnected from the channel tcfchan#6.
01:49:13 DEBUG : Logs will be stored at 'C:/Users/wht20/Desktop/ece385/lab6/Soc_graphics/IDE.log'.
01:49:17 INFO  : Launching XSCT server: xsct.bat -n  -interactive C:\Users\wht20\Desktop\ece385\lab6\Soc_graphics\temp_xsdb_launch_script.tcl
01:49:18 ERROR : (XSDB Server)'\gnu\microblaze\lin\bin\' 不是内部或外部命令，也不是可运行的程序
或批处理文件。

01:49:18 ERROR : (XSDB Server)'\gnu\microblaze\nt\bin\' 不是内部或外部命令，也不是可运行的程序
或批处理文件。

01:49:18 ERROR : (XSDB Server)'\gnuwin\bin\' 不是内部或外部命令，也不是可运行的程序
或批处理文件。

01:49:20 INFO  : XSCT server has started successfully.
01:49:20 INFO  : Successfully done setting XSCT server connection channel  
01:49:20 INFO  : plnx-install-location is set to ''
01:49:20 INFO  : Successfully done setting workspace for the tool. 
01:49:22 INFO  : Registering command handlers for Vitis TCF services
01:49:22 INFO  : Platform repository initialization has completed.
01:49:22 INFO  : Successfully done query RDI_DATADIR 
01:55:04 INFO  : Hardware specification for platform project 'mb_usb_hdmi_top' is updated.
01:55:36 INFO  : Result from executing command 'removePlatformRepo': 
01:59:36 INFO  : Result from executing command 'getProjects': mb_usb_hdmi_top
01:59:36 INFO  : Result from executing command 'getPlatforms': 
01:59:37 INFO  : Checking for BSP changes to sync application flags for project 'Soc_design_text'...
01:59:55 INFO  : The hardware specification used by project 'Soc_design_text' is out of sync with the platform. Resource files extracted from the hardware specification will be updated.
01:59:55 INFO  : The file 'C:\Users\wht20\Desktop\ece385\lab6\Soc_graphics\Soc_design_text\_ide\bitstream\mb_usb_hdmi_top.bit' stored in project is removed.
01:59:55 INFO  : The file 'C:\Users\wht20\Desktop\ece385\lab6\Soc_graphics\Soc_design_text\_ide\bitstream\mb_usb_hdmi_top.mmi' stored in project is removed.
01:59:55 INFO  : The updated bitstream files are copied from platform to folder 'C:\Users\wht20\Desktop\ece385\lab6\Soc_graphics\Soc_design_text\_ide\bitstream' in project 'Soc_design_text'.
02:00:55 DEBUG : Logs will be stored at 'C:/Users/wht20/Desktop/ece385/lab6/Soc_graphics/IDE.log'.
02:00:56 INFO  : Launching XSCT server: xsct.bat -n  -interactive C:\Users\wht20\Desktop\ece385\lab6\Soc_graphics\temp_xsdb_launch_script.tcl
02:00:56 ERROR : (XSDB Server)'\gnu\microblaze\lin\bin\' 不是内部或外部命令，也不是可运行的程序
或批处理文件。

02:00:56 ERROR : (XSDB Server)'\gnu\microblaze\nt\bin\' 不是内部或外部命令，也不是可运行的程序
或批处理文件。

02:00:56 ERROR : (XSDB Server)'\gnuwin\bin\' 不是内部或外部命令，也不是可运行的程序
或批处理文件。

02:00:58 INFO  : XSCT server has started successfully.
02:00:58 INFO  : plnx-install-location is set to ''
02:00:58 INFO  : Successfully done setting XSCT server connection channel  
02:00:58 INFO  : Successfully done setting workspace for the tool. 
02:00:59 INFO  : Platform repository initialization has completed.
02:00:59 INFO  : Registering command handlers for Vitis TCF services
02:00:59 INFO  : Successfully done query RDI_DATADIR 
02:01:25 INFO  : Connected to target on host '127.0.0.1' and port '3121'.
02:01:26 INFO  : Jtag cable 'RealDigital Boo 887404240344A' is selected.
02:01:26 INFO  : 'jtag frequency' command is executed.
02:01:27 INFO  : 'targets -set -filter {jtag_cable_name =~ "RealDigital Boo 887404240344A" && level==0 && jtag_device_ctx=="jsn1-0362f093-0"}' command is executed.
02:01:28 INFO  : Device configured successfully with "C:/Users/wht20/Desktop/ece385/lab6/Soc_graphics/Soc_design_text/_ide/bitstream/mb_usb_hdmi_top.bit"
02:01:28 INFO  : Context for processor 'microblaze_0' is selected.
02:01:28 INFO  : Hardware design and registers information is loaded from 'C:/Users/wht20/Desktop/ece385/lab6/Soc_graphics/mb_usb_hdmi_top/export/mb_usb_hdmi_top/hw/mb_usb_hdmi_top.xsa'.
02:01:28 INFO  : 'configparams mdm-detect-bscan-mask 2' command is executed.
02:01:28 INFO  : Context for processor 'microblaze_0' is selected.
02:01:28 INFO  : System reset is completed.
02:01:31 INFO  : 'after 3000' command is executed.
02:01:31 INFO  : Context for processor 'microblaze_0' is selected.
02:01:31 INFO  : The application 'C:/Users/wht20/Desktop/ece385/lab6/Soc_graphics/Soc_design_text/Debug/Soc_design_text.elf' is downloaded to processor 'microblaze_0'.
02:01:31 INFO  : ----------------XSDB Script----------------
connect -url tcp:127.0.0.1:3121
targets -set -filter {jtag_cable_name =~ "RealDigital Boo 887404240344A" && level==0 && jtag_device_ctx=="jsn1-0362f093-0"}
fpga -file C:/Users/wht20/Desktop/ece385/lab6/Soc_graphics/Soc_design_text/_ide/bitstream/mb_usb_hdmi_top.bit
targets -set -nocase -filter {name =~ "*microblaze*#0" && bscan=="USER2" }
loadhw -hw C:/Users/wht20/Desktop/ece385/lab6/Soc_graphics/mb_usb_hdmi_top/export/mb_usb_hdmi_top/hw/mb_usb_hdmi_top.xsa -regs
configparams mdm-detect-bscan-mask 2
targets -set -nocase -filter {name =~ "*microblaze*#0" && bscan=="USER2" }
rst -system
after 3000
targets -set -nocase -filter {name =~ "*microblaze*#0" && bscan=="USER2" }
dow C:/Users/wht20/Desktop/ece385/lab6/Soc_graphics/Soc_design_text/Debug/Soc_design_text.elf
----------------End of Script----------------

02:01:31 INFO  : Context for processor 'microblaze_0' is selected.
02:01:31 INFO  : 'con' command is executed.
02:01:31 INFO  : ----------------XSDB Script (After Launch)----------------
targets -set -nocase -filter {name =~ "*microblaze*#0" && bscan=="USER2" }
con
----------------End of Script----------------

02:01:31 INFO  : Disconnected from the channel tcfchan#1.
02:05:59 INFO  : Connected to target on host '127.0.0.1' and port '3121'.
02:06:00 INFO  : Jtag cable 'RealDigital Boo 887404240344A' is selected.
02:06:00 INFO  : 'jtag frequency' command is executed.
02:06:00 INFO  : 'targets -set -filter {jtag_cable_name =~ "RealDigital Boo 887404240344A" && level==0 && jtag_device_ctx=="jsn1-0362f093-0"}' command is executed.
02:06:01 INFO  : Device configured successfully with "C:/Users/wht20/Desktop/ece385/lab6/Soc_graphics/Soc_design_text/_ide/bitstream/mb_usb_hdmi_top.bit"
02:06:01 INFO  : Context for processor 'microblaze_0' is selected.
02:06:01 INFO  : Hardware design and registers information is loaded from 'C:/Users/wht20/Desktop/ece385/lab6/Soc_graphics/mb_usb_hdmi_top/export/mb_usb_hdmi_top/hw/mb_usb_hdmi_top.xsa'.
02:06:01 INFO  : 'configparams mdm-detect-bscan-mask 2' command is executed.
02:06:01 INFO  : Context for processor 'microblaze_0' is selected.
02:06:01 INFO  : System reset is completed.
02:06:04 INFO  : 'after 3000' command is executed.
02:06:04 INFO  : Context for processor 'microblaze_0' is selected.
02:06:05 INFO  : The application 'C:/Users/wht20/Desktop/ece385/lab6/Soc_graphics/Soc_design_text/Debug/Soc_design_text.elf' is downloaded to processor 'microblaze_0'.
02:06:05 INFO  : ----------------XSDB Script----------------
connect -url tcp:127.0.0.1:3121
targets -set -filter {jtag_cable_name =~ "RealDigital Boo 887404240344A" && level==0 && jtag_device_ctx=="jsn1-0362f093-0"}
fpga -file C:/Users/wht20/Desktop/ece385/lab6/Soc_graphics/Soc_design_text/_ide/bitstream/mb_usb_hdmi_top.bit
targets -set -nocase -filter {name =~ "*microblaze*#0" && bscan=="USER2" }
loadhw -hw C:/Users/wht20/Desktop/ece385/lab6/Soc_graphics/mb_usb_hdmi_top/export/mb_usb_hdmi_top/hw/mb_usb_hdmi_top.xsa -regs
configparams mdm-detect-bscan-mask 2
targets -set -nocase -filter {name =~ "*microblaze*#0" && bscan=="USER2" }
rst -system
after 3000
targets -set -nocase -filter {name =~ "*microblaze*#0" && bscan=="USER2" }
dow C:/Users/wht20/Desktop/ece385/lab6/Soc_graphics/Soc_design_text/Debug/Soc_design_text.elf
----------------End of Script----------------

02:06:05 INFO  : Context for processor 'microblaze_0' is selected.
02:06:05 INFO  : 'con' command is executed.
02:06:05 INFO  : ----------------XSDB Script (After Launch)----------------
targets -set -nocase -filter {name =~ "*microblaze*#0" && bscan=="USER2" }
con
----------------End of Script----------------

02:06:05 INFO  : Disconnected from the channel tcfchan#2.
02:21:04 INFO  : Connected to target on host '127.0.0.1' and port '3121'.
02:21:04 INFO  : Jtag cable 'RealDigital Boo 887404240344A' is selected.
02:21:04 INFO  : 'jtag frequency' command is executed.
02:21:05 INFO  : 'targets -set -filter {jtag_cable_name =~ "RealDigital Boo 887404240344A" && level==0 && jtag_device_ctx=="jsn1-0362f093-0"}' command is executed.
02:21:06 INFO  : Device configured successfully with "C:/Users/wht20/Desktop/ece385/lab6/Soc_graphics/Soc_design_text/_ide/bitstream/mb_usb_hdmi_top.bit"
02:21:06 INFO  : Context for processor 'microblaze_0' is selected.
02:21:06 INFO  : Hardware design and registers information is loaded from 'C:/Users/wht20/Desktop/ece385/lab6/Soc_graphics/mb_usb_hdmi_top/export/mb_usb_hdmi_top/hw/mb_usb_hdmi_top.xsa'.
02:21:06 INFO  : 'configparams mdm-detect-bscan-mask 2' command is executed.
02:21:06 INFO  : Context for processor 'microblaze_0' is selected.
02:21:06 INFO  : System reset is completed.
02:21:09 INFO  : 'after 3000' command is executed.
02:21:09 INFO  : Context for processor 'microblaze_0' is selected.
02:21:09 INFO  : The application 'C:/Users/wht20/Desktop/ece385/lab6/Soc_graphics/Soc_design_text/Debug/Soc_design_text.elf' is downloaded to processor 'microblaze_0'.
02:21:09 INFO  : ----------------XSDB Script----------------
connect -url tcp:127.0.0.1:3121
targets -set -filter {jtag_cable_name =~ "RealDigital Boo 887404240344A" && level==0 && jtag_device_ctx=="jsn1-0362f093-0"}
fpga -file C:/Users/wht20/Desktop/ece385/lab6/Soc_graphics/Soc_design_text/_ide/bitstream/mb_usb_hdmi_top.bit
targets -set -nocase -filter {name =~ "*microblaze*#0" && bscan=="USER2" }
loadhw -hw C:/Users/wht20/Desktop/ece385/lab6/Soc_graphics/mb_usb_hdmi_top/export/mb_usb_hdmi_top/hw/mb_usb_hdmi_top.xsa -regs
configparams mdm-detect-bscan-mask 2
targets -set -nocase -filter {name =~ "*microblaze*#0" && bscan=="USER2" }
rst -system
after 3000
targets -set -nocase -filter {name =~ "*microblaze*#0" && bscan=="USER2" }
dow C:/Users/wht20/Desktop/ece385/lab6/Soc_graphics/Soc_design_text/Debug/Soc_design_text.elf
----------------End of Script----------------

02:21:09 INFO  : Context for processor 'microblaze_0' is selected.
02:21:09 INFO  : 'con' command is executed.
02:21:09 INFO  : ----------------XSDB Script (After Launch)----------------
targets -set -nocase -filter {name =~ "*microblaze*#0" && bscan=="USER2" }
con
----------------End of Script----------------

02:21:09 INFO  : Disconnected from the channel tcfchan#3.
12:34:30 DEBUG : Logs will be stored at 'C:/Users/wht20/Desktop/ece385/lab6/Soc_graphics/IDE.log'.
12:34:31 INFO  : Launching XSCT server: xsct.bat -n  -interactive C:\Users\wht20\Desktop\ece385\lab6\Soc_graphics\temp_xsdb_launch_script.tcl
12:34:31 ERROR : (XSDB Server)'\gnu\microblaze\lin\bin\' 不是内部或外部命令，也不是可运行的程序
或批处理文件。

12:34:31 ERROR : (XSDB Server)'\gnu\microblaze\nt\bin\' 不是内部或外部命令，也不是可运行的程序
或批处理文件。

12:34:31 ERROR : (XSDB Server)'\gnuwin\bin\' 不是内部或外部命令，也不是可运行的程序
或批处理文件。

12:34:33 INFO  : XSCT server has started successfully.
12:34:33 INFO  : plnx-install-location is set to ''
12:34:33 INFO  : Successfully done setting XSCT server connection channel  
12:34:33 INFO  : Successfully done setting workspace for the tool. 
12:34:37 INFO  : Registering command handlers for Vitis TCF services
12:34:37 INFO  : Platform repository initialization has completed.
12:34:37 INFO  : Successfully done query RDI_DATADIR 
12:34:52 INFO  : Hardware specification for platform project 'mb_usb_hdmi_top' is updated.
03:49:17 DEBUG : Logs will be stored at 'C:/Users/wht20/Desktop/ece385/lab6/Soc_graphics/IDE.log'.
03:49:18 INFO  : Launching XSCT server: xsct.bat -n  -interactive C:\Users\wht20\Desktop\ece385\lab6\Soc_graphics\temp_xsdb_launch_script.tcl
03:49:18 ERROR : (XSDB Server)'\gnu\microblaze\lin\bin\' 不是内部或外部命令，也不是可运行的程序
或批处理文件。

03:49:18 ERROR : (XSDB Server)'\gnu\microblaze\nt\bin\' 不是内部或外部命令，也不是可运行的程序
或批处理文件。

03:49:18 ERROR : (XSDB Server)'\gnuwin\bin\' 不是内部或外部命令，也不是可运行的程序
或批处理文件。

03:49:20 INFO  : XSCT server has started successfully.
03:49:20 INFO  : plnx-install-location is set to ''
03:49:20 INFO  : Successfully done setting XSCT server connection channel  
03:49:20 INFO  : Successfully done setting workspace for the tool. 
03:49:22 INFO  : Platform repository initialization has completed.
03:49:22 INFO  : Successfully done query RDI_DATADIR 
03:49:22 INFO  : Registering command handlers for Vitis TCF services
03:49:40 INFO  : Checking for BSP changes to sync application flags for project 'Soc_design_text'...
03:49:40 INFO  : Result from executing command 'getProjects': RemoteSystemsTempFiles;Soc_design_text;Soc_design_text_system;mb_usb_hdmi_top
03:49:40 ERROR : Failed to openhw "C:/Users/wht20/Desktop/ece385/lab6/Soc_graphics/mb_usb_hdmi_top/export/mb_usb_hdmi_top/hw/mb_usb_hdmi_top.xsa"
Reason: C:/Users/wht20/Desktop/ece385/lab6/Soc_graphics/mb_usb_hdmi_top/export/mb_usb_hdmi_top/hw/mb_usb_hdmi_top.xsa is not available in the current workspace
use 'getprojects' command to see list of available projects in current workspace
03:49:40 ERROR : Failed to update application flags from BSP for 'Soc_design_text'. Reason: null
java.lang.NullPointerException: null
	at com.xilinx.sdx.sw.internal.SDxSwPlatform.<init>(SDxSwPlatform.java:305) ~[com.xilinx.sdx.sw_1.0.0.202404291623.jar:?]
	at com.xilinx.sdx.sw.internal.SDxSwPlatform.create(SDxSwPlatform.java:214) ~[com.xilinx.sdx.sw_1.0.0.202404291623.jar:?]
	at com.xilinx.sdx.sdk.core.util.SdkPlatformHelper.getSwPlatform(SdkPlatformHelper.java:64) ~[com.xilinx.sdx.sdk.core_1.0.0.202404291623.jar:?]
	at com.xilinx.sdx.sdk.core.build.SdkMakefileGenerationListener.getSwPlatform(SdkMakefileGenerationListener.java:160) ~[com.xilinx.sdx.sdk.core_1.0.0.202404291623.jar:?]
	at com.xilinx.sdx.sdk.core.build.SdkMakefileGenerationListener.syncAppFlags(SdkMakefileGenerationListener.java:78) [com.xilinx.sdx.sdk.core_1.0.0.202404291623.jar:?]
	at com.xilinx.sdx.sdk.core.build.SdkMakefileGenerationListener.preMakefileGeneration(SdkMakefileGenerationListener.java:48) [com.xilinx.sdx.sdk.core_1.0.0.202404291623.jar:?]
	at com.xilinx.sdk.managedbuilder.XilinxGnuMakefileGenerator.notifyPreMakefileGenerationListeners(XilinxGnuMakefileGenerator.java:91) [com.xilinx.sdk.managedbuilder_1.0.0.202404291623.jar:?]
	at com.xilinx.sdk.managedbuilder.XilinxGnuMakefileGenerator.regenerateMakefiles(XilinxGnuMakefileGenerator.java:75) [com.xilinx.sdk.managedbuilder_1.0.0.202404291623.jar:?]
	at org.eclipse.cdt.managedbuilder.internal.core.CommonBuilder.performMakefileGeneration(CommonBuilder.java:1006) [org.eclipse.cdt.managedbuilder.core_8.6.0.201802261533.jar:?]
	at org.eclipse.cdt.managedbuilder.internal.core.CommonBuilder.performPrebuildGeneration(CommonBuilder.java:873) [org.eclipse.cdt.managedbuilder.core_8.6.0.201802261533.jar:?]
	at org.eclipse.cdt.managedbuilder.internal.core.CommonBuilder.build(CommonBuilder.java:748) [org.eclipse.cdt.managedbuilder.core_8.6.0.201802261533.jar:?]
	at org.eclipse.cdt.managedbuilder.internal.core.CommonBuilder.build(CommonBuilder.java:513) [org.eclipse.cdt.managedbuilder.core_8.6.0.201802261533.jar:?]
	at org.eclipse.cdt.managedbuilder.internal.core.CommonBuilder.build(CommonBuilder.java:459) [org.eclipse.cdt.managedbuilder.core_8.6.0.201802261533.jar:?]
	at org.eclipse.core.internal.events.BuildManager$2.run(BuildManager.java:832) [org.eclipse.core.resources_3.13.700.v20200209-1624.jar:?]
	at org.eclipse.core.runtime.SafeRunner.run(SafeRunner.java:45) [org.eclipse.equinox.common_3.11.0.v20200206-0817.jar:?]
	at org.eclipse.core.internal.events.BuildManager.basicBuild(BuildManager.java:220) [org.eclipse.core.resources_3.13.700.v20200209-1624.jar:?]
	at org.eclipse.core.internal.events.BuildManager.basicBuild(BuildManager.java:263) [org.eclipse.core.resources_3.13.700.v20200209-1624.jar:?]
	at org.eclipse.core.internal.events.BuildManager$1.run(BuildManager.java:316) [org.eclipse.core.resources_3.13.700.v20200209-1624.jar:?]
	at org.eclipse.core.runtime.SafeRunner.run(SafeRunner.java:45) [org.eclipse.equinox.common_3.11.0.v20200206-0817.jar:?]
	at org.eclipse.core.internal.events.BuildManager.basicBuild(BuildManager.java:319) [org.eclipse.core.resources_3.13.700.v20200209-1624.jar:?]
	at org.eclipse.core.internal.events.BuildManager.basicBuildLoop(BuildManager.java:371) [org.eclipse.core.resources_3.13.700.v20200209-1624.jar:?]
	at org.eclipse.core.internal.events.BuildManager.build(BuildManager.java:392) [org.eclipse.core.resources_3.13.700.v20200209-1624.jar:?]
	at org.eclipse.core.internal.resources.Workspace.buildInternal(Workspace.java:515) [org.eclipse.core.resources_3.13.700.v20200209-1624.jar:?]
	at org.eclipse.core.internal.resources.Workspace.build(Workspace.java:412) [org.eclipse.core.resources_3.13.700.v20200209-1624.jar:?]
	at org.eclipse.ui.actions.BuildAction$1.runInWorkspace(BuildAction.java:291) [org.eclipse.ui.ide_3.17.0.v20200217-1511.jar:?]
	at org.eclipse.core.internal.resources.InternalWorkspaceJob.run(InternalWorkspaceJob.java:42) [org.eclipse.core.resources_3.13.700.v20200209-1624.jar:?]
	at org.eclipse.core.internal.jobs.Worker.run(Worker.java:63) [org.eclipse.core.jobs_3.10.700.v20200106-1020.jar:?]
03:51:22 ERROR : Invalid hardware specification '${sdxTcfLaunchFile:project=Soc_design_text;fileType=hw;}' in launch configuration 'Debugger_Soc_design_text-GDB'.
03:53:02 ERROR : Invalid hardware specification '${sdxTcfLaunchFile:project=Soc_design_text;fileType=hw;}' in launch configuration 'Debugger_Soc_design_text-GDB'.
03:54:25 INFO  : Hardware specification for platform project 'mb_usb_hdmi_top' is updated.
03:54:39 INFO  : Result from executing command 'removePlatformRepo': 
03:54:51 INFO  : Checking for BSP changes to sync application flags for project 'Soc_design_text'...
03:54:51 ERROR : Failed to get platform details for the project 'Soc_design_text'. Cannot sync application flags.
03:57:36 DEBUG : Logs will be stored at 'C:/Users/wht20/Desktop/ece385/lab6/Soc_graphics/IDE.log'.
03:57:37 INFO  : Launching XSCT server: xsct.bat -n  -interactive C:\Users\wht20\Desktop\ece385\lab6\Soc_graphics\temp_xsdb_launch_script.tcl
03:57:37 ERROR : (XSDB Server)'\gnu\microblaze\lin\bin\' 不是内部或外部命令，也不是可运行的程序
或批处理文件。

03:57:37 ERROR : (XSDB Server)'\gnu\microblaze\nt\bin\' 不是内部或外部命令，也不是可运行的程序
或批处理文件。

03:57:37 ERROR : (XSDB Server)'\gnuwin\bin\' 不是内部或外部命令，也不是可运行的程序
或批处理文件。

03:57:39 INFO  : XSCT server has started successfully.
03:57:39 INFO  : plnx-install-location is set to ''
03:57:39 INFO  : Successfully done setting XSCT server connection channel  
03:57:39 INFO  : Successfully done setting workspace for the tool. 
03:57:40 INFO  : Platform repository initialization has completed.
03:57:40 INFO  : Successfully done query RDI_DATADIR 
03:57:40 INFO  : Registering command handlers for Vitis TCF services
03:57:55 INFO  : Hardware specification for platform project 'mb_usb_hdmi_top' is updated.
03:58:42 INFO  : Result from executing command 'removePlatformRepo': 
03:58:49 INFO  : Checking for BSP changes to sync application flags for project 'Soc_design_text'...
03:58:49 ERROR : Failed to get platform details for the project 'Soc_design_text'. Cannot sync application flags.
