17:37:53 DEBUG : Logs will be stored at 'C:/Users/wht20/Desktop/ece385/lab5/5_1/IDE.log'.
17:37:57 INFO  : Registering command handlers for Vitis TCF services
17:37:57 INFO  : Launching XSCT server: xsct.bat -n  -interactive C:\Users\wht20\Desktop\ece385\lab5\5_1\temp_xsdb_launch_script.tcl
17:37:57 INFO  : Platform repository initialization has completed.
17:37:57 ERROR : (XSDB Server)'\gnu\microblaze\lin\bin\' 不是内部或外部命令，也不是可运行的程序
或批处理文件。

17:37:57 ERROR : (XSDB Server)'\gnu\microblaze\nt\bin\' 不是内部或外部命令，也不是可运行的程序
或批处理文件。

17:37:57 ERROR : (XSDB Server)'\gnuwin\bin\' 不是内部或外部命令，也不是可运行的程序
或批处理文件。

17:37:59 INFO  : XSCT server has started successfully.
17:37:59 INFO  : Successfully done setting XSCT server connection channel  
17:37:59 INFO  : plnx-install-location is set to ''
17:37:59 INFO  : Successfully done query RDI_DATADIR 
17:37:59 INFO  : Successfully done setting workspace for the tool. 
17:39:47 INFO  : Result from executing command 'getProjects': mb_intro_top
17:39:47 INFO  : Result from executing command 'getPlatforms': 
17:39:47 WARN  : An unexpected exception occurred in the module 'platform project logging'
17:39:47 INFO  : Platform 'mb_intro_top' is added to custom repositories.
17:39:49 INFO  : Platform 'mb_intro_top' is added to custom repositories.
17:42:30 INFO  : Result from executing command 'getProjects': mb_intro_top
17:42:30 INFO  : Result from executing command 'getPlatforms': mb_intro_top|C:/Users/wht20/Desktop/ece385/lab5/5_1/mb_intro_top/export/mb_intro_top/mb_intro_top.xpfm
17:47:33 DEBUG : Logs will be stored at 'C:/Users/wht20/Desktop/ece385/lab5/5_1/IDE.log'.
17:47:34 INFO  : Launching XSCT server: xsct.bat -n  -interactive C:\Users\wht20\Desktop\ece385\lab5\5_1\temp_xsdb_launch_script.tcl
17:47:35 ERROR : (XSDB Server)'\gnu\microblaze\lin\bin\' 不是内部或外部命令，也不是可运行的程序
或批处理文件。

17:47:35 ERROR : (XSDB Server)'\gnu\microblaze\nt\bin\' 不是内部或外部命令，也不是可运行的程序
或批处理文件。

17:47:35 ERROR : (XSDB Server)'\gnuwin\bin\' 不是内部或外部命令，也不是可运行的程序
或批处理文件。

17:47:36 INFO  : XSCT server has started successfully.
17:47:36 INFO  : Successfully done setting XSCT server connection channel  
17:47:36 INFO  : plnx-install-location is set to ''
17:47:36 INFO  : Successfully done setting workspace for the tool. 
17:47:37 INFO  : Registering command handlers for Vitis TCF services
17:47:37 INFO  : Platform repository initialization has completed.
17:47:38 INFO  : Successfully done query RDI_DATADIR 
17:47:43 INFO  : Checking for BSP changes to sync application flags for project 'mb_blink'...
17:48:12 INFO  : Connected to target on host '127.0.0.1' and port '3121'.
17:48:13 INFO  : Jtag cable 'RealDigital Boo 887404240344A' is selected.
17:48:13 INFO  : 'jtag frequency' command is executed.
17:48:13 INFO  : 'targets -set -filter {jtag_cable_name =~ "RealDigital Boo 887404240344A" && level==0 && jtag_device_ctx=="jsn1-0362f093-0"}' command is executed.
17:48:14 INFO  : Device configured successfully with "C:/Users/wht20/Desktop/ece385/lab5/5_1/mb_blink/_ide/bitstream/mb_intro_top.bit"
17:48:14 INFO  : Context for processor 'microblaze_0' is selected.
17:48:14 INFO  : Hardware design and registers information is loaded from 'C:/Users/wht20/Desktop/ece385/lab5/5_1/mb_intro_top/export/mb_intro_top/hw/mb_intro_top.xsa'.
17:48:14 INFO  : 'configparams mdm-detect-bscan-mask 2' command is executed.
17:48:14 INFO  : Context for processor 'microblaze_0' is selected.
17:48:14 INFO  : System reset is completed.
17:48:17 INFO  : 'after 3000' command is executed.
17:48:17 INFO  : Context for processor 'microblaze_0' is selected.
17:48:17 INFO  : The application 'C:/Users/wht20/Desktop/ece385/lab5/5_1/mb_blink/Debug/mb_blink.elf' is downloaded to processor 'microblaze_0'.
17:48:17 INFO  : ----------------XSDB Script----------------
connect -url tcp:127.0.0.1:3121
targets -set -filter {jtag_cable_name =~ "RealDigital Boo 887404240344A" && level==0 && jtag_device_ctx=="jsn1-0362f093-0"}
fpga -file C:/Users/wht20/Desktop/ece385/lab5/5_1/mb_blink/_ide/bitstream/mb_intro_top.bit
targets -set -nocase -filter {name =~ "*microblaze*#0" && bscan=="USER2" }
loadhw -hw C:/Users/wht20/Desktop/ece385/lab5/5_1/mb_intro_top/export/mb_intro_top/hw/mb_intro_top.xsa -regs
configparams mdm-detect-bscan-mask 2
targets -set -nocase -filter {name =~ "*microblaze*#0" && bscan=="USER2" }
rst -system
after 3000
targets -set -nocase -filter {name =~ "*microblaze*#0" && bscan=="USER2" }
dow C:/Users/wht20/Desktop/ece385/lab5/5_1/mb_blink/Debug/mb_blink.elf
----------------End of Script----------------

17:48:17 INFO  : Context for processor 'microblaze_0' is selected.
17:48:18 INFO  : 'con' command is executed.
17:48:18 INFO  : ----------------XSDB Script (After Launch)----------------
targets -set -nocase -filter {name =~ "*microblaze*#0" && bscan=="USER2" }
con
----------------End of Script----------------

17:48:18 INFO  : Disconnected from the channel tcfchan#1.
09:31:05 DEBUG : Logs will be stored at 'C:/Users/wht20/Desktop/ece385/lab5/5_1/IDE.log'.
09:31:06 INFO  : Launching XSCT server: xsct.bat -n  -interactive C:\Users\wht20\Desktop\ece385\lab5\5_1\temp_xsdb_launch_script.tcl
09:31:06 ERROR : (XSDB Server)'\gnu\microblaze\lin\bin\' 不是内部或外部命令，也不是可运行的程序
或批处理文件。

09:31:06 ERROR : (XSDB Server)'\gnu\microblaze\nt\bin\' 不是内部或外部命令，也不是可运行的程序
或批处理文件。

09:31:06 ERROR : (XSDB Server)'\gnuwin\bin\' 不是内部或外部命令，也不是可运行的程序
或批处理文件。

09:31:08 INFO  : XSCT server has started successfully.
09:31:08 INFO  : Successfully done setting XSCT server connection channel  
09:31:08 INFO  : plnx-install-location is set to ''
09:31:08 INFO  : Successfully done setting workspace for the tool. 
09:31:09 INFO  : Registering command handlers for Vitis TCF services
09:31:09 INFO  : Platform repository initialization has completed.
09:31:09 INFO  : Successfully done query RDI_DATADIR 
03:45:10 DEBUG : Logs will be stored at 'C:/Users/wht20/Desktop/ece385/lab5/5_1/IDE.log'.
03:45:11 INFO  : Launching XSCT server: xsct.bat -n  -interactive C:\Users\wht20\Desktop\ece385\lab5\5_1\temp_xsdb_launch_script.tcl
03:45:11 ERROR : (XSDB Server)'\gnu\microblaze\lin\bin\' 不是内部或外部命令，也不是可运行的程序
或批处理文件。

03:45:11 ERROR : (XSDB Server)'\gnu\microblaze\nt\bin\' 不是内部或外部命令，也不是可运行的程序
或批处理文件。

03:45:11 ERROR : (XSDB Server)'\gnuwin\bin\' 不是内部或外部命令，也不是可运行的程序
或批处理文件。

03:45:13 INFO  : XSCT server has started successfully.
03:45:13 INFO  : Successfully done setting XSCT server connection channel  
03:45:13 INFO  : plnx-install-location is set to ''
03:45:13 INFO  : Successfully done setting workspace for the tool. 
03:45:14 INFO  : Platform repository initialization has completed.
03:45:15 INFO  : Successfully done query RDI_DATADIR 
03:45:15 INFO  : Registering command handlers for Vitis TCF services
