04:01:05 DEBUG : Logs will be stored at 'C:/Users/wht20/Desktop/ece385/lab6/IDE.log'.
04:01:11 INFO  : Launching XSCT server: xsct.bat -n  -interactive C:\Users\wht20\Desktop\ece385\lab6\temp_xsdb_launch_script.tcl
04:01:11 INFO  : Registering command handlers for Vitis TCF services
04:01:11 INFO  : Platform repository initialization has completed.
04:01:11 ERROR : (XSDB Server)'\gnu\microblaze\lin\bin\' 不是内部或外部命令，也不是可运行的程序
或批处理文件。

04:01:11 ERROR : (XSDB Server)'\gnu\microblaze\nt\bin\' 不是内部或外部命令，也不是可运行的程序
或批处理文件。

04:01:11 ERROR : (XSDB Server)'\gnuwin\bin\' 不是内部或外部命令，也不是可运行的程序
或批处理文件。

04:01:13 INFO  : XSCT server has started successfully.
04:01:13 INFO  : plnx-install-location is set to ''
04:01:13 INFO  : Successfully done setting XSCT server connection channel  
04:01:13 INFO  : Successfully done query RDI_DATADIR 
04:01:13 INFO  : Successfully done setting workspace for the tool. 
04:01:47 ERROR : (XSDB Server)ERROR: [Hsi 55-1562] Source directory C:/Users/wht20/Desktop/ece385/lab6/mb_usb_hdmi_top/hw/drivers\hdmi_text_controller_v1_0/src does not exist or is not a directory.

04:01:47 ERROR : (XSDB Server)ERROR: [Hsi 55-1545] Problem running tcl command ::sw_standalone_v9_1::post_generate : couldn't execute "mb-ar": no such file or directory
    while executing
"exec $archiver -d $libgloss_a _interrupt_handler.o"
    (procedure "::sw_standalone_v9_1::post_generate" line 18)
    invoked from within
"::sw_standalone_v9_1::post_generate standalone"
ERROR: [Hsi 55-1443] Error(s) while running TCL procedure post_generate()

04:01:48 ERROR : Failed to create platform for application project
Reason: An exception occurred while trying to add domain.
04:01:48 WARN  : An unexpected exception occurred in the module 'platform project logging'
04:01:48 INFO  : Platform creation cancelled by the user.
04:02:42 ERROR : (XSDB Server)ERROR: [Hsi 55-1571] The design file C:/Users/wht20/Desktop/ece385/lab6/mb_usb_hdmi_top/hw/mb_usb_hdmi_top.xsa is already opened

04:02:43 ERROR : (XSDB Server)ERROR: [Hsi 55-1562] Source directory C:/Users/wht20/AppData/Local/Temp/hwspec_mb_usb_hdmi_top10343356659230231073/drivers\hdmi_text_controller_v1_0/src does not exist or is not a directory.

04:02:43 ERROR : (XSDB Server)ERROR: [Hsi 55-1545] Problem running tcl command ::sw_standalone_v9_1::post_generate : couldn't execute "mb-ar": no such file or directory
    while executing
"exec $archiver -d $libgloss_a _interrupt_handler.o"
    (procedure "::sw_standalone_v9_1::post_generate" line 18)
    invoked from within
"::sw_standalone_v9_1::post_generate standalone"
ERROR: [Hsi 55-1443] Error(s) while running TCL procedure post_generate()

04:02:43 ERROR : Failed to create platform for application project
Reason: An exception occurred while trying to add domain.
04:02:43 WARN  : An unexpected exception occurred in the module 'platform project logging'
04:02:43 INFO  : Platform creation cancelled by the user.
